<?xml version="1.0" encoding="UTF-8"?>
<testsuites>
  <testsuite name="math_bug-ds.asFactor" timestamp="2026-03-17T17:05:47Z" hostname="runnervm46oaq" tests="0" skipped="0" failures="0" errors="0" time="0"/>
  <testsuite name="ds.asFactor::math::multiple" timestamp="2026-03-17T17:05:47Z" hostname="runnervm46oaq" tests="1" skipped="0" failures="0" errors="1" time="14.849">
    <testcase time="14.849" classname="ds.asFactor_math_multiple" name="every_factor_should_be_unique">
      <error type="error" message="Error: There are some DataSHIELD errors, list them with datashield.errors() ('test-math_bug-ds.asFactor.R:8:3')">Error: There are some DataSHIELD errors, list them with datashield.errors()
Backtrace:
    x
 1. \-global .test.uniqueness("D$INTEGER", "INT.f") at test-math_bug-ds.asFactor.R:8:3
 2.   \-dsBaseClient::ds.asFactor(variable.name, variable.recoded)
 3.     \-DSI::datashield.aggregate(datasources, calltext1)
 4.       \-DSI:::.handle_errors(errors.print)
 5.         \-DSI:::.checkLastErrors()
 6.           \-cli::cli_abort(...)
 7.             \-rlang::abort(...)</error>
    </testcase>
  </testsuite>
  <testsuite name="ds.asFactor::math::multiple" timestamp="2026-03-17T17:06:02Z" hostname="runnervm46oaq" tests="1" skipped="0" failures="0" errors="1" time="3.756">
    <testcase time="3.756" classname="ds.asFactor_math_multiple" name="every_factor_should_be_unique">
      <error type="error" message="Error: There are some DataSHIELD errors, list them with datashield.errors() ('test-math_bug-ds.asFactor.R:23:4')">Error: There are some DataSHIELD errors, list them with datashield.errors()
Backtrace:
    x
 1. \-global .test.uniqueness("D$INTEGER", "INT.f") at test-math_bug-ds.asFactor.R:23:4
 2.   \-dsBaseClient::ds.asFactor(variable.name, variable.recoded)
 3.     \-DSI::datashield.aggregate(datasources, calltext1)
 4.       \-DSI:::.handle_errors(errors.print)
 5.         \-DSI:::.checkLastErrors()
 6.           \-cli::cli_abort(...)
 7.             \-rlang::abort(...)</error>
    </testcase>
  </testsuite>
  <testsuite name="math_bug-ds.make" timestamp="2026-03-17T17:06:06Z" hostname="runnervm46oaq" tests="0" skipped="0" failures="0" errors="0" time="0"/>
  <testsuite name="ds.make::math::transformation::multiple" timestamp="2026-03-17T17:06:06Z" hostname="runnervm46oaq" tests="64" skipped="0" failures="0" errors="0" time="76.244">
    <testcase time="10.619" classname="ds.make_math_transformation_multiple" name="transformation"/>
    <testcase time="0.00300000000000011" classname="ds.make_math_transformation_multiple" name="transformation"/>
    <testcase time="2.287" classname="ds.make_math_transformation_multiple" name="transformation"/>
    <testcase time="0.00300000000000011" classname="ds.make_math_transformation_multiple" name="transformation"/>
    <testcase time="2.241" classname="ds.make_math_transformation_multiple" name="transformation"/>
    <testcase time="0.00300000000000011" classname="ds.make_math_transformation_multiple" name="transformation"/>
    <testcase time="2.213" classname="ds.make_math_transformation_multiple" name="transformation"/>
    <testcase time="0.00300000000000011" classname="ds.make_math_transformation_multiple" name="transformation"/>
    <testcase time="2.168" classname="ds.make_math_transformation_multiple" name="transformation"/>
    <testcase time="0.00300000000000011" classname="ds.make_math_transformation_multiple" name="transformation"/>
    <testcase time="2.162" classname="ds.make_math_transformation_multiple" name="transformation"/>
    <testcase time="0.00300000000000011" classname="ds.make_math_transformation_multiple" name="transformation"/>
    <testcase time="2.111" classname="ds.make_math_transformation_multiple" name="transformation"/>
    <testcase time="0.00400000000000489" classname="ds.make_math_transformation_multiple" name="transformation"/>
    <testcase time="2.255" classname="ds.make_math_transformation_multiple" name="transformation"/>
    <testcase time="0.00300000000000011" classname="ds.make_math_transformation_multiple" name="transformation"/>
    <testcase time="2.114" classname="ds.make_math_transformation_multiple" name="transformation"/>
    <testcase time="0.00399999999999778" classname="ds.make_math_transformation_multiple" name="transformation"/>
    <testcase time="2.131" classname="ds.make_math_transformation_multiple" name="transformation"/>
    <testcase time="0.00300000000000011" classname="ds.make_math_transformation_multiple" name="transformation"/>
    <testcase time="2.087" classname="ds.make_math_transformation_multiple" name="transformation"/>
    <testcase time="0.00399999999999778" classname="ds.make_math_transformation_multiple" name="transformation"/>
    <testcase time="2.125" classname="ds.make_math_transformation_multiple" name="transformation"/>
    <testcase time="0.00300000000000011" classname="ds.make_math_transformation_multiple" name="transformation"/>
    <testcase time="2.071" classname="ds.make_math_transformation_multiple" name="transformation"/>
    <testcase time="0.00300000000000011" classname="ds.make_math_transformation_multiple" name="transformation"/>
    <testcase time="2.14" classname="ds.make_math_transformation_multiple" name="transformation"/>
    <testcase time="0.00399999999999778" classname="ds.make_math_transformation_multiple" name="transformation"/>
    <testcase time="2.123" classname="ds.make_math_transformation_multiple" name="transformation"/>
    <testcase time="0.00399999999999778" classname="ds.make_math_transformation_multiple" name="transformation"/>
    <testcase time="2.172" classname="ds.make_math_transformation_multiple" name="transformation"/>
    <testcase time="0.00300000000000011" classname="ds.make_math_transformation_multiple" name="transformation"/>
    <testcase time="2.13800000000001" classname="ds.make_math_transformation_multiple" name="transformation"/>
    <testcase time="0.00400000000000489" classname="ds.make_math_transformation_multiple" name="transformation"/>
    <testcase time="2.065" classname="ds.make_math_transformation_multiple" name="transformation"/>
    <testcase time="0.00399999999999068" classname="ds.make_math_transformation_multiple" name="transformation"/>
    <testcase time="2.09" classname="ds.make_math_transformation_multiple" name="transformation"/>
    <testcase time="0.00300000000000011" classname="ds.make_math_transformation_multiple" name="transformation"/>
    <testcase time="2.07300000000001" classname="ds.make_math_transformation_multiple" name="transformation"/>
    <testcase time="0.00300000000000011" classname="ds.make_math_transformation_multiple" name="transformation"/>
    <testcase time="2.04899999999999" classname="ds.make_math_transformation_multiple" name="transformation"/>
    <testcase time="0.00400000000000489" classname="ds.make_math_transformation_multiple" name="transformation"/>
    <testcase time="1.999" classname="ds.make_math_transformation_multiple" name="transformation"/>
    <testcase time="0.00400000000000489" classname="ds.make_math_transformation_multiple" name="transformation"/>
    <testcase time="2.069" classname="ds.make_math_transformation_multiple" name="transformation"/>
    <testcase time="0.00300000000000011" classname="ds.make_math_transformation_multiple" name="transformation"/>
    <testcase time="2.09399999999999" classname="ds.make_math_transformation_multiple" name="transformation"/>
    <testcase time="0.00400000000000489" classname="ds.make_math_transformation_multiple" name="transformation"/>
    <testcase time="2.06099999999999" classname="ds.make_math_transformation_multiple" name="transformation"/>
    <testcase time="0.00300000000000011" classname="ds.make_math_transformation_multiple" name="transformation"/>
    <testcase time="1.976" classname="ds.make_math_transformation_multiple" name="transformation"/>
    <testcase time="0.00300000000000011" classname="ds.make_math_transformation_multiple" name="transformation"/>
    <testcase time="2.10900000000001" classname="ds.make_math_transformation_multiple" name="transformation"/>
    <testcase time="0.00300000000000011" classname="ds.make_math_transformation_multiple" name="transformation"/>
    <testcase time="2.074" classname="ds.make_math_transformation_multiple" name="transformation"/>
    <testcase time="0.00300000000000011" classname="ds.make_math_transformation_multiple" name="transformation"/>
    <testcase time="2.11099999999999" classname="ds.make_math_transformation_multiple" name="transformation"/>
    <testcase time="0.00400000000000489" classname="ds.make_math_transformation_multiple" name="transformation"/>
    <testcase time="2.11" classname="ds.make_math_transformation_multiple" name="transformation"/>
    <testcase time="0.00300000000000011" classname="ds.make_math_transformation_multiple" name="transformation"/>
    <testcase time="2.01300000000001" classname="ds.make_math_transformation_multiple" name="transformation"/>
    <testcase time="0.00399999999999068" classname="ds.make_math_transformation_multiple" name="transformation"/>
    <testcase time="2.08500000000001" classname="ds.make_math_transformation_multiple" name="transformation"/>
    <testcase time="0.00399999999999068" classname="ds.make_math_transformation_multiple" name="transformation"/>
  </testsuite>
  <testsuite name="math_bug-ds.recodeValues" timestamp="2026-03-17T17:07:22Z" hostname="runnervm46oaq" tests="0" skipped="0" failures="0" errors="0" time="0"/>
  <testsuite name="ds.recodeValues::math::single" timestamp="2026-03-17T17:07:22Z" hostname="runnervm46oaq" tests="12" skipped="0" failures="0" errors="1" time="8.051">
    <testcase time="3.35900000000001" classname="ds.recodeValues_math_single" name="difference"/>
    <testcase time="0.00600000000000023" classname="ds.recodeValues_math_single" name="difference"/>
    <testcase time="0.00499999999999545" classname="ds.recodeValues_math_single" name="difference"/>
    <testcase time="0.00600000000000023" classname="ds.recodeValues_math_single" name="difference"/>
    <testcase time="0.00499999999999545" classname="ds.recodeValues_math_single" name="difference"/>
    <testcase time="0.00500000000000966" classname="ds.recodeValues_math_single" name="difference"/>
    <testcase time="0.00500000000000966" classname="ds.recodeValues_math_single" name="difference"/>
    <testcase time="0.00499999999999545" classname="ds.recodeValues_math_single" name="difference"/>
    <testcase time="0.00499999999999545" classname="ds.recodeValues_math_single" name="difference"/>
    <testcase time="4.045" classname="ds.recodeValues_math_single" name="difference"/>
    <testcase time="0.529000000000011" classname="ds.recodeValues_math_single" name="difference"/>
    <testcase time="0.0759999999999934" classname="ds.recodeValues_math_single" name="difference">
      <error type="error" message="Error: The input object must be an integer or a numeric vector. ('test-math_bug-ds.recodeValues.R:25:3')">Error: The input object must be an integer or a numeric vector.
Backtrace:
    x
 1. \-global .test.differences.in.sets(...) at test-math_bug-ds.recodeValues.R:25:3
 2.   \-global .calc.distribution.server(variable.name)
 3.     \-dsBaseClient::ds.mean(...)</error>
    </testcase>
  </testsuite>
  <testsuite name="ds.recodeValues::math::multiple" timestamp="2026-03-17T17:07:30Z" hostname="runnervm46oaq" tests="3" skipped="0" failures="0" errors="1" time="9.078">
    <testcase time="8.202" classname="ds.recodeValues_math_multiple" name="difference">
      <system-out>NAs introduced by coercion
Backtrace:
    x
 1. \-global .test.differences.in.sets(...) at test-math_bug-ds.recodeValues.R:73:13
 2.   \-global .identify.values.unique(some.values[, column], length(values.to.replace))</system-out>
    </testcase>
    <testcase time="0.0100000000000051" classname="ds.recodeValues_math_multiple" name="difference">
      <system-out>NAs introduced by coercion
Backtrace:
    x
 1. \-global .test.differences.in.sets(...) at test-math_bug-ds.recodeValues.R:73:13
 2.   \-global .identify.values.unique(some.values[, column], length(values.to.replace))</system-out>
    </testcase>
    <testcase time="0.866" classname="ds.recodeValues_math_multiple" name="difference">
      <error type="error" message="Error: To recode NAs you need to use the 'missing' argument ('test-math_bug-ds.recodeValues.R:73:13')">Error: To recode NAs you need to use the 'missing' argument
Backtrace:
    x
 1. \-global .test.differences.in.sets(...) at test-math_bug-ds.recodeValues.R:73:13
 2.   \-global .apply.changes.server(...)
 3.     \-dsBaseClient::ds.recodeValues(...)</error>
    </testcase>
  </testsuite>
  <testsuite name="math_bug-ds.rPois" timestamp="2026-03-17T17:07:39Z" hostname="runnervm46oaq" tests="0" skipped="0" failures="0" errors="0" time="0"/>
  <testsuite name="ds.rPois::math::lambda equal mean and var::single" timestamp="2026-03-17T17:07:39Z" hostname="runnervm46oaq" tests="6" skipped="0" failures="0" errors="0" time="4.919">
    <testcase time="3.89099999999999" classname="ds.rPois_math_lambda_equal_mean_and_var_single" name="lamdba_mean_and_lambda_var"/>
    <testcase time="0.00200000000000955" classname="ds.rPois_math_lambda_equal_mean_and_var_single" name="lamdba_mean_and_lambda_var"/>
    <testcase time="0.500999999999991" classname="ds.rPois_math_lambda_equal_mean_and_var_single" name="lamdba_mean_and_lambda_var"/>
    <testcase time="0.00100000000000477" classname="ds.rPois_math_lambda_equal_mean_and_var_single" name="lamdba_mean_and_lambda_var"/>
    <testcase time="0.522000000000006" classname="ds.rPois_math_lambda_equal_mean_and_var_single" name="lamdba_mean_and_lambda_var"/>
    <testcase time="0.00199999999999534" classname="ds.rPois_math_lambda_equal_mean_and_var_single" name="lamdba_mean_and_lambda_var"/>
  </testsuite>
  <testsuite name="ds.rPois::math::lambda equal mean and var::multiple" timestamp="2026-03-17T17:07:44Z" hostname="runnervm46oaq" tests="6" skipped="0" failures="0" errors="0" time="12.673">
    <testcase time="9.62299999999999" classname="ds.rPois_math_lambda_equal_mean_and_var_multiple" name="lamdba_mean_and_lambda_var"/>
    <testcase time="0.00200000000000955" classname="ds.rPois_math_lambda_equal_mean_and_var_multiple" name="lamdba_mean_and_lambda_var"/>
    <testcase time="1.499" classname="ds.rPois_math_lambda_equal_mean_and_var_multiple" name="lamdba_mean_and_lambda_var"/>
    <testcase time="0.00200000000000955" classname="ds.rPois_math_lambda_equal_mean_and_var_multiple" name="lamdba_mean_and_lambda_var"/>
    <testcase time="1.54499999999999" classname="ds.rPois_math_lambda_equal_mean_and_var_multiple" name="lamdba_mean_and_lambda_var"/>
    <testcase time="0.00200000000000955" classname="ds.rPois_math_lambda_equal_mean_and_var_multiple" name="lamdba_mean_and_lambda_var"/>
  </testsuite>
  <testsuite name="ds.rPois::math::distributions comparison::multiple" timestamp="2026-03-17T17:07:57Z" hostname="runnervm46oaq" tests="10" skipped="0" failures="10" errors="0" time="23.453">
    <testcase time="11.189" classname="ds.rPois_math_distributions_comparison_multiple" name="changes_in_distribution">
      <failure type="failure" message="Expected `errors[ds.test_env$MEAN]` to equal 0. ('test-math_bug-ds.rPois.R:33:3')">Expected `errors[ds.test_env$MEAN]` to equal 0.
Differences:
Lengths differ: 0 is not 1
Backtrace:
    x
 1. \-global .test.dispersions.stats.same.distribution(seed, c(6), seed, c(6)) at test-math_bug-ds.rPois.R:33:3
 2.   \-testthat::expect_equal(errors[ds.test_env$MEAN], 0, tolerance = ds.test_env$tolerance)</failure>
    </testcase>
    <testcase time="0.0190000000000055" classname="ds.rPois_math_distributions_comparison_multiple" name="changes_in_distribution">
      <failure type="failure" message="Expected `errors[ds.test_env$VARIANCE]` to equal 0. ('test-math_bug-ds.rPois.R:33:3')">Expected `errors[ds.test_env$VARIANCE]` to equal 0.
Differences:
Lengths differ: 0 is not 1
Backtrace:
    x
 1. \-global .test.dispersions.stats.same.distribution(seed, c(6), seed, c(6)) at test-math_bug-ds.rPois.R:33:3
 2.   \-testthat::expect_equal(errors[ds.test_env$VARIANCE], 0, tolerance = ds.test_env$tolerance)</failure>
    </testcase>
    <testcase time="3.072" classname="ds.rPois_math_distributions_comparison_multiple" name="changes_in_distribution">
      <failure type="failure" message="Expected `errors[ds.test_env$MEAN]` to equal `lambda.first.dist - lambda.second.dist`. ('test-math_bug-ds.rPois.R:34:3')">Expected `errors[ds.test_env$MEAN]` to equal `lambda.first.dist - lambda.second.dist`.
Differences:
Lengths differ: 0 is not 1
Backtrace:
    x
 1. \-global .test.dispersions.stats.diff.distribution(...) at test-math_bug-ds.rPois.R:34:3
 2.   \-testthat::expect_equal(...)</failure>
    </testcase>
    <testcase time="0.0200000000000102" classname="ds.rPois_math_distributions_comparison_multiple" name="changes_in_distribution">
      <failure type="failure" message="Expected `errors[ds.test_env$VARIANCE]` to equal `lambda.first.dist - lambda.second.dist`. ('test-math_bug-ds.rPois.R:34:3')">Expected `errors[ds.test_env$VARIANCE]` to equal `lambda.first.dist - lambda.second.dist`.
Differences:
Lengths differ: 0 is not 1
Backtrace:
    x
 1. \-global .test.dispersions.stats.diff.distribution(...) at test-math_bug-ds.rPois.R:34:3
 2.   \-testthat::expect_equal(...)</failure>
    </testcase>
    <testcase time="2.98699999999999" classname="ds.rPois_math_distributions_comparison_multiple" name="changes_in_distribution">
      <failure type="failure" message="Expected `errors[ds.test_env$MEAN]` to equal `lambda.first.dist - lambda.second.dist`. ('test-math_bug-ds.rPois.R:35:3')">Expected `errors[ds.test_env$MEAN]` to equal `lambda.first.dist - lambda.second.dist`.
Differences:
Lengths differ: 0 is not 1
Backtrace:
    x
 1. \-global .test.dispersions.stats.diff.distribution(...) at test-math_bug-ds.rPois.R:35:3
 2.   \-testthat::expect_equal(...)</failure>
    </testcase>
    <testcase time="0.0190000000000055" classname="ds.rPois_math_distributions_comparison_multiple" name="changes_in_distribution">
      <failure type="failure" message="Expected `errors[ds.test_env$VARIANCE]` to equal `lambda.first.dist - lambda.second.dist`. ('test-math_bug-ds.rPois.R:35:3')">Expected `errors[ds.test_env$VARIANCE]` to equal `lambda.first.dist - lambda.second.dist`.
Differences:
Lengths differ: 0 is not 1
Backtrace:
    x
 1. \-global .test.dispersions.stats.diff.distribution(...) at test-math_bug-ds.rPois.R:35:3
 2.   \-testthat::expect_equal(...)</failure>
    </testcase>
    <testcase time="3.03299999999999" classname="ds.rPois_math_distributions_comparison_multiple" name="changes_in_distribution">
      <failure type="failure" message="Expected `errors[ds.test_env$MEAN]` to equal `lambda.first.dist - lambda.second.dist`. ('test-math_bug-ds.rPois.R:36:3')">Expected `errors[ds.test_env$MEAN]` to equal `lambda.first.dist - lambda.second.dist`.
Differences:
Lengths differ: 0 is not 1
Backtrace:
    x
 1. \-global .test.dispersions.stats.diff.distribution(...) at test-math_bug-ds.rPois.R:36:3
 2.   \-testthat::expect_equal(...)</failure>
    </testcase>
    <testcase time="0.0200000000000102" classname="ds.rPois_math_distributions_comparison_multiple" name="changes_in_distribution">
      <failure type="failure" message="Expected `errors[ds.test_env$VARIANCE]` to equal `lambda.first.dist - lambda.second.dist`. ('test-math_bug-ds.rPois.R:36:3')">Expected `errors[ds.test_env$VARIANCE]` to equal `lambda.first.dist - lambda.second.dist`.
Differences:
Lengths differ: 0 is not 1
Backtrace:
    x
 1. \-global .test.dispersions.stats.diff.distribution(...) at test-math_bug-ds.rPois.R:36:3
 2.   \-testthat::expect_equal(...)</failure>
    </testcase>
    <testcase time="3.07399999999998" classname="ds.rPois_math_distributions_comparison_multiple" name="changes_in_distribution">
      <failure type="failure" message="Expected `errors[ds.test_env$MEAN]` to equal `lambda.first.dist - lambda.second.dist`. ('test-math_bug-ds.rPois.R:37:3')">Expected `errors[ds.test_env$MEAN]` to equal `lambda.first.dist - lambda.second.dist`.
Differences:
Lengths differ: 0 is not 1
Backtrace:
    x
 1. \-global .test.dispersions.stats.diff.distribution(...) at test-math_bug-ds.rPois.R:37:3
 2.   \-testthat::expect_equal(...)</failure>
    </testcase>
    <testcase time="0.0200000000000102" classname="ds.rPois_math_distributions_comparison_multiple" name="changes_in_distribution">
      <failure type="failure" message="Expected `errors[ds.test_env$VARIANCE]` to equal `lambda.first.dist - lambda.second.dist`. ('test-math_bug-ds.rPois.R:37:3')">Expected `errors[ds.test_env$VARIANCE]` to equal `lambda.first.dist - lambda.second.dist`.
Differences:
Lengths differ: 0 is not 1
Backtrace:
    x
 1. \-global .test.dispersions.stats.diff.distribution(...) at test-math_bug-ds.rPois.R:37:3
 2.   \-testthat::expect_equal(...)</failure>
    </testcase>
  </testsuite>
  <testsuite name="ds.rPois::math::distributions comparison::single" timestamp="2026-03-17T17:08:20Z" hostname="runnervm46oaq" tests="6" skipped="0" failures="6" errors="0" time="6.685">
    <testcase time="4.55799999999999" classname="ds.rPois_math_distributions_comparison_single" name="changes_in_distribution">
      <failure type="failure" message="Expected `errors[ds.test_env$MEAN]` to equal 0. ('test-math_bug-ds.rPois.R:45:3')">Expected `errors[ds.test_env$MEAN]` to equal 0.
Differences:
Lengths differ: 0 is not 1
Backtrace:
    x
 1. \-global .test.dispersions.stats.same.distribution(seed, c(6), seed, c(6)) at test-math_bug-ds.rPois.R:45:3
 2.   \-testthat::expect_equal(errors[ds.test_env$MEAN], 0, tolerance = ds.test_env$tolerance)</failure>
    </testcase>
    <testcase time="0.0190000000000055" classname="ds.rPois_math_distributions_comparison_single" name="changes_in_distribution">
      <failure type="failure" message="Expected `errors[ds.test_env$VARIANCE]` to equal 0. ('test-math_bug-ds.rPois.R:45:3')">Expected `errors[ds.test_env$VARIANCE]` to equal 0.
Differences:
Lengths differ: 0 is not 1
Backtrace:
    x
 1. \-global .test.dispersions.stats.same.distribution(seed, c(6), seed, c(6)) at test-math_bug-ds.rPois.R:45:3
 2.   \-testthat::expect_equal(errors[ds.test_env$VARIANCE], 0, tolerance = ds.test_env$tolerance)</failure>
    </testcase>
    <testcase time="0.961999999999989" classname="ds.rPois_math_distributions_comparison_single" name="changes_in_distribution">
      <failure type="failure" message="Expected `errors[ds.test_env$MEAN]` to equal `lambda.first.dist - lambda.second.dist`. ('test-math_bug-ds.rPois.R:46:3')">Expected `errors[ds.test_env$MEAN]` to equal `lambda.first.dist - lambda.second.dist`.
Differences:
Lengths differ: 0 is not 1
Backtrace:
    x
 1. \-global .test.dispersions.stats.diff.distribution(...) at test-math_bug-ds.rPois.R:46:3
 2.   \-testthat::expect_equal(...)</failure>
    </testcase>
    <testcase time="0.0190000000000055" classname="ds.rPois_math_distributions_comparison_single" name="changes_in_distribution">
      <failure type="failure" message="Expected `errors[ds.test_env$VARIANCE]` to equal `lambda.first.dist - lambda.second.dist`. ('test-math_bug-ds.rPois.R:46:3')">Expected `errors[ds.test_env$VARIANCE]` to equal `lambda.first.dist - lambda.second.dist`.
Differences:
Lengths differ: 0 is not 1
Backtrace:
    x
 1. \-global .test.dispersions.stats.diff.distribution(...) at test-math_bug-ds.rPois.R:46:3
 2.   \-testthat::expect_equal(...)</failure>
    </testcase>
    <testcase time="1.108" classname="ds.rPois_math_distributions_comparison_single" name="changes_in_distribution">
      <failure type="failure" message="Expected `errors[ds.test_env$MEAN]` to equal `lambda.first.dist - lambda.second.dist`. ('test-math_bug-ds.rPois.R:47:3')">Expected `errors[ds.test_env$MEAN]` to equal `lambda.first.dist - lambda.second.dist`.
Differences:
Lengths differ: 0 is not 1
Backtrace:
    x
 1. \-global .test.dispersions.stats.diff.distribution(...) at test-math_bug-ds.rPois.R:47:3
 2.   \-testthat::expect_equal(...)</failure>
    </testcase>
    <testcase time="0.0190000000000055" classname="ds.rPois_math_distributions_comparison_single" name="changes_in_distribution">
      <failure type="failure" message="Expected `errors[ds.test_env$VARIANCE]` to equal `lambda.first.dist - lambda.second.dist`. ('test-math_bug-ds.rPois.R:47:3')">Expected `errors[ds.test_env$VARIANCE]` to equal `lambda.first.dist - lambda.second.dist`.
Differences:
Lengths differ: 0 is not 1
Backtrace:
    x
 1. \-global .test.dispersions.stats.diff.distribution(...) at test-math_bug-ds.rPois.R:47:3
 2.   \-testthat::expect_equal(...)</failure>
    </testcase>
  </testsuite>
  <testsuite name="math_bug-ds.rUnif" timestamp="2026-03-17T17:08:27Z" hostname="runnervm46oaq" tests="0" skipped="0" failures="0" errors="0" time="0"/>
  <testsuite name="ds.rUnif::math::mean_variance::single" timestamp="2026-03-17T17:08:27Z" hostname="runnervm46oaq" tests="12" skipped="0" failures="6" errors="0" time="5.006">
    <testcase time="3.875" classname="ds.rUnif_math_mean_variance_single" name="mean_variance">
      <failure type="failure" message="Expected `dist.stats[5]` to equal `max.value`. ('test-math_bug-ds.rUnif.R:21:3')">Expected `dist.stats[5]` to equal `max.value`.
Differences:
1/1 mismatches
[1] NA - 2 == NA
Backtrace:
    x
 1. \-global .test.range.values(1, 2, "uniform_1", seed) at test-math_bug-ds.rUnif.R:21:3
 2.   \-testthat::expect_equal(dist.stats[5], max.value, tolerance = 10^2)</failure>
    </testcase>
    <testcase time="0.0199999999999818" classname="ds.rUnif_math_mean_variance_single" name="mean_variance">
      <failure type="failure" message="Expected `dist.stats[4]` to equal `min.value`. ('test-math_bug-ds.rUnif.R:21:3')">Expected `dist.stats[4]` to equal `min.value`.
Differences:
1/1 mismatches
[1] NA - 1 == NA
Backtrace:
    x
 1. \-global .test.range.values(1, 2, "uniform_1", seed) at test-math_bug-ds.rUnif.R:21:3
 2.   \-testthat::expect_equal(dist.stats[4], min.value, tolerance = 10^2)</failure>
    </testcase>
    <testcase time="0.0160000000000196" classname="ds.rUnif_math_mean_variance_single" name="mean_variance"/>
    <testcase time="0.000999999999976353" classname="ds.rUnif_math_mean_variance_single" name="mean_variance"/>
    <testcase time="0.51600000000002" classname="ds.rUnif_math_mean_variance_single" name="mean_variance">
      <failure type="failure" message="Expected `dist.stats[5]` to equal `max.value`. ('test-math_bug-ds.rUnif.R:22:3')">Expected `dist.stats[5]` to equal `max.value`.
Differences:
1/1 mismatches
[1] NA - 2 == NA
Backtrace:
    x
 1. \-global .test.range.values(-1, 2, "uniform_2", seed) at test-math_bug-ds.rUnif.R:22:3
 2.   \-testthat::expect_equal(dist.stats[5], max.value, tolerance = 10^2)</failure>
    </testcase>
    <testcase time="0.0190000000000055" classname="ds.rUnif_math_mean_variance_single" name="mean_variance">
      <failure type="failure" message="Expected `dist.stats[4]` to equal `min.value`. ('test-math_bug-ds.rUnif.R:22:3')">Expected `dist.stats[4]` to equal `min.value`.
Differences:
1/1 mismatches
[1] NA - -1 == NA
Backtrace:
    x
 1. \-global .test.range.values(-1, 2, "uniform_2", seed) at test-math_bug-ds.rUnif.R:22:3
 2.   \-testthat::expect_equal(dist.stats[4], min.value, tolerance = 10^2)</failure>
    </testcase>
    <testcase time="0.0209999999999866" classname="ds.rUnif_math_mean_variance_single" name="mean_variance"/>
    <testcase time="0.00100000000000477" classname="ds.rUnif_math_mean_variance_single" name="mean_variance"/>
    <testcase time="0.501000000000005" classname="ds.rUnif_math_mean_variance_single" name="mean_variance">
      <failure type="failure" message="Expected `dist.stats[5]` to equal `max.value`. ('test-math_bug-ds.rUnif.R:23:3')">Expected `dist.stats[5]` to equal `max.value`.
Differences:
1/1 mismatches
[1] NA - -100 == NA
Backtrace:
    x
 1. \-global .test.range.values(-200, -100, "uniform_3", seed) at test-math_bug-ds.rUnif.R:23:3
 2.   \-testthat::expect_equal(dist.stats[5], max.value, tolerance = 10^2)</failure>
    </testcase>
    <testcase time="0.018999999999977" classname="ds.rUnif_math_mean_variance_single" name="mean_variance">
      <failure type="failure" message="Expected `dist.stats[4]` to equal `min.value`. ('test-math_bug-ds.rUnif.R:23:3')">Expected `dist.stats[4]` to equal `min.value`.
Differences:
1/1 mismatches
[1] NA - -200 == NA
Backtrace:
    x
 1. \-global .test.range.values(-200, -100, "uniform_3", seed) at test-math_bug-ds.rUnif.R:23:3
 2.   \-testthat::expect_equal(dist.stats[4], min.value, tolerance = 10^2)</failure>
    </testcase>
    <testcase time="0.0150000000000148" classname="ds.rUnif_math_mean_variance_single" name="mean_variance"/>
    <testcase time="0.00199999999998113" classname="ds.rUnif_math_mean_variance_single" name="mean_variance"/>
  </testsuite>
  <testsuite name="ds.rUnif::math::distributions comparison::single" timestamp="2026-03-17T17:08:32Z" hostname="runnervm46oaq" tests="12" skipped="0" failures="0" errors="0" time="9.253">
    <testcase time="4.25800000000001" classname="ds.rUnif_math_distributions_comparison_single" name="changes_in_distribution"/>
    <testcase time="0.00100000000000477" classname="ds.rUnif_math_distributions_comparison_single" name="changes_in_distribution"/>
    <testcase time="1.03299999999999" classname="ds.rUnif_math_distributions_comparison_single" name="changes_in_distribution"/>
    <testcase time="0.00100000000000477" classname="ds.rUnif_math_distributions_comparison_single" name="changes_in_distribution"/>
    <testcase time="0.973000000000013" classname="ds.rUnif_math_distributions_comparison_single" name="changes_in_distribution"/>
    <testcase time="0.00199999999998113" classname="ds.rUnif_math_distributions_comparison_single" name="changes_in_distribution"/>
    <testcase time="1.01600000000002" classname="ds.rUnif_math_distributions_comparison_single" name="changes_in_distribution"/>
    <testcase time="0.00199999999998113" classname="ds.rUnif_math_distributions_comparison_single" name="changes_in_distribution"/>
    <testcase time="0.962000000000018" classname="ds.rUnif_math_distributions_comparison_single" name="changes_in_distribution"/>
    <testcase time="0.00199999999998113" classname="ds.rUnif_math_distributions_comparison_single" name="changes_in_distribution"/>
    <testcase time="1.00200000000001" classname="ds.rUnif_math_distributions_comparison_single" name="changes_in_distribution"/>
    <testcase time="0.00100000000000477" classname="ds.rUnif_math_distributions_comparison_single" name="changes_in_distribution"/>
  </testsuite>
  <testsuite name="ds.rUnif::math::distributions comparison::multiple" timestamp="2026-03-17T17:08:41Z" hostname="runnervm46oaq" tests="12" skipped="0" failures="0" errors="0" time="26.134">
    <testcase time="11.114" classname="ds.rUnif_math_distributions_comparison_multiple" name="changes_in_distribution"/>
    <testcase time="0.00199999999998113" classname="ds.rUnif_math_distributions_comparison_multiple" name="changes_in_distribution"/>
    <testcase time="3.10500000000002" classname="ds.rUnif_math_distributions_comparison_multiple" name="changes_in_distribution"/>
    <testcase time="0.00199999999998113" classname="ds.rUnif_math_distributions_comparison_multiple" name="changes_in_distribution"/>
    <testcase time="2.90000000000001" classname="ds.rUnif_math_distributions_comparison_multiple" name="changes_in_distribution"/>
    <testcase time="0.00200000000000955" classname="ds.rUnif_math_distributions_comparison_multiple" name="changes_in_distribution"/>
    <testcase time="2.91299999999998" classname="ds.rUnif_math_distributions_comparison_multiple" name="changes_in_distribution"/>
    <testcase time="0.00300000000001432" classname="ds.rUnif_math_distributions_comparison_multiple" name="changes_in_distribution"/>
    <testcase time="3.03800000000001" classname="ds.rUnif_math_distributions_comparison_multiple" name="changes_in_distribution"/>
    <testcase time="0.000999999999976353" classname="ds.rUnif_math_distributions_comparison_multiple" name="changes_in_distribution"/>
    <testcase time="3.05200000000002" classname="ds.rUnif_math_distributions_comparison_multiple" name="changes_in_distribution"/>
    <testcase time="0.00199999999998113" classname="ds.rUnif_math_distributions_comparison_multiple" name="changes_in_distribution"/>
  </testsuite>
  <testsuite name="math_bug-ds.table" timestamp="2026-03-17T17:09:07Z" hostname="runnervm46oaq" tests="0" skipped="0" failures="0" errors="0" time="0"/>
  <testsuite name="ds.table::math::row and col proportions::multiple" timestamp="2026-03-17T17:09:07Z" hostname="runnervm46oaq" tests="1" skipped="0" failures="0" errors="1" time="0.012">
    <testcase time="0.0120000000000005" classname="ds.table_math_row_and_col_proportions_multiple" name="row_and_col_proportions_sum_to_1">
      <error type="error" message="Error in `connect.testing.group.dataset.1()`: could not find function &quot;connect.testing.group.dataset.1&quot; ('test-math_bug-ds.table.R:16:13')">Error in `connect.testing.group.dataset.1()`: could not find function "connect.testing.group.dataset.1"</error>
    </testcase>
  </testsuite>
</testsuites>
