<?xml version="1.0" encoding="UTF-8"?>
<testsuites>
  <testsuite name="expt_dgr-ds.dataFrameSort" timestamp="2026-03-17T17:02:20Z" hostname="runnervm46oaq" tests="0" skipped="0" failures="0" errors="0" time="0"/>
  <testsuite name="ds.dataFrameSort::expt_dgr::setup" timestamp="2026-03-17T17:02:20Z" hostname="runnervm46oaq" tests="0" skipped="0" failures="0" errors="0" time="0"/>
  <testsuite name="ds.dataFrameSort::expt_dgr::multiple::correct_parameter_class" timestamp="2026-03-17T17:02:20Z" hostname="runnervm46oaq" tests="1" skipped="1" failures="0" errors="0" time="28.918">
    <testcase time="28.918" classname="ds.dataFrameSort_expt_dgr_multiple_correct_parameter_class" name="all_datasets">
      <skipped message="Reason: empty test ('test-expt_dgr-ds.dataFrameSort.R:25:1')"/>
    </testcase>
  </testsuite>
  <testsuite name="ds.dataFrameSort::expt_dgr::single::correct_parameter_class" timestamp="2026-03-17T17:02:48Z" hostname="runnervm46oaq" tests="1" skipped="1" failures="0" errors="0" time="4.774">
    <testcase time="4.774" classname="ds.dataFrameSort_expt_dgr_single_correct_parameter_class" name="dataset_2">
      <skipped message="Reason: empty test ('test-expt_dgr-ds.dataFrameSort.R:44:1')"/>
    </testcase>
  </testsuite>
  <testsuite name="ds.dataFrameSort::expt_dgr::multiple::incorrect_parameter_class" timestamp="2026-03-17T17:02:53Z" hostname="runnervm46oaq" tests="7" skipped="0" failures="0" errors="0" time="11.131">
    <testcase time="7.806" classname="ds.dataFrameSort_expt_dgr_multiple_incorrect_parameter_class" name="all_datasets"/>
    <testcase time="0.364999999999995" classname="ds.dataFrameSort_expt_dgr_multiple_incorrect_parameter_class" name="all_datasets"/>
    <testcase time="0.327000000000005" classname="ds.dataFrameSort_expt_dgr_multiple_incorrect_parameter_class" name="all_datasets"/>
    <testcase time="0.330999999999996" classname="ds.dataFrameSort_expt_dgr_multiple_incorrect_parameter_class" name="all_datasets"/>
    <testcase time="0.291000000000004" classname="ds.dataFrameSort_expt_dgr_multiple_incorrect_parameter_class" name="all_datasets"/>
    <testcase time="1.684" classname="ds.dataFrameSort_expt_dgr_multiple_incorrect_parameter_class" name="all_datasets"/>
    <testcase time="0.326999999999998" classname="ds.dataFrameSort_expt_dgr_multiple_incorrect_parameter_class" name="all_datasets"/>
  </testsuite>
  <testsuite name="ds.dataFrameSort::expt_dgr::single::incorrect_parameter_class" timestamp="2026-03-17T17:03:04Z" hostname="runnervm46oaq" tests="7" skipped="0" failures="0" errors="0" time="4.136">
    <testcase time="3.075" classname="ds.dataFrameSort_expt_dgr_single_incorrect_parameter_class" name="dataset_2"/>
    <testcase time="0.116999999999997" classname="ds.dataFrameSort_expt_dgr_single_incorrect_parameter_class" name="dataset_2"/>
    <testcase time="0.170999999999999" classname="ds.dataFrameSort_expt_dgr_single_incorrect_parameter_class" name="dataset_2"/>
    <testcase time="0.115000000000002" classname="ds.dataFrameSort_expt_dgr_single_incorrect_parameter_class" name="dataset_2"/>
    <testcase time="0.131999999999998" classname="ds.dataFrameSort_expt_dgr_single_incorrect_parameter_class" name="dataset_2"/>
    <testcase time="0.407000000000004" classname="ds.dataFrameSort_expt_dgr_single_incorrect_parameter_class" name="dataset_2"/>
    <testcase time="0.119" classname="ds.dataFrameSort_expt_dgr_single_incorrect_parameter_class" name="dataset_2"/>
  </testsuite>
  <testsuite name="ds.dataFrameSort::expt_dgr::multiple::df::creation" timestamp="2026-03-17T17:03:08Z" hostname="runnervm46oaq" tests="77" skipped="0" failures="0" errors="0" time="28.211">
    <testcase time="9.567" classname="ds.dataFrameSort_expt_dgr_multiple_df_creation" name="all_datasets"/>
    <testcase time="0.00300000000000011" classname="ds.dataFrameSort_expt_dgr_multiple_df_creation" name="all_datasets"/>
    <testcase time="0.00200000000000244" classname="ds.dataFrameSort_expt_dgr_multiple_df_creation" name="all_datasets"/>
    <testcase time="0.00300000000000011" classname="ds.dataFrameSort_expt_dgr_multiple_df_creation" name="all_datasets"/>
    <testcase time="0.00199999999999534" classname="ds.dataFrameSort_expt_dgr_multiple_df_creation" name="all_datasets"/>
    <testcase time="0.000999999999997669" classname="ds.dataFrameSort_expt_dgr_multiple_df_creation" name="all_datasets"/>
    <testcase time="0.00100000000000477" classname="ds.dataFrameSort_expt_dgr_multiple_df_creation" name="all_datasets"/>
    <testcase time="1.835" classname="ds.dataFrameSort_expt_dgr_multiple_df_creation" name="all_datasets"/>
    <testcase time="0.00300000000000011" classname="ds.dataFrameSort_expt_dgr_multiple_df_creation" name="all_datasets"/>
    <testcase time="0.00300000000000011" classname="ds.dataFrameSort_expt_dgr_multiple_df_creation" name="all_datasets"/>
    <testcase time="0.00300000000000011" classname="ds.dataFrameSort_expt_dgr_multiple_df_creation" name="all_datasets"/>
    <testcase time="0.000999999999997669" classname="ds.dataFrameSort_expt_dgr_multiple_df_creation" name="all_datasets"/>
    <testcase time="0.00200000000000244" classname="ds.dataFrameSort_expt_dgr_multiple_df_creation" name="all_datasets"/>
    <testcase time="0.000999999999997669" classname="ds.dataFrameSort_expt_dgr_multiple_df_creation" name="all_datasets"/>
    <testcase time="1.883" classname="ds.dataFrameSort_expt_dgr_multiple_df_creation" name="all_datasets"/>
    <testcase time="0.00300000000000011" classname="ds.dataFrameSort_expt_dgr_multiple_df_creation" name="all_datasets"/>
    <testcase time="0.00300000000000011" classname="ds.dataFrameSort_expt_dgr_multiple_df_creation" name="all_datasets"/>
    <testcase time="0.00199999999999534" classname="ds.dataFrameSort_expt_dgr_multiple_df_creation" name="all_datasets"/>
    <testcase time="0.00199999999999534" classname="ds.dataFrameSort_expt_dgr_multiple_df_creation" name="all_datasets"/>
    <testcase time="0.00100000000000477" classname="ds.dataFrameSort_expt_dgr_multiple_df_creation" name="all_datasets"/>
    <testcase time="0.00100000000000477" classname="ds.dataFrameSort_expt_dgr_multiple_df_creation" name="all_datasets"/>
    <testcase time="1.86200000000001" classname="ds.dataFrameSort_expt_dgr_multiple_df_creation" name="all_datasets"/>
    <testcase time="0.00300000000000011" classname="ds.dataFrameSort_expt_dgr_multiple_df_creation" name="all_datasets"/>
    <testcase time="0.00300000000000011" classname="ds.dataFrameSort_expt_dgr_multiple_df_creation" name="all_datasets"/>
    <testcase time="0.00199999999999534" classname="ds.dataFrameSort_expt_dgr_multiple_df_creation" name="all_datasets"/>
    <testcase time="0.00199999999999534" classname="ds.dataFrameSort_expt_dgr_multiple_df_creation" name="all_datasets"/>
    <testcase time="0.00100000000000477" classname="ds.dataFrameSort_expt_dgr_multiple_df_creation" name="all_datasets"/>
    <testcase time="0.00199999999999534" classname="ds.dataFrameSort_expt_dgr_multiple_df_creation" name="all_datasets"/>
    <testcase time="1.79300000000001" classname="ds.dataFrameSort_expt_dgr_multiple_df_creation" name="all_datasets"/>
    <testcase time="0.00300000000000011" classname="ds.dataFrameSort_expt_dgr_multiple_df_creation" name="all_datasets"/>
    <testcase time="0.00300000000000011" classname="ds.dataFrameSort_expt_dgr_multiple_df_creation" name="all_datasets"/>
    <testcase time="0.00199999999999534" classname="ds.dataFrameSort_expt_dgr_multiple_df_creation" name="all_datasets"/>
    <testcase time="0.00200000000000955" classname="ds.dataFrameSort_expt_dgr_multiple_df_creation" name="all_datasets"/>
    <testcase time="0.000999999999990564" classname="ds.dataFrameSort_expt_dgr_multiple_df_creation" name="all_datasets"/>
    <testcase time="0.00200000000000955" classname="ds.dataFrameSort_expt_dgr_multiple_df_creation" name="all_datasets"/>
    <testcase time="1.869" classname="ds.dataFrameSort_expt_dgr_multiple_df_creation" name="all_datasets"/>
    <testcase time="0.00300000000000011" classname="ds.dataFrameSort_expt_dgr_multiple_df_creation" name="all_datasets"/>
    <testcase time="0.00199999999999534" classname="ds.dataFrameSort_expt_dgr_multiple_df_creation" name="all_datasets"/>
    <testcase time="0.00300000000000011" classname="ds.dataFrameSort_expt_dgr_multiple_df_creation" name="all_datasets"/>
    <testcase time="0.00199999999999534" classname="ds.dataFrameSort_expt_dgr_multiple_df_creation" name="all_datasets"/>
    <testcase time="0.00100000000000477" classname="ds.dataFrameSort_expt_dgr_multiple_df_creation" name="all_datasets"/>
    <testcase time="0.00199999999999534" classname="ds.dataFrameSort_expt_dgr_multiple_df_creation" name="all_datasets"/>
    <testcase time="1.858" classname="ds.dataFrameSort_expt_dgr_multiple_df_creation" name="all_datasets"/>
    <testcase time="0.00300000000000011" classname="ds.dataFrameSort_expt_dgr_multiple_df_creation" name="all_datasets"/>
    <testcase time="0.00199999999999534" classname="ds.dataFrameSort_expt_dgr_multiple_df_creation" name="all_datasets"/>
    <testcase time="0.00300000000000011" classname="ds.dataFrameSort_expt_dgr_multiple_df_creation" name="all_datasets"/>
    <testcase time="0.00200000000000955" classname="ds.dataFrameSort_expt_dgr_multiple_df_creation" name="all_datasets"/>
    <testcase time="0.000999999999990564" classname="ds.dataFrameSort_expt_dgr_multiple_df_creation" name="all_datasets"/>
    <testcase time="0.00200000000000955" classname="ds.dataFrameSort_expt_dgr_multiple_df_creation" name="all_datasets"/>
    <testcase time="1.905" classname="ds.dataFrameSort_expt_dgr_multiple_df_creation" name="all_datasets"/>
    <testcase time="0.00300000000000011" classname="ds.dataFrameSort_expt_dgr_multiple_df_creation" name="all_datasets"/>
    <testcase time="0.00300000000000011" classname="ds.dataFrameSort_expt_dgr_multiple_df_creation" name="all_datasets"/>
    <testcase time="0.00300000000000011" classname="ds.dataFrameSort_expt_dgr_multiple_df_creation" name="all_datasets"/>
    <testcase time="0.000999999999990564" classname="ds.dataFrameSort_expt_dgr_multiple_df_creation" name="all_datasets"/>
    <testcase time="0.00200000000000955" classname="ds.dataFrameSort_expt_dgr_multiple_df_creation" name="all_datasets"/>
    <testcase time="0.000999999999990564" classname="ds.dataFrameSort_expt_dgr_multiple_df_creation" name="all_datasets"/>
    <testcase time="1.822" classname="ds.dataFrameSort_expt_dgr_multiple_df_creation" name="all_datasets"/>
    <testcase time="0.00300000000000011" classname="ds.dataFrameSort_expt_dgr_multiple_df_creation" name="all_datasets"/>
    <testcase time="0.00300000000000011" classname="ds.dataFrameSort_expt_dgr_multiple_df_creation" name="all_datasets"/>
    <testcase time="0.00199999999999534" classname="ds.dataFrameSort_expt_dgr_multiple_df_creation" name="all_datasets"/>
    <testcase time="0.00100000000000477" classname="ds.dataFrameSort_expt_dgr_multiple_df_creation" name="all_datasets"/>
    <testcase time="0.00199999999999534" classname="ds.dataFrameSort_expt_dgr_multiple_df_creation" name="all_datasets"/>
    <testcase time="0.00100000000000477" classname="ds.dataFrameSort_expt_dgr_multiple_df_creation" name="all_datasets"/>
    <testcase time="1.82299999999999" classname="ds.dataFrameSort_expt_dgr_multiple_df_creation" name="all_datasets"/>
    <testcase time="0.00300000000000011" classname="ds.dataFrameSort_expt_dgr_multiple_df_creation" name="all_datasets"/>
    <testcase time="0.00300000000000011" classname="ds.dataFrameSort_expt_dgr_multiple_df_creation" name="all_datasets"/>
    <testcase time="0.00199999999999534" classname="ds.dataFrameSort_expt_dgr_multiple_df_creation" name="all_datasets"/>
    <testcase time="0.00200000000000955" classname="ds.dataFrameSort_expt_dgr_multiple_df_creation" name="all_datasets"/>
    <testcase time="0.00199999999999534" classname="ds.dataFrameSort_expt_dgr_multiple_df_creation" name="all_datasets"/>
    <testcase time="0.00100000000000477" classname="ds.dataFrameSort_expt_dgr_multiple_df_creation" name="all_datasets"/>
    <testcase time="1.854" classname="ds.dataFrameSort_expt_dgr_multiple_df_creation" name="all_datasets"/>
    <testcase time="0.00300000000000011" classname="ds.dataFrameSort_expt_dgr_multiple_df_creation" name="all_datasets"/>
    <testcase time="0.00300000000000011" classname="ds.dataFrameSort_expt_dgr_multiple_df_creation" name="all_datasets"/>
    <testcase time="0.00199999999999534" classname="ds.dataFrameSort_expt_dgr_multiple_df_creation" name="all_datasets"/>
    <testcase time="0.00199999999999534" classname="ds.dataFrameSort_expt_dgr_multiple_df_creation" name="all_datasets"/>
    <testcase time="0.00200000000000955" classname="ds.dataFrameSort_expt_dgr_multiple_df_creation" name="all_datasets"/>
    <testcase time="0.000999999999990564" classname="ds.dataFrameSort_expt_dgr_multiple_df_creation" name="all_datasets"/>
  </testsuite>
  <testsuite name="ds.dataFrameSort::expt_dgr::single::df::creation" timestamp="2026-03-17T17:03:37Z" hostname="runnervm46oaq" tests="33" skipped="0" failures="0" errors="0" time="9.979">
    <testcase time="3.703" classname="ds.dataFrameSort_expt_dgr_single_df_creation" name="dataset_3"/>
    <testcase time="0.00300000000000011" classname="ds.dataFrameSort_expt_dgr_single_df_creation" name="dataset_3"/>
    <testcase time="0.00200000000000955" classname="ds.dataFrameSort_expt_dgr_single_df_creation" name="dataset_3"/>
    <testcase time="0.625999999999991" classname="ds.dataFrameSort_expt_dgr_single_df_creation" name="dataset_3"/>
    <testcase time="0.00300000000000011" classname="ds.dataFrameSort_expt_dgr_single_df_creation" name="dataset_3"/>
    <testcase time="0.00100000000000477" classname="ds.dataFrameSort_expt_dgr_single_df_creation" name="dataset_3"/>
    <testcase time="0.635999999999996" classname="ds.dataFrameSort_expt_dgr_single_df_creation" name="dataset_3"/>
    <testcase time="0.00300000000000011" classname="ds.dataFrameSort_expt_dgr_single_df_creation" name="dataset_3"/>
    <testcase time="0.00100000000000477" classname="ds.dataFrameSort_expt_dgr_single_df_creation" name="dataset_3"/>
    <testcase time="0.622" classname="ds.dataFrameSort_expt_dgr_single_df_creation" name="dataset_3"/>
    <testcase time="0.00199999999999534" classname="ds.dataFrameSort_expt_dgr_single_df_creation" name="dataset_3"/>
    <testcase time="0.00199999999999534" classname="ds.dataFrameSort_expt_dgr_single_df_creation" name="dataset_3"/>
    <testcase time="0.583000000000013" classname="ds.dataFrameSort_expt_dgr_single_df_creation" name="dataset_3"/>
    <testcase time="0.00300000000000011" classname="ds.dataFrameSort_expt_dgr_single_df_creation" name="dataset_3"/>
    <testcase time="0.00199999999999534" classname="ds.dataFrameSort_expt_dgr_single_df_creation" name="dataset_3"/>
    <testcase time="0.623999999999995" classname="ds.dataFrameSort_expt_dgr_single_df_creation" name="dataset_3"/>
    <testcase time="0.00300000000000011" classname="ds.dataFrameSort_expt_dgr_single_df_creation" name="dataset_3"/>
    <testcase time="0.00100000000000477" classname="ds.dataFrameSort_expt_dgr_single_df_creation" name="dataset_3"/>
    <testcase time="0.694000000000003" classname="ds.dataFrameSort_expt_dgr_single_df_creation" name="dataset_3"/>
    <testcase time="0.00300000000000011" classname="ds.dataFrameSort_expt_dgr_single_df_creation" name="dataset_3"/>
    <testcase time="0.00199999999999534" classname="ds.dataFrameSort_expt_dgr_single_df_creation" name="dataset_3"/>
    <testcase time="0.623000000000005" classname="ds.dataFrameSort_expt_dgr_single_df_creation" name="dataset_3"/>
    <testcase time="0.00300000000000011" classname="ds.dataFrameSort_expt_dgr_single_df_creation" name="dataset_3"/>
    <testcase time="0.00199999999999534" classname="ds.dataFrameSort_expt_dgr_single_df_creation" name="dataset_3"/>
    <testcase time="0.620000000000005" classname="ds.dataFrameSort_expt_dgr_single_df_creation" name="dataset_3"/>
    <testcase time="0.00300000000000011" classname="ds.dataFrameSort_expt_dgr_single_df_creation" name="dataset_3"/>
    <testcase time="0.00199999999999534" classname="ds.dataFrameSort_expt_dgr_single_df_creation" name="dataset_3"/>
    <testcase time="0.578000000000003" classname="ds.dataFrameSort_expt_dgr_single_df_creation" name="dataset_3"/>
    <testcase time="0.00300000000000011" classname="ds.dataFrameSort_expt_dgr_single_df_creation" name="dataset_3"/>
    <testcase time="0.00199999999999534" classname="ds.dataFrameSort_expt_dgr_single_df_creation" name="dataset_3"/>
    <testcase time="0.619" classname="ds.dataFrameSort_expt_dgr_single_df_creation" name="dataset_3"/>
    <testcase time="0.00400000000000489" classname="ds.dataFrameSort_expt_dgr_single_df_creation" name="dataset_3"/>
    <testcase time="0.000999999999990564" classname="ds.dataFrameSort_expt_dgr_single_df_creation" name="dataset_3"/>
  </testsuite>
  <testsuite name="ds.dataFrameSort::expt_dgr::multiple::numeric::ascending" timestamp="2026-03-17T17:03:47Z" hostname="runnervm46oaq" tests="7" skipped="0" failures="0" errors="1" time="9.32">
    <testcase time="9.268" classname="ds.dataFrameSort_expt_dgr_multiple_numeric_ascending" name="all_datasets"/>
    <testcase time="0.00200000000000955" classname="ds.dataFrameSort_expt_dgr_multiple_numeric_ascending" name="all_datasets"/>
    <testcase time="0.000999999999990564" classname="ds.dataFrameSort_expt_dgr_multiple_numeric_ascending" name="all_datasets"/>
    <testcase time="0.00200000000000955" classname="ds.dataFrameSort_expt_dgr_multiple_numeric_ascending" name="all_datasets"/>
    <testcase time="0.000999999999990564" classname="ds.dataFrameSort_expt_dgr_multiple_numeric_ascending" name="all_datasets"/>
    <testcase time="0.00100000000000477" classname="ds.dataFrameSort_expt_dgr_multiple_numeric_ascending" name="all_datasets"/>
    <testcase time="0.0450000000000017" classname="ds.dataFrameSort_expt_dgr_multiple_numeric_ascending" name="all_datasets">
      <error type="error" message="Error: There are some DataSHIELD errors, list them with datashield.errors() ('test-expt_dgr-ds.dataFrameSort.R:135:13')">Error: There are some DataSHIELD errors, list them with datashield.errors()
Backtrace:
    x
 1. \-global .test.data.frame.sorting(...) at test-expt_dgr-ds.dataFrameSort.R:135:13
 2.   \-dsDangerClient::ds.DANGERdfEXTRACT(df.created, datasources = ds.test_env$connections)
 3.     \-DSI::datashield.aggregate(datasources, calltext)
 4.       \-DSI:::.handle_errors(errors.print)
 5.         \-DSI:::.checkLastErrors()
 6.           \-cli::cli_abort(...)
 7.             \-rlang::abort(...)</error>
    </testcase>
  </testsuite>
  <testsuite name="ds.dataFrameSort::expt_dgr::single::numeric::ascending" timestamp="2026-03-17T17:03:56Z" hostname="runnervm46oaq" tests="3" skipped="0" failures="0" errors="1" time="3.706">
    <testcase time="3.681" classname="ds.dataFrameSort_expt_dgr_single_numeric_ascending" name="dataset_1"/>
    <testcase time="0.000999999999990564" classname="ds.dataFrameSort_expt_dgr_single_numeric_ascending" name="dataset_1"/>
    <testcase time="0.0240000000000009" classname="ds.dataFrameSort_expt_dgr_single_numeric_ascending" name="dataset_1">
      <error type="error" message="Error: There are some DataSHIELD errors, list them with datashield.errors() ('test-expt_dgr-ds.dataFrameSort.R:156:13')">Error: There are some DataSHIELD errors, list them with datashield.errors()
Backtrace:
    x
 1. \-global .test.data.frame.sorting(...) at test-expt_dgr-ds.dataFrameSort.R:156:13
 2.   \-dsDangerClient::ds.DANGERdfEXTRACT(df.created, datasources = ds.test_env$connections)
 3.     \-DSI::datashield.aggregate(datasources, calltext)
 4.       \-DSI:::.handle_errors(errors.print)
 5.         \-DSI:::.checkLastErrors()
 6.           \-cli::cli_abort(...)
 7.             \-rlang::abort(...)</error>
    </testcase>
  </testsuite>
  <testsuite name="ds.dataFrameSort::expt_dgr::multiple::numeric::descending" timestamp="2026-03-17T17:04:00Z" hostname="runnervm46oaq" tests="7" skipped="0" failures="0" errors="1" time="9.361">
    <testcase time="9.31400000000001" classname="ds.dataFrameSort_expt_dgr_multiple_numeric_descending" name="all_datasets"/>
    <testcase time="0.00199999999999534" classname="ds.dataFrameSort_expt_dgr_multiple_numeric_descending" name="all_datasets"/>
    <testcase time="0.00100000000000477" classname="ds.dataFrameSort_expt_dgr_multiple_numeric_descending" name="all_datasets"/>
    <testcase time="0.00199999999999534" classname="ds.dataFrameSort_expt_dgr_multiple_numeric_descending" name="all_datasets"/>
    <testcase time="0.00100000000000477" classname="ds.dataFrameSort_expt_dgr_multiple_numeric_descending" name="all_datasets"/>
    <testcase time="0.00199999999999534" classname="ds.dataFrameSort_expt_dgr_multiple_numeric_descending" name="all_datasets"/>
    <testcase time="0.0390000000000015" classname="ds.dataFrameSort_expt_dgr_multiple_numeric_descending" name="all_datasets">
      <error type="error" message="Error: There are some DataSHIELD errors, list them with datashield.errors() ('test-expt_dgr-ds.dataFrameSort.R:177:13')">Error: There are some DataSHIELD errors, list them with datashield.errors()
Backtrace:
    x
 1. \-global .test.data.frame.sorting(...) at test-expt_dgr-ds.dataFrameSort.R:177:13
 2.   \-dsDangerClient::ds.DANGERdfEXTRACT(df.created, datasources = ds.test_env$connections)
 3.     \-DSI::datashield.aggregate(datasources, calltext)
 4.       \-DSI:::.handle_errors(errors.print)
 5.         \-DSI:::.checkLastErrors()
 6.           \-cli::cli_abort(...)
 7.             \-rlang::abort(...)</error>
    </testcase>
  </testsuite>
  <testsuite name="ds.dataFrameSort::expt_dgr::single::numeric::descending" timestamp="2026-03-17T17:04:09Z" hostname="runnervm46oaq" tests="3" skipped="0" failures="0" errors="1" time="3.634">
    <testcase time="3.60900000000001" classname="ds.dataFrameSort_expt_dgr_single_numeric_descending" name="dataset_1"/>
    <testcase time="0.00199999999999534" classname="ds.dataFrameSort_expt_dgr_single_numeric_descending" name="dataset_1"/>
    <testcase time="0.0229999999999961" classname="ds.dataFrameSort_expt_dgr_single_numeric_descending" name="dataset_1">
      <error type="error" message="Error: There are some DataSHIELD errors, list them with datashield.errors() ('test-expt_dgr-ds.dataFrameSort.R:200:13')">Error: There are some DataSHIELD errors, list them with datashield.errors()
Backtrace:
    x
 1. \-global .test.data.frame.sorting(...) at test-expt_dgr-ds.dataFrameSort.R:200:13
 2.   \-dsDangerClient::ds.DANGERdfEXTRACT(df.created, datasources = ds.test_env$connections)
 3.     \-DSI::datashield.aggregate(datasources, calltext)
 4.       \-DSI:::.handle_errors(errors.print)
 5.         \-DSI:::.checkLastErrors()
 6.           \-cli::cli_abort(...)
 7.             \-rlang::abort(...)</error>
    </testcase>
  </testsuite>
  <testsuite name="ds.dataFrameSort::expt_dgr::multiple::alphabetic::ascending" timestamp="2026-03-17T17:04:13Z" hostname="runnervm46oaq" tests="1" skipped="1" failures="0" errors="0" time="0.037">
    <testcase time="0.0370000000000061" classname="ds.dataFrameSort_expt_dgr_multiple_alphabetic_ascending" name="all_datasets">
      <skipped message="Reason: empty test ('test-expt_dgr-ds.dataFrameSort.R:218:1')"/>
    </testcase>
  </testsuite>
  <testsuite name="ds.dataFrameSort::expt_dgr::single::alphabetic::ascending" timestamp="2026-03-17T17:04:13Z" hostname="runnervm46oaq" tests="1" skipped="1" failures="0" errors="0" time="0.014">
    <testcase time="0.0139999999999958" classname="ds.dataFrameSort_expt_dgr_single_alphabetic_ascending" name="dataset_2">
      <skipped message="Reason: empty test ('test-expt_dgr-ds.dataFrameSort.R:246:1')"/>
    </testcase>
  </testsuite>
  <testsuite name="ds.dataFrameSort::expt_dgr::multiple::alphabetic::descending" timestamp="2026-03-17T17:04:13Z" hostname="runnervm46oaq" tests="1" skipped="1" failures="0" errors="0" time="0.013">
    <testcase time="0.0130000000000052" classname="ds.dataFrameSort_expt_dgr_multiple_alphabetic_descending" name="all_datasets">
      <skipped message="Reason: empty test ('test-expt_dgr-ds.dataFrameSort.R:274:1')"/>
    </testcase>
  </testsuite>
  <testsuite name="ds.dataFrameSort::expt_dgr::single::alphabetic::descending" timestamp="2026-03-17T17:04:13Z" hostname="runnervm46oaq" tests="1" skipped="1" failures="0" errors="0" time="0.014">
    <testcase time="0.0139999999999958" classname="ds.dataFrameSort_expt_dgr_single_alphabetic_descending" name="dataset_3">
      <skipped message="Reason: empty test ('test-expt_dgr-ds.dataFrameSort.R:300:1')"/>
    </testcase>
  </testsuite>
  <testsuite name="ds.dataFrameSort::expt_dgr::shutdown" timestamp="2026-03-17T17:04:13Z" hostname="runnervm46oaq" tests="0" skipped="0" failures="0" errors="0" time="0"/>
  <testsuite name="ds.dataFrameSort::expt_dgr::done" timestamp="2026-03-17T17:04:13Z" hostname="runnervm46oaq" tests="0" skipped="0" failures="0" errors="0" time="0"/>
  <testsuite name="expt_dgr-ds.dataFrameSubset" timestamp="2026-03-17T17:04:13Z" hostname="runnervm46oaq" tests="0" skipped="0" failures="0" errors="0" time="0"/>
  <testsuite name="ds.dataFrameSubset::expt_dgr::setup" timestamp="2026-03-17T17:04:13Z" hostname="runnervm46oaq" tests="0" skipped="0" failures="0" errors="0" time="0"/>
  <testsuite name="ds.dataFrameSubset::expt_dgr::multiple::parameter_class" timestamp="2026-03-17T17:04:13Z" hostname="runnervm46oaq" tests="6" skipped="0" failures="0" errors="0" time="12.106">
    <testcase time="10.262" classname="ds.dataFrameSubset_expt_dgr_multiple_parameter_class" name="all_datasets"/>
    <testcase time="0.295000000000002" classname="ds.dataFrameSubset_expt_dgr_multiple_parameter_class" name="all_datasets"/>
    <testcase time="0.325000000000003" classname="ds.dataFrameSubset_expt_dgr_multiple_parameter_class" name="all_datasets"/>
    <testcase time="0.318999999999988" classname="ds.dataFrameSubset_expt_dgr_multiple_parameter_class" name="all_datasets"/>
    <testcase time="0.588999999999999" classname="ds.dataFrameSubset_expt_dgr_multiple_parameter_class" name="all_datasets"/>
    <testcase time="0.316000000000003" classname="ds.dataFrameSubset_expt_dgr_multiple_parameter_class" name="all_datasets"/>
  </testsuite>
  <testsuite name="ds.dataFrameSubset::expt_dgr::single::parameter_class" timestamp="2026-03-17T17:04:25Z" hostname="runnervm46oaq" tests="6" skipped="0" failures="0" errors="0" time="4.087">
    <testcase time="3.34699999999999" classname="ds.dataFrameSubset_expt_dgr_single_parameter_class" name="dataset_1"/>
    <testcase time="0.114000000000004" classname="ds.dataFrameSubset_expt_dgr_single_parameter_class" name="dataset_1"/>
    <testcase time="0.114000000000004" classname="ds.dataFrameSubset_expt_dgr_single_parameter_class" name="dataset_1"/>
    <testcase time="0.113" classname="ds.dataFrameSubset_expt_dgr_single_parameter_class" name="dataset_1"/>
    <testcase time="0.283999999999992" classname="ds.dataFrameSubset_expt_dgr_single_parameter_class" name="dataset_1"/>
    <testcase time="0.115000000000009" classname="ds.dataFrameSubset_expt_dgr_single_parameter_class" name="dataset_1"/>
  </testsuite>
  <testsuite name="ds.dataFrameSubset::expt_dgr::multiple::all_columns" timestamp="2026-03-17T17:04:29Z" hostname="runnervm46oaq" tests="48" skipped="0" failures="0" errors="0" time="19.665">
    <testcase time="9.672" classname="ds.dataFrameSubset_expt_dgr_multiple_all_columns" name="all_datasets"/>
    <testcase time="0.00300000000001432" classname="ds.dataFrameSubset_expt_dgr_multiple_all_columns" name="all_datasets"/>
    <testcase time="0.0029999999999859" classname="ds.dataFrameSubset_expt_dgr_multiple_all_columns" name="all_datasets"/>
    <testcase time="0.00200000000000955" classname="ds.dataFrameSubset_expt_dgr_multiple_all_columns" name="all_datasets"/>
    <testcase time="0.00199999999998113" classname="ds.dataFrameSubset_expt_dgr_multiple_all_columns" name="all_datasets"/>
    <testcase time="0.00100000000000477" classname="ds.dataFrameSubset_expt_dgr_multiple_all_columns" name="all_datasets"/>
    <testcase time="0.00200000000000955" classname="ds.dataFrameSubset_expt_dgr_multiple_all_columns" name="all_datasets"/>
    <testcase time="0.00100000000000477" classname="ds.dataFrameSubset_expt_dgr_multiple_all_columns" name="all_datasets"/>
    <testcase time="2.00999999999999" classname="ds.dataFrameSubset_expt_dgr_multiple_all_columns" name="all_datasets"/>
    <testcase time="0.00300000000001432" classname="ds.dataFrameSubset_expt_dgr_multiple_all_columns" name="all_datasets"/>
    <testcase time="0.0029999999999859" classname="ds.dataFrameSubset_expt_dgr_multiple_all_columns" name="all_datasets"/>
    <testcase time="0.00200000000000955" classname="ds.dataFrameSubset_expt_dgr_multiple_all_columns" name="all_datasets"/>
    <testcase time="0.00199999999998113" classname="ds.dataFrameSubset_expt_dgr_multiple_all_columns" name="all_datasets"/>
    <testcase time="0.00100000000000477" classname="ds.dataFrameSubset_expt_dgr_multiple_all_columns" name="all_datasets"/>
    <testcase time="0.00100000000000477" classname="ds.dataFrameSubset_expt_dgr_multiple_all_columns" name="all_datasets"/>
    <testcase time="0.00200000000000955" classname="ds.dataFrameSubset_expt_dgr_multiple_all_columns" name="all_datasets"/>
    <testcase time="1.99699999999999" classname="ds.dataFrameSubset_expt_dgr_multiple_all_columns" name="all_datasets"/>
    <testcase time="0.00300000000001432" classname="ds.dataFrameSubset_expt_dgr_multiple_all_columns" name="all_datasets"/>
    <testcase time="0.0029999999999859" classname="ds.dataFrameSubset_expt_dgr_multiple_all_columns" name="all_datasets"/>
    <testcase time="0.00300000000001432" classname="ds.dataFrameSubset_expt_dgr_multiple_all_columns" name="all_datasets"/>
    <testcase time="0.00100000000000477" classname="ds.dataFrameSubset_expt_dgr_multiple_all_columns" name="all_datasets"/>
    <testcase time="0.00199999999998113" classname="ds.dataFrameSubset_expt_dgr_multiple_all_columns" name="all_datasets"/>
    <testcase time="0.00100000000000477" classname="ds.dataFrameSubset_expt_dgr_multiple_all_columns" name="all_datasets"/>
    <testcase time="0.00100000000000477" classname="ds.dataFrameSubset_expt_dgr_multiple_all_columns" name="all_datasets"/>
    <testcase time="1.952" classname="ds.dataFrameSubset_expt_dgr_multiple_all_columns" name="all_datasets"/>
    <testcase time="0.0029999999999859" classname="ds.dataFrameSubset_expt_dgr_multiple_all_columns" name="all_datasets"/>
    <testcase time="0.00300000000001432" classname="ds.dataFrameSubset_expt_dgr_multiple_all_columns" name="all_datasets"/>
    <testcase time="0.0029999999999859" classname="ds.dataFrameSubset_expt_dgr_multiple_all_columns" name="all_datasets"/>
    <testcase time="0.00100000000000477" classname="ds.dataFrameSubset_expt_dgr_multiple_all_columns" name="all_datasets"/>
    <testcase time="0.00200000000000955" classname="ds.dataFrameSubset_expt_dgr_multiple_all_columns" name="all_datasets"/>
    <testcase time="0.00100000000000477" classname="ds.dataFrameSubset_expt_dgr_multiple_all_columns" name="all_datasets"/>
    <testcase time="0.00199999999998113" classname="ds.dataFrameSubset_expt_dgr_multiple_all_columns" name="all_datasets"/>
    <testcase time="1.953" classname="ds.dataFrameSubset_expt_dgr_multiple_all_columns" name="all_datasets"/>
    <testcase time="0.00300000000001432" classname="ds.dataFrameSubset_expt_dgr_multiple_all_columns" name="all_datasets"/>
    <testcase time="0.0029999999999859" classname="ds.dataFrameSubset_expt_dgr_multiple_all_columns" name="all_datasets"/>
    <testcase time="0.00200000000000955" classname="ds.dataFrameSubset_expt_dgr_multiple_all_columns" name="all_datasets"/>
    <testcase time="0.00200000000000955" classname="ds.dataFrameSubset_expt_dgr_multiple_all_columns" name="all_datasets"/>
    <testcase time="0.00100000000000477" classname="ds.dataFrameSubset_expt_dgr_multiple_all_columns" name="all_datasets"/>
    <testcase time="0.00199999999998113" classname="ds.dataFrameSubset_expt_dgr_multiple_all_columns" name="all_datasets"/>
    <testcase time="0.00100000000000477" classname="ds.dataFrameSubset_expt_dgr_multiple_all_columns" name="all_datasets"/>
    <testcase time="1.995" classname="ds.dataFrameSubset_expt_dgr_multiple_all_columns" name="all_datasets"/>
    <testcase time="0.0029999999999859" classname="ds.dataFrameSubset_expt_dgr_multiple_all_columns" name="all_datasets"/>
    <testcase time="0.00300000000001432" classname="ds.dataFrameSubset_expt_dgr_multiple_all_columns" name="all_datasets"/>
    <testcase time="0.0029999999999859" classname="ds.dataFrameSubset_expt_dgr_multiple_all_columns" name="all_datasets"/>
    <testcase time="0.00100000000000477" classname="ds.dataFrameSubset_expt_dgr_multiple_all_columns" name="all_datasets"/>
    <testcase time="0.00200000000000955" classname="ds.dataFrameSubset_expt_dgr_multiple_all_columns" name="all_datasets"/>
    <testcase time="0.00100000000000477" classname="ds.dataFrameSubset_expt_dgr_multiple_all_columns" name="all_datasets"/>
    <testcase time="0.00199999999998113" classname="ds.dataFrameSubset_expt_dgr_multiple_all_columns" name="all_datasets"/>
  </testsuite>
  <testsuite name="ds.dataFrameSubset::expt_dgr::single::all_columns" timestamp="2026-03-17T17:04:49Z" hostname="runnervm46oaq" tests="24" skipped="0" failures="0" errors="0" time="7.788">
    <testcase time="3.762" classname="ds.dataFrameSubset_expt_dgr_single_all_columns" name="dataset_2"/>
    <testcase time="0.0040000000000191" classname="ds.dataFrameSubset_expt_dgr_single_all_columns" name="dataset_2"/>
    <testcase time="0.000999999999976353" classname="ds.dataFrameSubset_expt_dgr_single_all_columns" name="dataset_2"/>
    <testcase time="0.00200000000000955" classname="ds.dataFrameSubset_expt_dgr_single_all_columns" name="dataset_2"/>
    <testcase time="0.841000000000008" classname="ds.dataFrameSubset_expt_dgr_single_all_columns" name="dataset_2"/>
    <testcase time="0.0029999999999859" classname="ds.dataFrameSubset_expt_dgr_single_all_columns" name="dataset_2"/>
    <testcase time="0.00200000000000955" classname="ds.dataFrameSubset_expt_dgr_single_all_columns" name="dataset_2"/>
    <testcase time="0.00100000000000477" classname="ds.dataFrameSubset_expt_dgr_single_all_columns" name="dataset_2"/>
    <testcase time="0.787000000000006" classname="ds.dataFrameSubset_expt_dgr_single_all_columns" name="dataset_2"/>
    <testcase time="0.0029999999999859" classname="ds.dataFrameSubset_expt_dgr_single_all_columns" name="dataset_2"/>
    <testcase time="0.00100000000000477" classname="ds.dataFrameSubset_expt_dgr_single_all_columns" name="dataset_2"/>
    <testcase time="0.00200000000000955" classname="ds.dataFrameSubset_expt_dgr_single_all_columns" name="dataset_2"/>
    <testcase time="0.783999999999992" classname="ds.dataFrameSubset_expt_dgr_single_all_columns" name="dataset_2"/>
    <testcase time="0.00200000000000955" classname="ds.dataFrameSubset_expt_dgr_single_all_columns" name="dataset_2"/>
    <testcase time="0.00199999999998113" classname="ds.dataFrameSubset_expt_dgr_single_all_columns" name="dataset_2"/>
    <testcase time="0.00100000000000477" classname="ds.dataFrameSubset_expt_dgr_single_all_columns" name="dataset_2"/>
    <testcase time="0.798000000000002" classname="ds.dataFrameSubset_expt_dgr_single_all_columns" name="dataset_2"/>
    <testcase time="0.00300000000001432" classname="ds.dataFrameSubset_expt_dgr_single_all_columns" name="dataset_2"/>
    <testcase time="0.000999999999976353" classname="ds.dataFrameSubset_expt_dgr_single_all_columns" name="dataset_2"/>
    <testcase time="0.00200000000000955" classname="ds.dataFrameSubset_expt_dgr_single_all_columns" name="dataset_2"/>
    <testcase time="0.780000000000001" classname="ds.dataFrameSubset_expt_dgr_single_all_columns" name="dataset_2"/>
    <testcase time="0.0029999999999859" classname="ds.dataFrameSubset_expt_dgr_single_all_columns" name="dataset_2"/>
    <testcase time="0.00100000000000477" classname="ds.dataFrameSubset_expt_dgr_single_all_columns" name="dataset_2"/>
    <testcase time="0.00200000000000955" classname="ds.dataFrameSubset_expt_dgr_single_all_columns" name="dataset_2"/>
  </testsuite>
  <testsuite name="ds.dataFrameSubset::expt_dgr::multiple::all_columns::subset_by_rows" timestamp="2026-03-17T17:04:56Z" hostname="runnervm46oaq" tests="40" skipped="0" failures="0" errors="0" time="37.641">
    <testcase time="9.63800000000001" classname="ds.dataFrameSubset_expt_dgr_multiple_all_columns_subset_by_rows" name="all_datasets"/>
    <testcase time="0.173999999999978" classname="ds.dataFrameSubset_expt_dgr_multiple_all_columns_subset_by_rows" name="all_datasets"/>
    <testcase time="0.165999999999997" classname="ds.dataFrameSubset_expt_dgr_multiple_all_columns_subset_by_rows" name="all_datasets"/>
    <testcase time="0.652000000000015" classname="ds.dataFrameSubset_expt_dgr_multiple_all_columns_subset_by_rows" name="all_datasets"/>
    <testcase time="2.13" classname="ds.dataFrameSubset_expt_dgr_multiple_all_columns_subset_by_rows" name="all_datasets"/>
    <testcase time="0.164000000000016" classname="ds.dataFrameSubset_expt_dgr_multiple_all_columns_subset_by_rows" name="all_datasets"/>
    <testcase time="0.163999999999987" classname="ds.dataFrameSubset_expt_dgr_multiple_all_columns_subset_by_rows" name="all_datasets"/>
    <testcase time="0.687000000000012" classname="ds.dataFrameSubset_expt_dgr_multiple_all_columns_subset_by_rows" name="all_datasets"/>
    <testcase time="2.02099999999999" classname="ds.dataFrameSubset_expt_dgr_multiple_all_columns_subset_by_rows" name="all_datasets"/>
    <testcase time="0.162000000000006" classname="ds.dataFrameSubset_expt_dgr_multiple_all_columns_subset_by_rows" name="all_datasets"/>
    <testcase time="0.165999999999997" classname="ds.dataFrameSubset_expt_dgr_multiple_all_columns_subset_by_rows" name="all_datasets"/>
    <testcase time="0.677999999999997" classname="ds.dataFrameSubset_expt_dgr_multiple_all_columns_subset_by_rows" name="all_datasets"/>
    <testcase time="2.02600000000001" classname="ds.dataFrameSubset_expt_dgr_multiple_all_columns_subset_by_rows" name="all_datasets"/>
    <testcase time="0.164999999999992" classname="ds.dataFrameSubset_expt_dgr_multiple_all_columns_subset_by_rows" name="all_datasets"/>
    <testcase time="0.163999999999987" classname="ds.dataFrameSubset_expt_dgr_multiple_all_columns_subset_by_rows" name="all_datasets"/>
    <testcase time="0.682000000000016" classname="ds.dataFrameSubset_expt_dgr_multiple_all_columns_subset_by_rows" name="all_datasets"/>
    <testcase time="1.91800000000001" classname="ds.dataFrameSubset_expt_dgr_multiple_all_columns_subset_by_rows" name="all_datasets"/>
    <testcase time="0.131" classname="ds.dataFrameSubset_expt_dgr_multiple_all_columns_subset_by_rows" name="all_datasets"/>
    <testcase time="0.165999999999997" classname="ds.dataFrameSubset_expt_dgr_multiple_all_columns_subset_by_rows" name="all_datasets"/>
    <testcase time="0.643000000000001" classname="ds.dataFrameSubset_expt_dgr_multiple_all_columns_subset_by_rows" name="all_datasets"/>
    <testcase time="1.97799999999998" classname="ds.dataFrameSubset_expt_dgr_multiple_all_columns_subset_by_rows" name="all_datasets"/>
    <testcase time="0.163000000000011" classname="ds.dataFrameSubset_expt_dgr_multiple_all_columns_subset_by_rows" name="all_datasets"/>
    <testcase time="0.163000000000011" classname="ds.dataFrameSubset_expt_dgr_multiple_all_columns_subset_by_rows" name="all_datasets"/>
    <testcase time="0.645999999999987" classname="ds.dataFrameSubset_expt_dgr_multiple_all_columns_subset_by_rows" name="all_datasets"/>
    <testcase time="2.02799999999999" classname="ds.dataFrameSubset_expt_dgr_multiple_all_columns_subset_by_rows" name="all_datasets"/>
    <testcase time="0.123000000000019" classname="ds.dataFrameSubset_expt_dgr_multiple_all_columns_subset_by_rows" name="all_datasets"/>
    <testcase time="0.169999999999987" classname="ds.dataFrameSubset_expt_dgr_multiple_all_columns_subset_by_rows" name="all_datasets"/>
    <testcase time="0.647999999999996" classname="ds.dataFrameSubset_expt_dgr_multiple_all_columns_subset_by_rows" name="all_datasets"/>
    <testcase time="2.048" classname="ds.dataFrameSubset_expt_dgr_multiple_all_columns_subset_by_rows" name="all_datasets"/>
    <testcase time="0.167000000000002" classname="ds.dataFrameSubset_expt_dgr_multiple_all_columns_subset_by_rows" name="all_datasets"/>
    <testcase time="0.167000000000002" classname="ds.dataFrameSubset_expt_dgr_multiple_all_columns_subset_by_rows" name="all_datasets"/>
    <testcase time="0.683999999999997" classname="ds.dataFrameSubset_expt_dgr_multiple_all_columns_subset_by_rows" name="all_datasets"/>
    <testcase time="2.00900000000001" classname="ds.dataFrameSubset_expt_dgr_multiple_all_columns_subset_by_rows" name="all_datasets"/>
    <testcase time="0.163999999999987" classname="ds.dataFrameSubset_expt_dgr_multiple_all_columns_subset_by_rows" name="all_datasets"/>
    <testcase time="0.164999999999992" classname="ds.dataFrameSubset_expt_dgr_multiple_all_columns_subset_by_rows" name="all_datasets"/>
    <testcase time="0.689000000000021" classname="ds.dataFrameSubset_expt_dgr_multiple_all_columns_subset_by_rows" name="all_datasets"/>
    <testcase time="1.96799999999999" classname="ds.dataFrameSubset_expt_dgr_multiple_all_columns_subset_by_rows" name="all_datasets"/>
    <testcase time="0.125" classname="ds.dataFrameSubset_expt_dgr_multiple_all_columns_subset_by_rows" name="all_datasets"/>
    <testcase time="0.162000000000006" classname="ds.dataFrameSubset_expt_dgr_multiple_all_columns_subset_by_rows" name="all_datasets"/>
    <testcase time="0.676999999999992" classname="ds.dataFrameSubset_expt_dgr_multiple_all_columns_subset_by_rows" name="all_datasets"/>
  </testsuite>
  <testsuite name="ds.dataFrameSubset::expt_dgr::single::all_columns::subset_by_rows" timestamp="2026-03-17T17:05:34Z" hostname="runnervm46oaq" tests="20" skipped="0" failures="0" errors="0" time="10.826">
    <testcase time="3.59" classname="ds.dataFrameSubset_expt_dgr_single_all_columns_subset_by_rows" name="dataset_3"/>
    <testcase time="0.241000000000014" classname="ds.dataFrameSubset_expt_dgr_single_all_columns_subset_by_rows" name="dataset_3"/>
    <testcase time="0.554999999999978" classname="ds.dataFrameSubset_expt_dgr_single_all_columns_subset_by_rows" name="dataset_3"/>
    <testcase time="0.225999999999999" classname="ds.dataFrameSubset_expt_dgr_single_all_columns_subset_by_rows" name="dataset_3"/>
    <testcase time="0.560000000000002" classname="ds.dataFrameSubset_expt_dgr_single_all_columns_subset_by_rows" name="dataset_3"/>
    <testcase time="0.227000000000004" classname="ds.dataFrameSubset_expt_dgr_single_all_columns_subset_by_rows" name="dataset_3"/>
    <testcase time="0.548000000000002" classname="ds.dataFrameSubset_expt_dgr_single_all_columns_subset_by_rows" name="dataset_3"/>
    <testcase time="0.227000000000004" classname="ds.dataFrameSubset_expt_dgr_single_all_columns_subset_by_rows" name="dataset_3"/>
    <testcase time="0.556999999999988" classname="ds.dataFrameSubset_expt_dgr_single_all_columns_subset_by_rows" name="dataset_3"/>
    <testcase time="0.234000000000009" classname="ds.dataFrameSubset_expt_dgr_single_all_columns_subset_by_rows" name="dataset_3"/>
    <testcase time="0.555000000000007" classname="ds.dataFrameSubset_expt_dgr_single_all_columns_subset_by_rows" name="dataset_3"/>
    <testcase time="0.226999999999975" classname="ds.dataFrameSubset_expt_dgr_single_all_columns_subset_by_rows" name="dataset_3"/>
    <testcase time="0.546000000000021" classname="ds.dataFrameSubset_expt_dgr_single_all_columns_subset_by_rows" name="dataset_3"/>
    <testcase time="0.22999999999999" classname="ds.dataFrameSubset_expt_dgr_single_all_columns_subset_by_rows" name="dataset_3"/>
    <testcase time="0.554000000000002" classname="ds.dataFrameSubset_expt_dgr_single_all_columns_subset_by_rows" name="dataset_3"/>
    <testcase time="0.228000000000009" classname="ds.dataFrameSubset_expt_dgr_single_all_columns_subset_by_rows" name="dataset_3"/>
    <testcase time="0.510999999999996" classname="ds.dataFrameSubset_expt_dgr_single_all_columns_subset_by_rows" name="dataset_3"/>
    <testcase time="0.22999999999999" classname="ds.dataFrameSubset_expt_dgr_single_all_columns_subset_by_rows" name="dataset_3"/>
    <testcase time="0.552000000000021" classname="ds.dataFrameSubset_expt_dgr_single_all_columns_subset_by_rows" name="dataset_3"/>
    <testcase time="0.22799999999998" classname="ds.dataFrameSubset_expt_dgr_single_all_columns_subset_by_rows" name="dataset_3"/>
  </testsuite>
  <testsuite name="ds.dataFrameSubset::expt_dgr::multiple::subset_by_rows_columns" timestamp="2026-03-17T17:05:45Z" hostname="runnervm46oaq" tests="7" skipped="0" failures="0" errors="1" time="12.266">
    <testcase time="10.828" classname="ds.dataFrameSubset_expt_dgr_multiple_subset_by_rows_columns" name="all_datasets"/>
    <testcase time="0.358000000000004" classname="ds.dataFrameSubset_expt_dgr_multiple_subset_by_rows_columns" name="all_datasets"/>
    <testcase time="0.165999999999997" classname="ds.dataFrameSubset_expt_dgr_multiple_subset_by_rows_columns" name="all_datasets"/>
    <testcase time="0.354000000000013" classname="ds.dataFrameSubset_expt_dgr_multiple_subset_by_rows_columns" name="all_datasets"/>
    <testcase time="0.161000000000001" classname="ds.dataFrameSubset_expt_dgr_multiple_subset_by_rows_columns" name="all_datasets"/>
    <testcase time="0.353999999999985" classname="ds.dataFrameSubset_expt_dgr_multiple_subset_by_rows_columns" name="all_datasets"/>
    <testcase time="0.0450000000000159" classname="ds.dataFrameSubset_expt_dgr_multiple_subset_by_rows_columns" name="all_datasets">
      <error type="error" message="Error: There are some DataSHIELD errors, list them with datashield.errors() ('test-expt_dgr-ds.dataFrameSubset.R:131:13')">Error: There are some DataSHIELD errors, list them with datashield.errors()
Backtrace:
    x
 1. \-global subset.by.rows.cols(...) at test-expt_dgr-ds.dataFrameSubset.R:131:13
 2.   \-dsDangerClient::ds.DANGERdfEXTRACT(df.created, datasources = ds.test_env$connections)
 3.     \-DSI::datashield.aggregate(datasources, calltext)
 4.       \-DSI:::.handle_errors(errors.print)
 5.         \-DSI:::.checkLastErrors()
 6.           \-cli::cli_abort(...)
 7.             \-rlang::abort(...)</error>
    </testcase>
  </testsuite>
  <testsuite name="ds.dataFrameSubset::expt_dgr::single::subset_by_rows_columns" timestamp="2026-03-17T17:05:57Z" hostname="runnervm46oaq" tests="3" skipped="0" failures="0" errors="1" time="3.973">
    <testcase time="3.827" classname="ds.dataFrameSubset_expt_dgr_single_subset_by_rows_columns" name="dataset_1"/>
    <testcase time="0.121999999999986" classname="ds.dataFrameSubset_expt_dgr_single_subset_by_rows_columns" name="dataset_1"/>
    <testcase time="0.0240000000000009" classname="ds.dataFrameSubset_expt_dgr_single_subset_by_rows_columns" name="dataset_1">
      <error type="error" message="Error: There are some DataSHIELD errors, list them with datashield.errors() ('test-expt_dgr-ds.dataFrameSubset.R:150:13')">Error: There are some DataSHIELD errors, list them with datashield.errors()
Backtrace:
    x
 1. \-global subset.by.rows.cols(...) at test-expt_dgr-ds.dataFrameSubset.R:150:13
 2.   \-dsDangerClient::ds.DANGERdfEXTRACT(df.created, datasources = ds.test_env$connections)
 3.     \-DSI::datashield.aggregate(datasources, calltext)
 4.       \-DSI:::.handle_errors(errors.print)
 5.         \-DSI:::.checkLastErrors()
 6.           \-cli::cli_abort(...)
 7.             \-rlang::abort(...)</error>
    </testcase>
  </testsuite>
  <testsuite name="ds.dataFrameSubset::expt_dgr::multiple::subset_by_rows_columns" timestamp="2026-03-17T17:06:01Z" hostname="runnervm46oaq" tests="7" skipped="0" failures="0" errors="1" time="12.46">
    <testcase time="11.025" classname="ds.dataFrameSubset_expt_dgr_multiple_subset_by_rows_columns" name="all_datasets"/>
    <testcase time="0.364000000000004" classname="ds.dataFrameSubset_expt_dgr_multiple_subset_by_rows_columns" name="all_datasets"/>
    <testcase time="0.169999999999987" classname="ds.dataFrameSubset_expt_dgr_multiple_subset_by_rows_columns" name="all_datasets"/>
    <testcase time="0.364000000000004" classname="ds.dataFrameSubset_expt_dgr_multiple_subset_by_rows_columns" name="all_datasets"/>
    <testcase time="0.169000000000011" classname="ds.dataFrameSubset_expt_dgr_multiple_subset_by_rows_columns" name="all_datasets"/>
    <testcase time="0.325999999999993" classname="ds.dataFrameSubset_expt_dgr_multiple_subset_by_rows_columns" name="all_datasets"/>
    <testcase time="0.0420000000000016" classname="ds.dataFrameSubset_expt_dgr_multiple_subset_by_rows_columns" name="all_datasets">
      <error type="error" message="Error: There are some DataSHIELD errors, list them with datashield.errors() ('test-expt_dgr-ds.dataFrameSubset.R:170:13')">Error: There are some DataSHIELD errors, list them with datashield.errors()
Backtrace:
    x
 1. \-global subset.by.rows.cols(...) at test-expt_dgr-ds.dataFrameSubset.R:170:13
 2.   \-dsDangerClient::ds.DANGERdfEXTRACT(df.created, datasources = ds.test_env$connections)
 3.     \-DSI::datashield.aggregate(datasources, calltext)
 4.       \-DSI:::.handle_errors(errors.print)
 5.         \-DSI:::.checkLastErrors()
 6.           \-cli::cli_abort(...)
 7.             \-rlang::abort(...)</error>
    </testcase>
  </testsuite>
  <testsuite name="ds.dataFrameSubset::expt_dgr::single::subset_by_rows_columns" timestamp="2026-03-17T17:06:14Z" hostname="runnervm46oaq" tests="3" skipped="0" failures="0" errors="1" time="4.023">
    <testcase time="3.88" classname="ds.dataFrameSubset_expt_dgr_single_subset_by_rows_columns" name="dataset_2"/>
    <testcase time="0.120000000000005" classname="ds.dataFrameSubset_expt_dgr_single_subset_by_rows_columns" name="dataset_2"/>
    <testcase time="0.0229999999999961" classname="ds.dataFrameSubset_expt_dgr_single_subset_by_rows_columns" name="dataset_2">
      <error type="error" message="Error: There are some DataSHIELD errors, list them with datashield.errors() ('test-expt_dgr-ds.dataFrameSubset.R:188:13')">Error: There are some DataSHIELD errors, list them with datashield.errors()
Backtrace:
    x
 1. \-global subset.by.rows.cols(...) at test-expt_dgr-ds.dataFrameSubset.R:188:13
 2.   \-dsDangerClient::ds.DANGERdfEXTRACT(df.created, datasources = ds.test_env$connections)
 3.     \-DSI::datashield.aggregate(datasources, calltext)
 4.       \-DSI:::.handle_errors(errors.print)
 5.         \-DSI:::.checkLastErrors()
 6.           \-cli::cli_abort(...)
 7.             \-rlang::abort(...)</error>
    </testcase>
  </testsuite>
  <testsuite name="ds.dataFrameSubset::expt_dgr::multiple::all_rows_subset_by_columns" timestamp="2026-03-17T17:06:18Z" hostname="runnervm46oaq" tests="7" skipped="0" failures="0" errors="1" time="11.645">
    <testcase time="10.223" classname="ds.dataFrameSubset_expt_dgr_multiple_all_rows_subset_by_columns" name="all_datasets"/>
    <testcase time="0.356999999999999" classname="ds.dataFrameSubset_expt_dgr_multiple_all_rows_subset_by_columns" name="all_datasets"/>
    <testcase time="0.163000000000011" classname="ds.dataFrameSubset_expt_dgr_multiple_all_rows_subset_by_columns" name="all_datasets"/>
    <testcase time="0.353000000000009" classname="ds.dataFrameSubset_expt_dgr_multiple_all_rows_subset_by_columns" name="all_datasets"/>
    <testcase time="0.162999999999982" classname="ds.dataFrameSubset_expt_dgr_multiple_all_rows_subset_by_columns" name="all_datasets"/>
    <testcase time="0.348000000000013" classname="ds.dataFrameSubset_expt_dgr_multiple_all_rows_subset_by_columns" name="all_datasets"/>
    <testcase time="0.0379999999999825" classname="ds.dataFrameSubset_expt_dgr_multiple_all_rows_subset_by_columns" name="all_datasets">
      <error type="error" message="Error: There are some DataSHIELD errors, list them with datashield.errors() ('test-expt_dgr-ds.dataFrameSubset.R:206:13')">Error: There are some DataSHIELD errors, list them with datashield.errors()
Backtrace:
    x
 1. \-global subset.by.cols("D", "INTEGER", 1:4, TRUE, "subset.server", local.df.list) at test-expt_dgr-ds.dataFrameSubset.R:206:13
 2.   \-dsDangerClient::ds.DANGERdfEXTRACT(df.created, datasources = ds.test_env$connections)
 3.     \-DSI::datashield.aggregate(datasources, calltext)
 4.       \-DSI:::.handle_errors(errors.print)
 5.         \-DSI:::.checkLastErrors()
 6.           \-cli::cli_abort(...)
 7.             \-rlang::abort(...)</error>
    </testcase>
  </testsuite>
  <testsuite name="ds.dataFrameSubset::expt_dgr::multiple::all_rows_subset_by_columns" timestamp="2026-03-17T17:06:29Z" hostname="runnervm46oaq" tests="3" skipped="0" failures="0" errors="1" time="3.985">
    <testcase time="3.83800000000002" classname="ds.dataFrameSubset_expt_dgr_multiple_all_rows_subset_by_columns" name="dataset_3"/>
    <testcase time="0.12299999999999" classname="ds.dataFrameSubset_expt_dgr_multiple_all_rows_subset_by_columns" name="dataset_3"/>
    <testcase time="0.0240000000000009" classname="ds.dataFrameSubset_expt_dgr_multiple_all_rows_subset_by_columns" name="dataset_3">
      <error type="error" message="Error: There are some DataSHIELD errors, list them with datashield.errors() ('test-expt_dgr-ds.dataFrameSubset.R:218:13')">Error: There are some DataSHIELD errors, list them with datashield.errors()
Backtrace:
    x
 1. \-global subset.by.cols("D", "INTEGER", 1:4, TRUE, "subset.server", local.df.list) at test-expt_dgr-ds.dataFrameSubset.R:218:13
 2.   \-dsDangerClient::ds.DANGERdfEXTRACT(df.created, datasources = ds.test_env$connections)
 3.     \-DSI::datashield.aggregate(datasources, calltext)
 4.       \-DSI:::.handle_errors(errors.print)
 5.         \-DSI:::.checkLastErrors()
 6.           \-cli::cli_abort(...)
 7.             \-rlang::abort(...)</error>
    </testcase>
  </testsuite>
</testsuites>
