<?xml version="1.0" encoding="UTF-8"?>
<testsuites>
  <testsuite name="datachk-ANTHRO" timestamp="2026-03-21T03:28:05Z" hostname="runnervm46oaq" tests="0" skipped="0" failures="0" errors="0" time="0"/>
  <testsuite name="ANTHRO::datachk::setup" timestamp="2026-03-21T03:28:05Z" hostname="runnervm46oaq" tests="3" skipped="0" failures="1" errors="0" time="13.768">
    <testcase time="13.694" classname="ANTHRO_datachk_setup" name="setup">
      <failure type="failure" message="Expected `study.current.variables$objects.found` to have the same values as `expected.variables`. ('test-datachk-ANTHRO.R:20:5')">Expected `study.current.variables$objects.found` to have the same values as `expected.variables`.
Actual: "D", "read_datashield_inst", "to_df"
Expected: "D"
Needs: "read_datashield_inst", "to_df"
Backtrace:
    x
 1. \-global ds_expect_variables(c("D")) at test-datachk-ANTHRO.R:20:5
 2.   \-testthat::expect_setequal(...)</failure>
    </testcase>
    <testcase time="0.0640000000000001" classname="ANTHRO_datachk_setup" name="setup"/>
    <testcase time="0.00999999999999801" classname="ANTHRO_datachk_setup" name="setup"/>
  </testsuite>
  <testsuite name="ANTHRO::datachk" timestamp="2026-03-21T03:28:19Z" hostname="runnervm46oaq" tests="102" skipped="0" failures="0" errors="0" time="4.017">
    <testcase time="0.471" classname="ANTHRO_datachk" name="Check_ANTHRO_dataset"/>
    <testcase time="0.00200000000000244" classname="ANTHRO_datachk" name="Check_ANTHRO_dataset"/>
    <testcase time="0.00300000000000011" classname="ANTHRO_datachk" name="Check_ANTHRO_dataset"/>
    <testcase time="0.000999999999997669" classname="ANTHRO_datachk" name="Check_ANTHRO_dataset"/>
    <testcase time="0.00300000000000011" classname="ANTHRO_datachk" name="Check_ANTHRO_dataset"/>
    <testcase time="0.00100000000000122" classname="ANTHRO_datachk" name="Check_ANTHRO_dataset"/>
    <testcase time="0.00300000000000011" classname="ANTHRO_datachk" name="Check_ANTHRO_dataset"/>
    <testcase time="0.195" classname="ANTHRO_datachk" name="Check_ANTHRO_dataset"/>
    <testcase time="0.000999999999997669" classname="ANTHRO_datachk" name="Check_ANTHRO_dataset"/>
    <testcase time="0.00300000000000011" classname="ANTHRO_datachk" name="Check_ANTHRO_dataset"/>
    <testcase time="0.00100000000000122" classname="ANTHRO_datachk" name="Check_ANTHRO_dataset"/>
    <testcase time="0.00199999999999889" classname="ANTHRO_datachk" name="Check_ANTHRO_dataset"/>
    <testcase time="0.00100000000000122" classname="ANTHRO_datachk" name="Check_ANTHRO_dataset"/>
    <testcase time="0.00100000000000122" classname="ANTHRO_datachk" name="Check_ANTHRO_dataset"/>
    <testcase time="0.00199999999999889" classname="ANTHRO_datachk" name="Check_ANTHRO_dataset"/>
    <testcase time="0.427" classname="ANTHRO_datachk" name="Check_ANTHRO_dataset"/>
    <testcase time="0.00100000000000122" classname="ANTHRO_datachk" name="Check_ANTHRO_dataset"/>
    <testcase time="0.00199999999999889" classname="ANTHRO_datachk" name="Check_ANTHRO_dataset"/>
    <testcase time="0.00100000000000122" classname="ANTHRO_datachk" name="Check_ANTHRO_dataset"/>
    <testcase time="0.000999999999997669" classname="ANTHRO_datachk" name="Check_ANTHRO_dataset"/>
    <testcase time="0.00200000000000244" classname="ANTHRO_datachk" name="Check_ANTHRO_dataset"/>
    <testcase time="0.000999999999997669" classname="ANTHRO_datachk" name="Check_ANTHRO_dataset"/>
    <testcase time="0.339000000000002" classname="ANTHRO_datachk" name="Check_ANTHRO_dataset"/>
    <testcase time="0.00300000000000011" classname="ANTHRO_datachk" name="Check_ANTHRO_dataset"/>
    <testcase time="0.00199999999999889" classname="ANTHRO_datachk" name="Check_ANTHRO_dataset"/>
    <testcase time="0.00300000000000011" classname="ANTHRO_datachk" name="Check_ANTHRO_dataset"/>
    <testcase time="0.00199999999999889" classname="ANTHRO_datachk" name="Check_ANTHRO_dataset"/>
    <testcase time="0.00300000000000011" classname="ANTHRO_datachk" name="Check_ANTHRO_dataset"/>
    <testcase time="0.00200000000000244" classname="ANTHRO_datachk" name="Check_ANTHRO_dataset"/>
    <testcase time="0.189999999999998" classname="ANTHRO_datachk" name="Check_ANTHRO_dataset"/>
    <testcase time="0.00200000000000244" classname="ANTHRO_datachk" name="Check_ANTHRO_dataset"/>
    <testcase time="0.00199999999999889" classname="ANTHRO_datachk" name="Check_ANTHRO_dataset"/>
    <testcase time="0.000999999999997669" classname="ANTHRO_datachk" name="Check_ANTHRO_dataset"/>
    <testcase time="0.00200000000000244" classname="ANTHRO_datachk" name="Check_ANTHRO_dataset"/>
    <testcase time="0.000999999999997669" classname="ANTHRO_datachk" name="Check_ANTHRO_dataset"/>
    <testcase time="0.00200000000000244" classname="ANTHRO_datachk" name="Check_ANTHRO_dataset"/>
    <testcase time="0.000999999999997669" classname="ANTHRO_datachk" name="Check_ANTHRO_dataset"/>
    <testcase time="0.00200000000000244" classname="ANTHRO_datachk" name="Check_ANTHRO_dataset"/>
    <testcase time="0.381" classname="ANTHRO_datachk" name="Check_ANTHRO_dataset"/>
    <testcase time="0.000999999999997669" classname="ANTHRO_datachk" name="Check_ANTHRO_dataset"/>
    <testcase time="0.00200000000000244" classname="ANTHRO_datachk" name="Check_ANTHRO_dataset"/>
    <testcase time="0.000999999999997669" classname="ANTHRO_datachk" name="Check_ANTHRO_dataset"/>
    <testcase time="0.00200000000000244" classname="ANTHRO_datachk" name="Check_ANTHRO_dataset"/>
    <testcase time="0.000999999999997669" classname="ANTHRO_datachk" name="Check_ANTHRO_dataset"/>
    <testcase time="0.00200000000000244" classname="ANTHRO_datachk" name="Check_ANTHRO_dataset"/>
    <testcase time="0.189" classname="ANTHRO_datachk" name="Check_ANTHRO_dataset"/>
    <testcase time="0.00199999999999889" classname="ANTHRO_datachk" name="Check_ANTHRO_dataset"/>
    <testcase time="0.00100000000000122" classname="ANTHRO_datachk" name="Check_ANTHRO_dataset"/>
    <testcase time="0.00199999999999889" classname="ANTHRO_datachk" name="Check_ANTHRO_dataset"/>
    <testcase time="0.00199999999999889" classname="ANTHRO_datachk" name="Check_ANTHRO_dataset"/>
    <testcase time="0.00100000000000122" classname="ANTHRO_datachk" name="Check_ANTHRO_dataset"/>
    <testcase time="0.00199999999999889" classname="ANTHRO_datachk" name="Check_ANTHRO_dataset"/>
    <testcase time="0.00100000000000122" classname="ANTHRO_datachk" name="Check_ANTHRO_dataset"/>
    <testcase time="0.00199999999999889" classname="ANTHRO_datachk" name="Check_ANTHRO_dataset"/>
    <testcase time="0.385999999999999" classname="ANTHRO_datachk" name="Check_ANTHRO_dataset"/>
    <testcase time="0.00200000000000244" classname="ANTHRO_datachk" name="Check_ANTHRO_dataset"/>
    <testcase time="0.00199999999999889" classname="ANTHRO_datachk" name="Check_ANTHRO_dataset"/>
    <testcase time="0.00199999999999889" classname="ANTHRO_datachk" name="Check_ANTHRO_dataset"/>
    <testcase time="0.00100000000000122" classname="ANTHRO_datachk" name="Check_ANTHRO_dataset"/>
    <testcase time="0.00199999999999889" classname="ANTHRO_datachk" name="Check_ANTHRO_dataset"/>
    <testcase time="0.00100000000000122" classname="ANTHRO_datachk" name="Check_ANTHRO_dataset"/>
    <testcase time="0.190000000000001" classname="ANTHRO_datachk" name="Check_ANTHRO_dataset"/>
    <testcase time="0.00199999999999889" classname="ANTHRO_datachk" name="Check_ANTHRO_dataset"/>
    <testcase time="0.00199999999999889" classname="ANTHRO_datachk" name="Check_ANTHRO_dataset"/>
    <testcase time="0.00100000000000122" classname="ANTHRO_datachk" name="Check_ANTHRO_dataset"/>
    <testcase time="0.00199999999999889" classname="ANTHRO_datachk" name="Check_ANTHRO_dataset"/>
    <testcase time="0.00100000000000122" classname="ANTHRO_datachk" name="Check_ANTHRO_dataset"/>
    <testcase time="0.00199999999999889" classname="ANTHRO_datachk" name="Check_ANTHRO_dataset"/>
    <testcase time="0.00100000000000122" classname="ANTHRO_datachk" name="Check_ANTHRO_dataset"/>
    <testcase time="0.00199999999999889" classname="ANTHRO_datachk" name="Check_ANTHRO_dataset"/>
    <testcase time="0.372" classname="ANTHRO_datachk" name="Check_ANTHRO_dataset"/>
    <testcase time="0.00199999999999889" classname="ANTHRO_datachk" name="Check_ANTHRO_dataset"/>
    <testcase time="0.00200000000000244" classname="ANTHRO_datachk" name="Check_ANTHRO_dataset"/>
    <testcase time="0.00199999999999889" classname="ANTHRO_datachk" name="Check_ANTHRO_dataset"/>
    <testcase time="0.00100000000000122" classname="ANTHRO_datachk" name="Check_ANTHRO_dataset"/>
    <testcase time="0.00199999999999889" classname="ANTHRO_datachk" name="Check_ANTHRO_dataset"/>
    <testcase time="0.00100000000000122" classname="ANTHRO_datachk" name="Check_ANTHRO_dataset"/>
    <testcase time="0.189" classname="ANTHRO_datachk" name="Check_ANTHRO_dataset"/>
    <testcase time="0.00199999999999889" classname="ANTHRO_datachk" name="Check_ANTHRO_dataset"/>
    <testcase time="0.00199999999999889" classname="ANTHRO_datachk" name="Check_ANTHRO_dataset"/>
    <testcase time="0.00200000000000244" classname="ANTHRO_datachk" name="Check_ANTHRO_dataset"/>
    <testcase time="0.000999999999997669" classname="ANTHRO_datachk" name="Check_ANTHRO_dataset"/>
    <testcase time="0.00200000000000244" classname="ANTHRO_datachk" name="Check_ANTHRO_dataset"/>
    <testcase time="0.00199999999999889" classname="ANTHRO_datachk" name="Check_ANTHRO_dataset"/>
    <testcase time="0.000999999999997669" classname="ANTHRO_datachk" name="Check_ANTHRO_dataset"/>
    <testcase time="0.00200000000000244" classname="ANTHRO_datachk" name="Check_ANTHRO_dataset"/>
    <testcase time="0.331" classname="ANTHRO_datachk" name="Check_ANTHRO_dataset"/>
    <testcase time="0.00300000000000011" classname="ANTHRO_datachk" name="Check_ANTHRO_dataset"/>
    <testcase time="0.00300000000000011" classname="ANTHRO_datachk" name="Check_ANTHRO_dataset"/>
    <testcase time="0.00300000000000011" classname="ANTHRO_datachk" name="Check_ANTHRO_dataset"/>
    <testcase time="0.00300000000000011" classname="ANTHRO_datachk" name="Check_ANTHRO_dataset"/>
    <testcase time="0.00300000000000011" classname="ANTHRO_datachk" name="Check_ANTHRO_dataset"/>
    <testcase time="0.00300000000000011" classname="ANTHRO_datachk" name="Check_ANTHRO_dataset"/>
    <testcase time="0.195999999999998" classname="ANTHRO_datachk" name="Check_ANTHRO_dataset"/>
    <testcase time="0.00200000000000244" classname="ANTHRO_datachk" name="Check_ANTHRO_dataset"/>
    <testcase time="0.00199999999999889" classname="ANTHRO_datachk" name="Check_ANTHRO_dataset"/>
    <testcase time="0.00199999999999889" classname="ANTHRO_datachk" name="Check_ANTHRO_dataset"/>
    <testcase time="0.00200000000000244" classname="ANTHRO_datachk" name="Check_ANTHRO_dataset"/>
    <testcase time="0.000999999999997669" classname="ANTHRO_datachk" name="Check_ANTHRO_dataset"/>
    <testcase time="0.00200000000000244" classname="ANTHRO_datachk" name="Check_ANTHRO_dataset"/>
    <testcase time="0.00199999999999889" classname="ANTHRO_datachk" name="Check_ANTHRO_dataset"/>
    <testcase time="0.00100000000000122" classname="ANTHRO_datachk" name="Check_ANTHRO_dataset"/>
  </testsuite>
  <testsuite name="ANTHRO::datachk::shutdown" timestamp="2026-03-21T03:28:23Z" hostname="runnervm46oaq" tests="3" skipped="0" failures="1" errors="0" time="0.224">
    <testcase time="0.206" classname="ANTHRO_datachk_shutdown" name="shutdown">
      <failure type="failure" message="Expected `study.current.variables$objects.found` to have the same values as `expected.variables`. ('test-datachk-ANTHRO.R:165:5')">Expected `study.current.variables$objects.found` to have the same values as `expected.variables`.
Actual: "D", "read_datashield_inst", "to_df"
Expected: "D"
Needs: "read_datashield_inst", "to_df"
Backtrace:
    x
 1. \-global ds_expect_variables(c("D")) at test-datachk-ANTHRO.R:165:5
 2.   \-testthat::expect_setequal(...)</failure>
    </testcase>
    <testcase time="0.0169999999999995" classname="ANTHRO_datachk_shutdown" name="shutdown"/>
    <testcase time="0.000999999999997669" classname="ANTHRO_datachk_shutdown" name="shutdown"/>
  </testsuite>
  <testsuite name="ANTHRO::datachk::done" timestamp="2026-03-21T03:28:23Z" hostname="runnervm46oaq" tests="0" skipped="0" failures="0" errors="0" time="0"/>
  <testsuite name="datachk-CLUSTER_INT" timestamp="2026-03-21T03:28:23Z" hostname="runnervm46oaq" tests="0" skipped="0" failures="0" errors="0" time="0"/>
  <testsuite name="CLUSTER_INT::datachk::setup" timestamp="2026-03-21T03:28:23Z" hostname="runnervm46oaq" tests="3" skipped="0" failures="0" errors="0" time="8.003">
    <testcase time="8" classname="CLUSTER_INT_datachk_setup" name="setup"/>
    <testcase time="0.000999999999997669" classname="CLUSTER_INT_datachk_setup" name="setup"/>
    <testcase time="0.00199999999999889" classname="CLUSTER_INT_datachk_setup" name="setup"/>
  </testsuite>
  <testsuite name="CLUSTER_INT::datachk" timestamp="2026-03-21T03:28:31Z" hostname="runnervm46oaq" tests="230" skipped="0" failures="0" errors="0" time="8.146">
    <testcase time="0.339000000000002" classname="CLUSTER_INT_datachk" name="Check_CLUSTER_INT_dataset"/>
    <testcase time="0.00199999999999889" classname="CLUSTER_INT_datachk" name="Check_CLUSTER_INT_dataset"/>
    <testcase time="0.00300000000000011" classname="CLUSTER_INT_datachk" name="Check_CLUSTER_INT_dataset"/>
    <testcase time="0.00100000000000122" classname="CLUSTER_INT_datachk" name="Check_CLUSTER_INT_dataset"/>
    <testcase time="0.00300000000000011" classname="CLUSTER_INT_datachk" name="Check_CLUSTER_INT_dataset"/>
    <testcase time="0.00199999999999889" classname="CLUSTER_INT_datachk" name="Check_CLUSTER_INT_dataset"/>
    <testcase time="0.00199999999999889" classname="CLUSTER_INT_datachk" name="Check_CLUSTER_INT_dataset"/>
    <testcase time="0.184000000000001" classname="CLUSTER_INT_datachk" name="Check_CLUSTER_INT_dataset"/>
    <testcase time="0.00199999999999889" classname="CLUSTER_INT_datachk" name="Check_CLUSTER_INT_dataset"/>
    <testcase time="0.00200000000000244" classname="CLUSTER_INT_datachk" name="Check_CLUSTER_INT_dataset"/>
    <testcase time="0.000999999999997669" classname="CLUSTER_INT_datachk" name="Check_CLUSTER_INT_dataset"/>
    <testcase time="0.00200000000000244" classname="CLUSTER_INT_datachk" name="Check_CLUSTER_INT_dataset"/>
    <testcase time="0.000999999999997669" classname="CLUSTER_INT_datachk" name="Check_CLUSTER_INT_dataset"/>
    <testcase time="0.00100000000000122" classname="CLUSTER_INT_datachk" name="Check_CLUSTER_INT_dataset"/>
    <testcase time="0.00199999999999889" classname="CLUSTER_INT_datachk" name="Check_CLUSTER_INT_dataset"/>
    <testcase time="0.414000000000001" classname="CLUSTER_INT_datachk" name="Check_CLUSTER_INT_dataset"/>
    <testcase time="0.00199999999999889" classname="CLUSTER_INT_datachk" name="Check_CLUSTER_INT_dataset"/>
    <testcase time="0.00300000000000011" classname="CLUSTER_INT_datachk" name="Check_CLUSTER_INT_dataset"/>
    <testcase time="0.00199999999999889" classname="CLUSTER_INT_datachk" name="Check_CLUSTER_INT_dataset"/>
    <testcase time="0.00300000000000011" classname="CLUSTER_INT_datachk" name="Check_CLUSTER_INT_dataset"/>
    <testcase time="0.00100000000000122" classname="CLUSTER_INT_datachk" name="Check_CLUSTER_INT_dataset"/>
    <testcase time="0.00300000000000011" classname="CLUSTER_INT_datachk" name="Check_CLUSTER_INT_dataset"/>
    <testcase time="0.359999999999999" classname="CLUSTER_INT_datachk" name="Check_CLUSTER_INT_dataset"/>
    <testcase time="0.00200000000000244" classname="CLUSTER_INT_datachk" name="Check_CLUSTER_INT_dataset"/>
    <testcase time="0.000999999999997669" classname="CLUSTER_INT_datachk" name="Check_CLUSTER_INT_dataset"/>
    <testcase time="0.00100000000000122" classname="CLUSTER_INT_datachk" name="Check_CLUSTER_INT_dataset"/>
    <testcase time="0.00199999999999889" classname="CLUSTER_INT_datachk" name="Check_CLUSTER_INT_dataset"/>
    <testcase time="0.00100000000000122" classname="CLUSTER_INT_datachk" name="Check_CLUSTER_INT_dataset"/>
    <testcase time="0.00199999999999889" classname="CLUSTER_INT_datachk" name="Check_CLUSTER_INT_dataset"/>
    <testcase time="0.18" classname="CLUSTER_INT_datachk" name="Check_CLUSTER_INT_dataset"/>
    <testcase time="0.00200000000000244" classname="CLUSTER_INT_datachk" name="Check_CLUSTER_INT_dataset"/>
    <testcase time="0.000999999999997669" classname="CLUSTER_INT_datachk" name="Check_CLUSTER_INT_dataset"/>
    <testcase time="0.00200000000000244" classname="CLUSTER_INT_datachk" name="Check_CLUSTER_INT_dataset"/>
    <testcase time="0.000999999999997669" classname="CLUSTER_INT_datachk" name="Check_CLUSTER_INT_dataset"/>
    <testcase time="0.00100000000000122" classname="CLUSTER_INT_datachk" name="Check_CLUSTER_INT_dataset"/>
    <testcase time="0.00100000000000122" classname="CLUSTER_INT_datachk" name="Check_CLUSTER_INT_dataset"/>
    <testcase time="0.00100000000000122" classname="CLUSTER_INT_datachk" name="Check_CLUSTER_INT_dataset"/>
    <testcase time="0.00199999999999889" classname="CLUSTER_INT_datachk" name="Check_CLUSTER_INT_dataset"/>
    <testcase time="0.353000000000002" classname="CLUSTER_INT_datachk" name="Check_CLUSTER_INT_dataset"/>
    <testcase time="0.00199999999999889" classname="CLUSTER_INT_datachk" name="Check_CLUSTER_INT_dataset"/>
    <testcase time="0.00199999999999889" classname="CLUSTER_INT_datachk" name="Check_CLUSTER_INT_dataset"/>
    <testcase time="0.00100000000000122" classname="CLUSTER_INT_datachk" name="Check_CLUSTER_INT_dataset"/>
    <testcase time="0.00199999999999889" classname="CLUSTER_INT_datachk" name="Check_CLUSTER_INT_dataset"/>
    <testcase time="0.00100000000000122" classname="CLUSTER_INT_datachk" name="Check_CLUSTER_INT_dataset"/>
    <testcase time="0.00199999999999889" classname="CLUSTER_INT_datachk" name="Check_CLUSTER_INT_dataset"/>
    <testcase time="0.151" classname="CLUSTER_INT_datachk" name="Check_CLUSTER_INT_dataset"/>
    <testcase time="0.00100000000000122" classname="CLUSTER_INT_datachk" name="Check_CLUSTER_INT_dataset"/>
    <testcase time="0.00199999999999889" classname="CLUSTER_INT_datachk" name="Check_CLUSTER_INT_dataset"/>
    <testcase time="0.00200000000000244" classname="CLUSTER_INT_datachk" name="Check_CLUSTER_INT_dataset"/>
    <testcase time="0.000999999999997669" classname="CLUSTER_INT_datachk" name="Check_CLUSTER_INT_dataset"/>
    <testcase time="0.00200000000000244" classname="CLUSTER_INT_datachk" name="Check_CLUSTER_INT_dataset"/>
    <testcase time="0.000999999999997669" classname="CLUSTER_INT_datachk" name="Check_CLUSTER_INT_dataset"/>
    <testcase time="0.00199999999999889" classname="CLUSTER_INT_datachk" name="Check_CLUSTER_INT_dataset"/>
    <testcase time="0.00100000000000122" classname="CLUSTER_INT_datachk" name="Check_CLUSTER_INT_dataset"/>
    <testcase time="0.372" classname="CLUSTER_INT_datachk" name="Check_CLUSTER_INT_dataset"/>
    <testcase time="0.00100000000000122" classname="CLUSTER_INT_datachk" name="Check_CLUSTER_INT_dataset"/>
    <testcase time="0.00199999999999889" classname="CLUSTER_INT_datachk" name="Check_CLUSTER_INT_dataset"/>
    <testcase time="0.00100000000000122" classname="CLUSTER_INT_datachk" name="Check_CLUSTER_INT_dataset"/>
    <testcase time="0.00199999999999889" classname="CLUSTER_INT_datachk" name="Check_CLUSTER_INT_dataset"/>
    <testcase time="0.00100000000000122" classname="CLUSTER_INT_datachk" name="Check_CLUSTER_INT_dataset"/>
    <testcase time="0.00199999999999889" classname="CLUSTER_INT_datachk" name="Check_CLUSTER_INT_dataset"/>
    <testcase time="0.187000000000001" classname="CLUSTER_INT_datachk" name="Check_CLUSTER_INT_dataset"/>
    <testcase time="0.00199999999999889" classname="CLUSTER_INT_datachk" name="Check_CLUSTER_INT_dataset"/>
    <testcase time="0.00199999999999889" classname="CLUSTER_INT_datachk" name="Check_CLUSTER_INT_dataset"/>
    <testcase time="0.00100000000000122" classname="CLUSTER_INT_datachk" name="Check_CLUSTER_INT_dataset"/>
    <testcase time="0.00199999999999889" classname="CLUSTER_INT_datachk" name="Check_CLUSTER_INT_dataset"/>
    <testcase time="0.00100000000000122" classname="CLUSTER_INT_datachk" name="Check_CLUSTER_INT_dataset"/>
    <testcase time="0.00199999999999889" classname="CLUSTER_INT_datachk" name="Check_CLUSTER_INT_dataset"/>
    <testcase time="0.00100000000000122" classname="CLUSTER_INT_datachk" name="Check_CLUSTER_INT_dataset"/>
    <testcase time="0.00199999999999889" classname="CLUSTER_INT_datachk" name="Check_CLUSTER_INT_dataset"/>
    <testcase time="0.352" classname="CLUSTER_INT_datachk" name="Check_CLUSTER_INT_dataset"/>
    <testcase time="0.00200000000000244" classname="CLUSTER_INT_datachk" name="Check_CLUSTER_INT_dataset"/>
    <testcase time="0.000999999999997669" classname="CLUSTER_INT_datachk" name="Check_CLUSTER_INT_dataset"/>
    <testcase time="0.00199999999999889" classname="CLUSTER_INT_datachk" name="Check_CLUSTER_INT_dataset"/>
    <testcase time="0.00200000000000244" classname="CLUSTER_INT_datachk" name="Check_CLUSTER_INT_dataset"/>
    <testcase time="0.000999999999997669" classname="CLUSTER_INT_datachk" name="Check_CLUSTER_INT_dataset"/>
    <testcase time="0.00200000000000244" classname="CLUSTER_INT_datachk" name="Check_CLUSTER_INT_dataset"/>
    <testcase time="0.177" classname="CLUSTER_INT_datachk" name="Check_CLUSTER_INT_dataset"/>
    <testcase time="0.00199999999999889" classname="CLUSTER_INT_datachk" name="Check_CLUSTER_INT_dataset"/>
    <testcase time="0.00200000000000244" classname="CLUSTER_INT_datachk" name="Check_CLUSTER_INT_dataset"/>
    <testcase time="0.00199999999999889" classname="CLUSTER_INT_datachk" name="Check_CLUSTER_INT_dataset"/>
    <testcase time="0.000999999999997669" classname="CLUSTER_INT_datachk" name="Check_CLUSTER_INT_dataset"/>
    <testcase time="0.00200000000000244" classname="CLUSTER_INT_datachk" name="Check_CLUSTER_INT_dataset"/>
    <testcase time="0.00199999999999889" classname="CLUSTER_INT_datachk" name="Check_CLUSTER_INT_dataset"/>
    <testcase time="0.00100000000000122" classname="CLUSTER_INT_datachk" name="Check_CLUSTER_INT_dataset"/>
    <testcase time="0.00199999999999889" classname="CLUSTER_INT_datachk" name="Check_CLUSTER_INT_dataset"/>
    <testcase time="0.359999999999999" classname="CLUSTER_INT_datachk" name="Check_CLUSTER_INT_dataset"/>
    <testcase time="0.00200000000000244" classname="CLUSTER_INT_datachk" name="Check_CLUSTER_INT_dataset"/>
    <testcase time="0.00199999999999889" classname="CLUSTER_INT_datachk" name="Check_CLUSTER_INT_dataset"/>
    <testcase time="0.00199999999999889" classname="CLUSTER_INT_datachk" name="Check_CLUSTER_INT_dataset"/>
    <testcase time="0.00100000000000122" classname="CLUSTER_INT_datachk" name="Check_CLUSTER_INT_dataset"/>
    <testcase time="0.00199999999999889" classname="CLUSTER_INT_datachk" name="Check_CLUSTER_INT_dataset"/>
    <testcase time="0.00199999999999889" classname="CLUSTER_INT_datachk" name="Check_CLUSTER_INT_dataset"/>
    <testcase time="0.177" classname="CLUSTER_INT_datachk" name="Check_CLUSTER_INT_dataset"/>
    <testcase time="0.00200000000000244" classname="CLUSTER_INT_datachk" name="Check_CLUSTER_INT_dataset"/>
    <testcase time="0.00200000000000244" classname="CLUSTER_INT_datachk" name="Check_CLUSTER_INT_dataset"/>
    <testcase time="0.000999999999997669" classname="CLUSTER_INT_datachk" name="Check_CLUSTER_INT_dataset"/>
    <testcase time="0.00100000000000477" classname="CLUSTER_INT_datachk" name="Check_CLUSTER_INT_dataset"/>
    <testcase time="0.00199999999999534" classname="CLUSTER_INT_datachk" name="Check_CLUSTER_INT_dataset"/>
    <testcase time="0.00200000000000244" classname="CLUSTER_INT_datachk" name="Check_CLUSTER_INT_dataset"/>
    <testcase time="0.000999999999997669" classname="CLUSTER_INT_datachk" name="Check_CLUSTER_INT_dataset"/>
    <testcase time="0.00200000000000244" classname="CLUSTER_INT_datachk" name="Check_CLUSTER_INT_dataset"/>
    <testcase time="0.353999999999999" classname="CLUSTER_INT_datachk" name="Check_CLUSTER_INT_dataset"/>
    <testcase time="0.000999999999997669" classname="CLUSTER_INT_datachk" name="Check_CLUSTER_INT_dataset"/>
    <testcase time="0.000999999999997669" classname="CLUSTER_INT_datachk" name="Check_CLUSTER_INT_dataset"/>
    <testcase time="0.00200000000000244" classname="CLUSTER_INT_datachk" name="Check_CLUSTER_INT_dataset"/>
    <testcase time="0.00199999999999534" classname="CLUSTER_INT_datachk" name="Check_CLUSTER_INT_dataset"/>
    <testcase time="0.00100000000000477" classname="CLUSTER_INT_datachk" name="Check_CLUSTER_INT_dataset"/>
    <testcase time="0.00199999999999534" classname="CLUSTER_INT_datachk" name="Check_CLUSTER_INT_dataset"/>
    <testcase time="0.188000000000002" classname="CLUSTER_INT_datachk" name="Check_CLUSTER_INT_dataset"/>
    <testcase time="0.00200000000000244" classname="CLUSTER_INT_datachk" name="Check_CLUSTER_INT_dataset"/>
    <testcase time="0.00199999999999534" classname="CLUSTER_INT_datachk" name="Check_CLUSTER_INT_dataset"/>
    <testcase time="0.00200000000000244" classname="CLUSTER_INT_datachk" name="Check_CLUSTER_INT_dataset"/>
    <testcase time="0.00200000000000244" classname="CLUSTER_INT_datachk" name="Check_CLUSTER_INT_dataset"/>
    <testcase time="0.00199999999999534" classname="CLUSTER_INT_datachk" name="Check_CLUSTER_INT_dataset"/>
    <testcase time="0.00200000000000244" classname="CLUSTER_INT_datachk" name="Check_CLUSTER_INT_dataset"/>
    <testcase time="0.000999999999997669" classname="CLUSTER_INT_datachk" name="Check_CLUSTER_INT_dataset"/>
    <testcase time="0.00200000000000244" classname="CLUSTER_INT_datachk" name="Check_CLUSTER_INT_dataset"/>
    <testcase time="0.348999999999997" classname="CLUSTER_INT_datachk" name="Check_CLUSTER_INT_dataset"/>
    <testcase time="0.00200000000000244" classname="CLUSTER_INT_datachk" name="Check_CLUSTER_INT_dataset"/>
    <testcase time="0.000999999999997669" classname="CLUSTER_INT_datachk" name="Check_CLUSTER_INT_dataset"/>
    <testcase time="0.00200000000000244" classname="CLUSTER_INT_datachk" name="Check_CLUSTER_INT_dataset"/>
    <testcase time="0.00200000000000244" classname="CLUSTER_INT_datachk" name="Check_CLUSTER_INT_dataset"/>
    <testcase time="0.00199999999999534" classname="CLUSTER_INT_datachk" name="Check_CLUSTER_INT_dataset"/>
    <testcase time="0.00100000000000477" classname="CLUSTER_INT_datachk" name="Check_CLUSTER_INT_dataset"/>
    <testcase time="0.173999999999999" classname="CLUSTER_INT_datachk" name="Check_CLUSTER_INT_dataset"/>
    <testcase time="0.00199999999999534" classname="CLUSTER_INT_datachk" name="Check_CLUSTER_INT_dataset"/>
    <testcase time="0.00200000000000244" classname="CLUSTER_INT_datachk" name="Check_CLUSTER_INT_dataset"/>
    <testcase time="0.00200000000000244" classname="CLUSTER_INT_datachk" name="Check_CLUSTER_INT_dataset"/>
    <testcase time="0.00199999999999534" classname="CLUSTER_INT_datachk" name="Check_CLUSTER_INT_dataset"/>
    <testcase time="0.00100000000000477" classname="CLUSTER_INT_datachk" name="Check_CLUSTER_INT_dataset"/>
    <testcase time="0.00199999999999534" classname="CLUSTER_INT_datachk" name="Check_CLUSTER_INT_dataset"/>
    <testcase time="0.00200000000000244" classname="CLUSTER_INT_datachk" name="Check_CLUSTER_INT_dataset"/>
    <testcase time="0.00200000000000244" classname="CLUSTER_INT_datachk" name="Check_CLUSTER_INT_dataset"/>
    <testcase time="0.357999999999997" classname="CLUSTER_INT_datachk" name="Check_CLUSTER_INT_dataset"/>
    <testcase time="0.00200000000000244" classname="CLUSTER_INT_datachk" name="Check_CLUSTER_INT_dataset"/>
    <testcase time="0.00199999999999534" classname="CLUSTER_INT_datachk" name="Check_CLUSTER_INT_dataset"/>
    <testcase time="0.00100000000000477" classname="CLUSTER_INT_datachk" name="Check_CLUSTER_INT_dataset"/>
    <testcase time="0.00199999999999534" classname="CLUSTER_INT_datachk" name="Check_CLUSTER_INT_dataset"/>
    <testcase time="0.00200000000000244" classname="CLUSTER_INT_datachk" name="Check_CLUSTER_INT_dataset"/>
    <testcase time="0.00200000000000244" classname="CLUSTER_INT_datachk" name="Check_CLUSTER_INT_dataset"/>
    <testcase time="0.178999999999995" classname="CLUSTER_INT_datachk" name="Check_CLUSTER_INT_dataset"/>
    <testcase time="0.00200000000000244" classname="CLUSTER_INT_datachk" name="Check_CLUSTER_INT_dataset"/>
    <testcase time="0.00200000000000244" classname="CLUSTER_INT_datachk" name="Check_CLUSTER_INT_dataset"/>
    <testcase time="0.00199999999999534" classname="CLUSTER_INT_datachk" name="Check_CLUSTER_INT_dataset"/>
    <testcase time="0.00200000000000244" classname="CLUSTER_INT_datachk" name="Check_CLUSTER_INT_dataset"/>
    <testcase time="0.00200000000000244" classname="CLUSTER_INT_datachk" name="Check_CLUSTER_INT_dataset"/>
    <testcase time="0.00199999999999534" classname="CLUSTER_INT_datachk" name="Check_CLUSTER_INT_dataset"/>
    <testcase time="0.00200000000000244" classname="CLUSTER_INT_datachk" name="Check_CLUSTER_INT_dataset"/>
    <testcase time="0.000999999999997669" classname="CLUSTER_INT_datachk" name="Check_CLUSTER_INT_dataset"/>
    <testcase time="0.353000000000002" classname="CLUSTER_INT_datachk" name="Check_CLUSTER_INT_dataset"/>
    <testcase time="0.00300000000000011" classname="CLUSTER_INT_datachk" name="Check_CLUSTER_INT_dataset"/>
    <testcase time="0.000999999999997669" classname="CLUSTER_INT_datachk" name="Check_CLUSTER_INT_dataset"/>
    <testcase time="0.00200000000000244" classname="CLUSTER_INT_datachk" name="Check_CLUSTER_INT_dataset"/>
    <testcase time="0.00200000000000244" classname="CLUSTER_INT_datachk" name="Check_CLUSTER_INT_dataset"/>
    <testcase time="0.00199999999999534" classname="CLUSTER_INT_datachk" name="Check_CLUSTER_INT_dataset"/>
    <testcase time="0.00200000000000244" classname="CLUSTER_INT_datachk" name="Check_CLUSTER_INT_dataset"/>
    <testcase time="0.148000000000003" classname="CLUSTER_INT_datachk" name="Check_CLUSTER_INT_dataset"/>
    <testcase time="0.00199999999999534" classname="CLUSTER_INT_datachk" name="Check_CLUSTER_INT_dataset"/>
    <testcase time="0.00200000000000244" classname="CLUSTER_INT_datachk" name="Check_CLUSTER_INT_dataset"/>
    <testcase time="0.00199999999999534" classname="CLUSTER_INT_datachk" name="Check_CLUSTER_INT_dataset"/>
    <testcase time="0.00200000000000244" classname="CLUSTER_INT_datachk" name="Check_CLUSTER_INT_dataset"/>
    <testcase time="0.000999999999997669" classname="CLUSTER_INT_datachk" name="Check_CLUSTER_INT_dataset"/>
    <testcase time="0.00200000000000244" classname="CLUSTER_INT_datachk" name="Check_CLUSTER_INT_dataset"/>
    <testcase time="0.00200000000000244" classname="CLUSTER_INT_datachk" name="Check_CLUSTER_INT_dataset"/>
    <testcase time="0.00199999999999534" classname="CLUSTER_INT_datachk" name="Check_CLUSTER_INT_dataset"/>
    <testcase time="0.350000000000001" classname="CLUSTER_INT_datachk" name="Check_CLUSTER_INT_dataset"/>
    <testcase time="0.00200000000000244" classname="CLUSTER_INT_datachk" name="Check_CLUSTER_INT_dataset"/>
    <testcase time="0.00100000000000477" classname="CLUSTER_INT_datachk" name="Check_CLUSTER_INT_dataset"/>
    <testcase time="0.00199999999999534" classname="CLUSTER_INT_datachk" name="Check_CLUSTER_INT_dataset"/>
    <testcase time="0.00200000000000244" classname="CLUSTER_INT_datachk" name="Check_CLUSTER_INT_dataset"/>
    <testcase time="0.00200000000000244" classname="CLUSTER_INT_datachk" name="Check_CLUSTER_INT_dataset"/>
    <testcase time="0.00199999999999534" classname="CLUSTER_INT_datachk" name="Check_CLUSTER_INT_dataset"/>
    <testcase time="0.140000000000001" classname="CLUSTER_INT_datachk" name="Check_CLUSTER_INT_dataset"/>
    <testcase time="0.00200000000000244" classname="CLUSTER_INT_datachk" name="Check_CLUSTER_INT_dataset"/>
    <testcase time="0.00199999999999534" classname="CLUSTER_INT_datachk" name="Check_CLUSTER_INT_dataset"/>
    <testcase time="0.00200000000000244" classname="CLUSTER_INT_datachk" name="Check_CLUSTER_INT_dataset"/>
    <testcase time="0.00200000000000244" classname="CLUSTER_INT_datachk" name="Check_CLUSTER_INT_dataset"/>
    <testcase time="0.00199999999999534" classname="CLUSTER_INT_datachk" name="Check_CLUSTER_INT_dataset"/>
    <testcase time="0.00200000000000244" classname="CLUSTER_INT_datachk" name="Check_CLUSTER_INT_dataset"/>
    <testcase time="0.00200000000000244" classname="CLUSTER_INT_datachk" name="Check_CLUSTER_INT_dataset"/>
    <testcase time="0.00199999999999534" classname="CLUSTER_INT_datachk" name="Check_CLUSTER_INT_dataset"/>
    <testcase time="0.358000000000004" classname="CLUSTER_INT_datachk" name="Check_CLUSTER_INT_dataset"/>
    <testcase time="0.00199999999999534" classname="CLUSTER_INT_datachk" name="Check_CLUSTER_INT_dataset"/>
    <testcase time="0.00200000000000244" classname="CLUSTER_INT_datachk" name="Check_CLUSTER_INT_dataset"/>
    <testcase time="0.00200000000000244" classname="CLUSTER_INT_datachk" name="Check_CLUSTER_INT_dataset"/>
    <testcase time="0.00199999999999534" classname="CLUSTER_INT_datachk" name="Check_CLUSTER_INT_dataset"/>
    <testcase time="0.00200000000000244" classname="CLUSTER_INT_datachk" name="Check_CLUSTER_INT_dataset"/>
    <testcase time="0.00200000000000244" classname="CLUSTER_INT_datachk" name="Check_CLUSTER_INT_dataset"/>
    <testcase time="0.175999999999995" classname="CLUSTER_INT_datachk" name="Check_CLUSTER_INT_dataset"/>
    <testcase time="0.00200000000000244" classname="CLUSTER_INT_datachk" name="Check_CLUSTER_INT_dataset"/>
    <testcase time="0.00200000000000244" classname="CLUSTER_INT_datachk" name="Check_CLUSTER_INT_dataset"/>
    <testcase time="0.00199999999999534" classname="CLUSTER_INT_datachk" name="Check_CLUSTER_INT_dataset"/>
    <testcase time="0.00300000000000011" classname="CLUSTER_INT_datachk" name="Check_CLUSTER_INT_dataset"/>
    <testcase time="0.00200000000000244" classname="CLUSTER_INT_datachk" name="Check_CLUSTER_INT_dataset"/>
    <testcase time="0.00200000000000244" classname="CLUSTER_INT_datachk" name="Check_CLUSTER_INT_dataset"/>
    <testcase time="0.00199999999999534" classname="CLUSTER_INT_datachk" name="Check_CLUSTER_INT_dataset"/>
    <testcase time="0.007000000000005" classname="CLUSTER_INT_datachk" name="Check_CLUSTER_INT_dataset"/>
    <testcase time="0.346999999999994" classname="CLUSTER_INT_datachk" name="Check_CLUSTER_INT_dataset"/>
    <testcase time="0.00200000000000244" classname="CLUSTER_INT_datachk" name="Check_CLUSTER_INT_dataset"/>
    <testcase time="0.00200000000000244" classname="CLUSTER_INT_datachk" name="Check_CLUSTER_INT_dataset"/>
    <testcase time="0.00199999999999534" classname="CLUSTER_INT_datachk" name="Check_CLUSTER_INT_dataset"/>
    <testcase time="0.00200000000000244" classname="CLUSTER_INT_datachk" name="Check_CLUSTER_INT_dataset"/>
    <testcase time="0.00200000000000244" classname="CLUSTER_INT_datachk" name="Check_CLUSTER_INT_dataset"/>
    <testcase time="0.00199999999999534" classname="CLUSTER_INT_datachk" name="Check_CLUSTER_INT_dataset"/>
    <testcase time="0.173999999999999" classname="CLUSTER_INT_datachk" name="Check_CLUSTER_INT_dataset"/>
    <testcase time="0.00300000000000011" classname="CLUSTER_INT_datachk" name="Check_CLUSTER_INT_dataset"/>
    <testcase time="0.00200000000000244" classname="CLUSTER_INT_datachk" name="Check_CLUSTER_INT_dataset"/>
    <testcase time="0.00200000000000244" classname="CLUSTER_INT_datachk" name="Check_CLUSTER_INT_dataset"/>
    <testcase time="0.00199999999999534" classname="CLUSTER_INT_datachk" name="Check_CLUSTER_INT_dataset"/>
    <testcase time="0.00200000000000244" classname="CLUSTER_INT_datachk" name="Check_CLUSTER_INT_dataset"/>
    <testcase time="0.00300000000000011" classname="CLUSTER_INT_datachk" name="Check_CLUSTER_INT_dataset"/>
    <testcase time="0.00200000000000244" classname="CLUSTER_INT_datachk" name="Check_CLUSTER_INT_dataset"/>
    <testcase time="0.00199999999999534" classname="CLUSTER_INT_datachk" name="Check_CLUSTER_INT_dataset"/>
    <testcase time="0.346000000000004" classname="CLUSTER_INT_datachk" name="Check_CLUSTER_INT_dataset"/>
    <testcase time="0.00200000000000244" classname="CLUSTER_INT_datachk" name="Check_CLUSTER_INT_dataset"/>
    <testcase time="0.00199999999999534" classname="CLUSTER_INT_datachk" name="Check_CLUSTER_INT_dataset"/>
    <testcase time="0.00200000000000244" classname="CLUSTER_INT_datachk" name="Check_CLUSTER_INT_dataset"/>
    <testcase time="0.00199999999999534" classname="CLUSTER_INT_datachk" name="Check_CLUSTER_INT_dataset"/>
    <testcase time="0.00200000000000244" classname="CLUSTER_INT_datachk" name="Check_CLUSTER_INT_dataset"/>
    <testcase time="0.00200000000000244" classname="CLUSTER_INT_datachk" name="Check_CLUSTER_INT_dataset"/>
    <testcase time="0.173999999999999" classname="CLUSTER_INT_datachk" name="Check_CLUSTER_INT_dataset"/>
    <testcase time="0.00200000000000244" classname="CLUSTER_INT_datachk" name="Check_CLUSTER_INT_dataset"/>
    <testcase time="0.00300000000000011" classname="CLUSTER_INT_datachk" name="Check_CLUSTER_INT_dataset"/>
    <testcase time="0.00199999999999534" classname="CLUSTER_INT_datachk" name="Check_CLUSTER_INT_dataset"/>
    <testcase time="0.00200000000000244" classname="CLUSTER_INT_datachk" name="Check_CLUSTER_INT_dataset"/>
    <testcase time="0.00199999999999534" classname="CLUSTER_INT_datachk" name="Check_CLUSTER_INT_dataset"/>
    <testcase time="0.00200000000000244" classname="CLUSTER_INT_datachk" name="Check_CLUSTER_INT_dataset"/>
    <testcase time="0.00200000000000244" classname="CLUSTER_INT_datachk" name="Check_CLUSTER_INT_dataset"/>
    <testcase time="0.00199999999999534" classname="CLUSTER_INT_datachk" name="Check_CLUSTER_INT_dataset"/>
  </testsuite>
  <testsuite name="CLUSTER_INT::datachk::shutdown" timestamp="2026-03-21T03:28:39Z" hostname="runnervm46oaq" tests="3" skipped="0" failures="0" errors="0" time="0.184">
    <testcase time="0.181000000000004" classname="CLUSTER_INT_datachk_shutdown" name="shutdown"/>
    <testcase time="0.00199999999999534" classname="CLUSTER_INT_datachk_shutdown" name="shutdown"/>
    <testcase time="0.00100000000000477" classname="CLUSTER_INT_datachk_shutdown" name="shutdown"/>
  </testsuite>
  <testsuite name="CLUSTER_INT::datachk::done" timestamp="2026-03-21T03:28:40Z" hostname="runnervm46oaq" tests="0" skipped="0" failures="0" errors="0" time="0"/>
  <testsuite name="datachk-CLUSTER_SLO" timestamp="2026-03-21T03:28:40Z" hostname="runnervm46oaq" tests="0" skipped="0" failures="0" errors="0" time="0"/>
  <testsuite name="CLUSTER_SLO::datachk::setup" timestamp="2026-03-21T03:28:40Z" hostname="runnervm46oaq" tests="3" skipped="0" failures="0" errors="0" time="7.929">
    <testcase time="7.925" classname="CLUSTER_SLO_datachk_setup" name="setup"/>
    <testcase time="0.00300000000000011" classname="CLUSTER_SLO_datachk_setup" name="setup"/>
    <testcase time="0.00100000000000477" classname="CLUSTER_SLO_datachk_setup" name="setup"/>
  </testsuite>
  <testsuite name="CLUSTER_SLO::datachk" timestamp="2026-03-21T03:28:47Z" hostname="runnervm46oaq" tests="230" skipped="0" failures="0" errors="0" time="8.012">
    <testcase time="0.357999999999997" classname="CLUSTER_SLO_datachk" name="Check_CLUSTER_SLO_dataset"/>
    <testcase time="0.000999999999997669" classname="CLUSTER_SLO_datachk" name="Check_CLUSTER_SLO_dataset"/>
    <testcase time="0.00300000000000011" classname="CLUSTER_SLO_datachk" name="Check_CLUSTER_SLO_dataset"/>
    <testcase time="0.00100000000000477" classname="CLUSTER_SLO_datachk" name="Check_CLUSTER_SLO_dataset"/>
    <testcase time="0.00200000000000244" classname="CLUSTER_SLO_datachk" name="Check_CLUSTER_SLO_dataset"/>
    <testcase time="0.00199999999999534" classname="CLUSTER_SLO_datachk" name="Check_CLUSTER_SLO_dataset"/>
    <testcase time="0.00200000000000244" classname="CLUSTER_SLO_datachk" name="Check_CLUSTER_SLO_dataset"/>
    <testcase time="0.173000000000002" classname="CLUSTER_SLO_datachk" name="Check_CLUSTER_SLO_dataset"/>
    <testcase time="0.00199999999999534" classname="CLUSTER_SLO_datachk" name="Check_CLUSTER_SLO_dataset"/>
    <testcase time="0.00100000000000477" classname="CLUSTER_SLO_datachk" name="Check_CLUSTER_SLO_dataset"/>
    <testcase time="0.00199999999999534" classname="CLUSTER_SLO_datachk" name="Check_CLUSTER_SLO_dataset"/>
    <testcase time="0.00100000000000477" classname="CLUSTER_SLO_datachk" name="Check_CLUSTER_SLO_dataset"/>
    <testcase time="0.000999999999997669" classname="CLUSTER_SLO_datachk" name="Check_CLUSTER_SLO_dataset"/>
    <testcase time="0.00200000000000244" classname="CLUSTER_SLO_datachk" name="Check_CLUSTER_SLO_dataset"/>
    <testcase time="0.000999999999997669" classname="CLUSTER_SLO_datachk" name="Check_CLUSTER_SLO_dataset"/>
    <testcase time="0.375" classname="CLUSTER_SLO_datachk" name="Check_CLUSTER_SLO_dataset"/>
    <testcase time="0.00200000000000244" classname="CLUSTER_SLO_datachk" name="Check_CLUSTER_SLO_dataset"/>
    <testcase time="0.000999999999997669" classname="CLUSTER_SLO_datachk" name="Check_CLUSTER_SLO_dataset"/>
    <testcase time="0.000999999999997669" classname="CLUSTER_SLO_datachk" name="Check_CLUSTER_SLO_dataset"/>
    <testcase time="0.000999999999997669" classname="CLUSTER_SLO_datachk" name="Check_CLUSTER_SLO_dataset"/>
    <testcase time="0.000999999999997669" classname="CLUSTER_SLO_datachk" name="Check_CLUSTER_SLO_dataset"/>
    <testcase time="0.00200000000000244" classname="CLUSTER_SLO_datachk" name="Check_CLUSTER_SLO_dataset"/>
    <testcase time="0.353000000000002" classname="CLUSTER_SLO_datachk" name="Check_CLUSTER_SLO_dataset"/>
    <testcase time="0.000999999999997669" classname="CLUSTER_SLO_datachk" name="Check_CLUSTER_SLO_dataset"/>
    <testcase time="0.00200000000000244" classname="CLUSTER_SLO_datachk" name="Check_CLUSTER_SLO_dataset"/>
    <testcase time="0.000999999999997669" classname="CLUSTER_SLO_datachk" name="Check_CLUSTER_SLO_dataset"/>
    <testcase time="0.00200000000000244" classname="CLUSTER_SLO_datachk" name="Check_CLUSTER_SLO_dataset"/>
    <testcase time="0.000999999999997669" classname="CLUSTER_SLO_datachk" name="Check_CLUSTER_SLO_dataset"/>
    <testcase time="0.000999999999997669" classname="CLUSTER_SLO_datachk" name="Check_CLUSTER_SLO_dataset"/>
    <testcase time="0.18" classname="CLUSTER_SLO_datachk" name="Check_CLUSTER_SLO_dataset"/>
    <testcase time="0.00300000000000011" classname="CLUSTER_SLO_datachk" name="Check_CLUSTER_SLO_dataset"/>
    <testcase time="0.00200000000000244" classname="CLUSTER_SLO_datachk" name="Check_CLUSTER_SLO_dataset"/>
    <testcase time="0.00200000000000244" classname="CLUSTER_SLO_datachk" name="Check_CLUSTER_SLO_dataset"/>
    <testcase time="0.00199999999999534" classname="CLUSTER_SLO_datachk" name="Check_CLUSTER_SLO_dataset"/>
    <testcase time="0.00200000000000244" classname="CLUSTER_SLO_datachk" name="Check_CLUSTER_SLO_dataset"/>
    <testcase time="0.000999999999997669" classname="CLUSTER_SLO_datachk" name="Check_CLUSTER_SLO_dataset"/>
    <testcase time="0.00200000000000244" classname="CLUSTER_SLO_datachk" name="Check_CLUSTER_SLO_dataset"/>
    <testcase time="0.000999999999997669" classname="CLUSTER_SLO_datachk" name="Check_CLUSTER_SLO_dataset"/>
    <testcase time="0.353000000000002" classname="CLUSTER_SLO_datachk" name="Check_CLUSTER_SLO_dataset"/>
    <testcase time="0.00200000000000244" classname="CLUSTER_SLO_datachk" name="Check_CLUSTER_SLO_dataset"/>
    <testcase time="0.000999999999997669" classname="CLUSTER_SLO_datachk" name="Check_CLUSTER_SLO_dataset"/>
    <testcase time="0.000999999999997669" classname="CLUSTER_SLO_datachk" name="Check_CLUSTER_SLO_dataset"/>
    <testcase time="0.00200000000000244" classname="CLUSTER_SLO_datachk" name="Check_CLUSTER_SLO_dataset"/>
    <testcase time="0.000999999999997669" classname="CLUSTER_SLO_datachk" name="Check_CLUSTER_SLO_dataset"/>
    <testcase time="0.00200000000000244" classname="CLUSTER_SLO_datachk" name="Check_CLUSTER_SLO_dataset"/>
    <testcase time="0.176000000000002" classname="CLUSTER_SLO_datachk" name="Check_CLUSTER_SLO_dataset"/>
    <testcase time="0.00300000000000011" classname="CLUSTER_SLO_datachk" name="Check_CLUSTER_SLO_dataset"/>
    <testcase time="0.00300000000000011" classname="CLUSTER_SLO_datachk" name="Check_CLUSTER_SLO_dataset"/>
    <testcase time="0.00300000000000011" classname="CLUSTER_SLO_datachk" name="Check_CLUSTER_SLO_dataset"/>
    <testcase time="0.00300000000000011" classname="CLUSTER_SLO_datachk" name="Check_CLUSTER_SLO_dataset"/>
    <testcase time="0.00199999999999534" classname="CLUSTER_SLO_datachk" name="Check_CLUSTER_SLO_dataset"/>
    <testcase time="0.00200000000000244" classname="CLUSTER_SLO_datachk" name="Check_CLUSTER_SLO_dataset"/>
    <testcase time="0.000999999999997669" classname="CLUSTER_SLO_datachk" name="Check_CLUSTER_SLO_dataset"/>
    <testcase time="0.00200000000000244" classname="CLUSTER_SLO_datachk" name="Check_CLUSTER_SLO_dataset"/>
    <testcase time="0.344000000000001" classname="CLUSTER_SLO_datachk" name="Check_CLUSTER_SLO_dataset"/>
    <testcase time="0.00199999999999534" classname="CLUSTER_SLO_datachk" name="Check_CLUSTER_SLO_dataset"/>
    <testcase time="0.00100000000000477" classname="CLUSTER_SLO_datachk" name="Check_CLUSTER_SLO_dataset"/>
    <testcase time="0.00199999999999534" classname="CLUSTER_SLO_datachk" name="Check_CLUSTER_SLO_dataset"/>
    <testcase time="0.00100000000000477" classname="CLUSTER_SLO_datachk" name="Check_CLUSTER_SLO_dataset"/>
    <testcase time="0.00199999999999534" classname="CLUSTER_SLO_datachk" name="Check_CLUSTER_SLO_dataset"/>
    <testcase time="0.00100000000000477" classname="CLUSTER_SLO_datachk" name="Check_CLUSTER_SLO_dataset"/>
    <testcase time="0.177999999999997" classname="CLUSTER_SLO_datachk" name="Check_CLUSTER_SLO_dataset"/>
    <testcase time="0.00200000000000244" classname="CLUSTER_SLO_datachk" name="Check_CLUSTER_SLO_dataset"/>
    <testcase time="0.000999999999997669" classname="CLUSTER_SLO_datachk" name="Check_CLUSTER_SLO_dataset"/>
    <testcase time="0.00200000000000244" classname="CLUSTER_SLO_datachk" name="Check_CLUSTER_SLO_dataset"/>
    <testcase time="0.000999999999997669" classname="CLUSTER_SLO_datachk" name="Check_CLUSTER_SLO_dataset"/>
    <testcase time="0.00200000000000244" classname="CLUSTER_SLO_datachk" name="Check_CLUSTER_SLO_dataset"/>
    <testcase time="0.000999999999997669" classname="CLUSTER_SLO_datachk" name="Check_CLUSTER_SLO_dataset"/>
    <testcase time="0.00200000000000244" classname="CLUSTER_SLO_datachk" name="Check_CLUSTER_SLO_dataset"/>
    <testcase time="0.00199999999999534" classname="CLUSTER_SLO_datachk" name="Check_CLUSTER_SLO_dataset"/>
    <testcase time="0.314" classname="CLUSTER_SLO_datachk" name="Check_CLUSTER_SLO_dataset"/>
    <testcase time="0.000999999999997669" classname="CLUSTER_SLO_datachk" name="Check_CLUSTER_SLO_dataset"/>
    <testcase time="0.00200000000000244" classname="CLUSTER_SLO_datachk" name="Check_CLUSTER_SLO_dataset"/>
    <testcase time="0.000999999999997669" classname="CLUSTER_SLO_datachk" name="Check_CLUSTER_SLO_dataset"/>
    <testcase time="0.00200000000000244" classname="CLUSTER_SLO_datachk" name="Check_CLUSTER_SLO_dataset"/>
    <testcase time="0.00199999999999534" classname="CLUSTER_SLO_datachk" name="Check_CLUSTER_SLO_dataset"/>
    <testcase time="0.00100000000000477" classname="CLUSTER_SLO_datachk" name="Check_CLUSTER_SLO_dataset"/>
    <testcase time="0.180999999999997" classname="CLUSTER_SLO_datachk" name="Check_CLUSTER_SLO_dataset"/>
    <testcase time="0.00200000000000244" classname="CLUSTER_SLO_datachk" name="Check_CLUSTER_SLO_dataset"/>
    <testcase time="0.00199999999999534" classname="CLUSTER_SLO_datachk" name="Check_CLUSTER_SLO_dataset"/>
    <testcase time="0.00100000000000477" classname="CLUSTER_SLO_datachk" name="Check_CLUSTER_SLO_dataset"/>
    <testcase time="0.00199999999999534" classname="CLUSTER_SLO_datachk" name="Check_CLUSTER_SLO_dataset"/>
    <testcase time="0.00200000000000244" classname="CLUSTER_SLO_datachk" name="Check_CLUSTER_SLO_dataset"/>
    <testcase time="0.000999999999997669" classname="CLUSTER_SLO_datachk" name="Check_CLUSTER_SLO_dataset"/>
    <testcase time="0.00200000000000244" classname="CLUSTER_SLO_datachk" name="Check_CLUSTER_SLO_dataset"/>
    <testcase time="0.00200000000000244" classname="CLUSTER_SLO_datachk" name="Check_CLUSTER_SLO_dataset"/>
    <testcase time="0.350999999999999" classname="CLUSTER_SLO_datachk" name="Check_CLUSTER_SLO_dataset"/>
    <testcase time="0.000999999999997669" classname="CLUSTER_SLO_datachk" name="Check_CLUSTER_SLO_dataset"/>
    <testcase time="0.00200000000000244" classname="CLUSTER_SLO_datachk" name="Check_CLUSTER_SLO_dataset"/>
    <testcase time="0.00199999999999534" classname="CLUSTER_SLO_datachk" name="Check_CLUSTER_SLO_dataset"/>
    <testcase time="0.00100000000000477" classname="CLUSTER_SLO_datachk" name="Check_CLUSTER_SLO_dataset"/>
    <testcase time="0.00199999999999534" classname="CLUSTER_SLO_datachk" name="Check_CLUSTER_SLO_dataset"/>
    <testcase time="0.00200000000000244" classname="CLUSTER_SLO_datachk" name="Check_CLUSTER_SLO_dataset"/>
    <testcase time="0.173000000000002" classname="CLUSTER_SLO_datachk" name="Check_CLUSTER_SLO_dataset"/>
    <testcase time="0.00199999999999534" classname="CLUSTER_SLO_datachk" name="Check_CLUSTER_SLO_dataset"/>
    <testcase time="0.00200000000000244" classname="CLUSTER_SLO_datachk" name="Check_CLUSTER_SLO_dataset"/>
    <testcase time="0.00200000000000244" classname="CLUSTER_SLO_datachk" name="Check_CLUSTER_SLO_dataset"/>
    <testcase time="0.000999999999997669" classname="CLUSTER_SLO_datachk" name="Check_CLUSTER_SLO_dataset"/>
    <testcase time="0.00200000000000244" classname="CLUSTER_SLO_datachk" name="Check_CLUSTER_SLO_dataset"/>
    <testcase time="0.00199999999999534" classname="CLUSTER_SLO_datachk" name="Check_CLUSTER_SLO_dataset"/>
    <testcase time="0.00100000000000477" classname="CLUSTER_SLO_datachk" name="Check_CLUSTER_SLO_dataset"/>
    <testcase time="0.00199999999999534" classname="CLUSTER_SLO_datachk" name="Check_CLUSTER_SLO_dataset"/>
    <testcase time="0.347000000000001" classname="CLUSTER_SLO_datachk" name="Check_CLUSTER_SLO_dataset"/>
    <testcase time="0.00200000000000244" classname="CLUSTER_SLO_datachk" name="Check_CLUSTER_SLO_dataset"/>
    <testcase time="0.00199999999999534" classname="CLUSTER_SLO_datachk" name="Check_CLUSTER_SLO_dataset"/>
    <testcase time="0.00200000000000244" classname="CLUSTER_SLO_datachk" name="Check_CLUSTER_SLO_dataset"/>
    <testcase time="0.000999999999997669" classname="CLUSTER_SLO_datachk" name="Check_CLUSTER_SLO_dataset"/>
    <testcase time="0.00200000000000244" classname="CLUSTER_SLO_datachk" name="Check_CLUSTER_SLO_dataset"/>
    <testcase time="0.0069999999999979" classname="CLUSTER_SLO_datachk" name="Check_CLUSTER_SLO_dataset"/>
    <testcase time="0.177" classname="CLUSTER_SLO_datachk" name="Check_CLUSTER_SLO_dataset"/>
    <testcase time="0.00200000000000244" classname="CLUSTER_SLO_datachk" name="Check_CLUSTER_SLO_dataset"/>
    <testcase time="0.00200000000000244" classname="CLUSTER_SLO_datachk" name="Check_CLUSTER_SLO_dataset"/>
    <testcase time="0.00199999999999534" classname="CLUSTER_SLO_datachk" name="Check_CLUSTER_SLO_dataset"/>
    <testcase time="0.00100000000000477" classname="CLUSTER_SLO_datachk" name="Check_CLUSTER_SLO_dataset"/>
    <testcase time="0.00199999999999534" classname="CLUSTER_SLO_datachk" name="Check_CLUSTER_SLO_dataset"/>
    <testcase time="0.00200000000000244" classname="CLUSTER_SLO_datachk" name="Check_CLUSTER_SLO_dataset"/>
    <testcase time="0.000999999999997669" classname="CLUSTER_SLO_datachk" name="Check_CLUSTER_SLO_dataset"/>
    <testcase time="0.00200000000000244" classname="CLUSTER_SLO_datachk" name="Check_CLUSTER_SLO_dataset"/>
    <testcase time="0.344000000000001" classname="CLUSTER_SLO_datachk" name="Check_CLUSTER_SLO_dataset"/>
    <testcase time="0.00200000000000244" classname="CLUSTER_SLO_datachk" name="Check_CLUSTER_SLO_dataset"/>
    <testcase time="0.000999999999997669" classname="CLUSTER_SLO_datachk" name="Check_CLUSTER_SLO_dataset"/>
    <testcase time="0.00100000000000477" classname="CLUSTER_SLO_datachk" name="Check_CLUSTER_SLO_dataset"/>
    <testcase time="0.00199999999999534" classname="CLUSTER_SLO_datachk" name="Check_CLUSTER_SLO_dataset"/>
    <testcase time="0.00200000000000244" classname="CLUSTER_SLO_datachk" name="Check_CLUSTER_SLO_dataset"/>
    <testcase time="0.000999999999997669" classname="CLUSTER_SLO_datachk" name="Check_CLUSTER_SLO_dataset"/>
    <testcase time="0.177" classname="CLUSTER_SLO_datachk" name="Check_CLUSTER_SLO_dataset"/>
    <testcase time="0.00200000000000244" classname="CLUSTER_SLO_datachk" name="Check_CLUSTER_SLO_dataset"/>
    <testcase time="0.00200000000000244" classname="CLUSTER_SLO_datachk" name="Check_CLUSTER_SLO_dataset"/>
    <testcase time="0.000999999999997669" classname="CLUSTER_SLO_datachk" name="Check_CLUSTER_SLO_dataset"/>
    <testcase time="0.00200000000000244" classname="CLUSTER_SLO_datachk" name="Check_CLUSTER_SLO_dataset"/>
    <testcase time="0.00199999999999534" classname="CLUSTER_SLO_datachk" name="Check_CLUSTER_SLO_dataset"/>
    <testcase time="0.00200000000000244" classname="CLUSTER_SLO_datachk" name="Check_CLUSTER_SLO_dataset"/>
    <testcase time="0.000999999999997669" classname="CLUSTER_SLO_datachk" name="Check_CLUSTER_SLO_dataset"/>
    <testcase time="0.00200000000000244" classname="CLUSTER_SLO_datachk" name="Check_CLUSTER_SLO_dataset"/>
    <testcase time="0.345999999999997" classname="CLUSTER_SLO_datachk" name="Check_CLUSTER_SLO_dataset"/>
    <testcase time="0.00200000000000244" classname="CLUSTER_SLO_datachk" name="Check_CLUSTER_SLO_dataset"/>
    <testcase time="0.00200000000000244" classname="CLUSTER_SLO_datachk" name="Check_CLUSTER_SLO_dataset"/>
    <testcase time="0.000999999999997669" classname="CLUSTER_SLO_datachk" name="Check_CLUSTER_SLO_dataset"/>
    <testcase time="0.00200000000000244" classname="CLUSTER_SLO_datachk" name="Check_CLUSTER_SLO_dataset"/>
    <testcase time="0.00199999999999534" classname="CLUSTER_SLO_datachk" name="Check_CLUSTER_SLO_dataset"/>
    <testcase time="0.00200000000000244" classname="CLUSTER_SLO_datachk" name="Check_CLUSTER_SLO_dataset"/>
    <testcase time="0.176000000000002" classname="CLUSTER_SLO_datachk" name="Check_CLUSTER_SLO_dataset"/>
    <testcase time="0.00199999999999534" classname="CLUSTER_SLO_datachk" name="Check_CLUSTER_SLO_dataset"/>
    <testcase time="0.00200000000000244" classname="CLUSTER_SLO_datachk" name="Check_CLUSTER_SLO_dataset"/>
    <testcase time="0.00200000000000244" classname="CLUSTER_SLO_datachk" name="Check_CLUSTER_SLO_dataset"/>
    <testcase time="0.000999999999997669" classname="CLUSTER_SLO_datachk" name="Check_CLUSTER_SLO_dataset"/>
    <testcase time="0.00200000000000244" classname="CLUSTER_SLO_datachk" name="Check_CLUSTER_SLO_dataset"/>
    <testcase time="0.00199999999999534" classname="CLUSTER_SLO_datachk" name="Check_CLUSTER_SLO_dataset"/>
    <testcase time="0.00200000000000244" classname="CLUSTER_SLO_datachk" name="Check_CLUSTER_SLO_dataset"/>
    <testcase time="0.00200000000000244" classname="CLUSTER_SLO_datachk" name="Check_CLUSTER_SLO_dataset"/>
    <testcase time="0.354999999999997" classname="CLUSTER_SLO_datachk" name="Check_CLUSTER_SLO_dataset"/>
    <testcase time="0.00200000000000244" classname="CLUSTER_SLO_datachk" name="Check_CLUSTER_SLO_dataset"/>
    <testcase time="0.00199999999999534" classname="CLUSTER_SLO_datachk" name="Check_CLUSTER_SLO_dataset"/>
    <testcase time="0.00200000000000244" classname="CLUSTER_SLO_datachk" name="Check_CLUSTER_SLO_dataset"/>
    <testcase time="0.00200000000000244" classname="CLUSTER_SLO_datachk" name="Check_CLUSTER_SLO_dataset"/>
    <testcase time="0.00199999999999534" classname="CLUSTER_SLO_datachk" name="Check_CLUSTER_SLO_dataset"/>
    <testcase time="0.00200000000000244" classname="CLUSTER_SLO_datachk" name="Check_CLUSTER_SLO_dataset"/>
    <testcase time="0.177" classname="CLUSTER_SLO_datachk" name="Check_CLUSTER_SLO_dataset"/>
    <testcase time="0.00200000000000244" classname="CLUSTER_SLO_datachk" name="Check_CLUSTER_SLO_dataset"/>
    <testcase time="0.00199999999999534" classname="CLUSTER_SLO_datachk" name="Check_CLUSTER_SLO_dataset"/>
    <testcase time="0.00200000000000244" classname="CLUSTER_SLO_datachk" name="Check_CLUSTER_SLO_dataset"/>
    <testcase time="0.00200000000000244" classname="CLUSTER_SLO_datachk" name="Check_CLUSTER_SLO_dataset"/>
    <testcase time="0.00199999999999534" classname="CLUSTER_SLO_datachk" name="Check_CLUSTER_SLO_dataset"/>
    <testcase time="0.00200000000000244" classname="CLUSTER_SLO_datachk" name="Check_CLUSTER_SLO_dataset"/>
    <testcase time="0.00200000000000244" classname="CLUSTER_SLO_datachk" name="Check_CLUSTER_SLO_dataset"/>
    <testcase time="0.000999999999997669" classname="CLUSTER_SLO_datachk" name="Check_CLUSTER_SLO_dataset"/>
    <testcase time="0.345999999999997" classname="CLUSTER_SLO_datachk" name="Check_CLUSTER_SLO_dataset"/>
    <testcase time="0.00300000000000011" classname="CLUSTER_SLO_datachk" name="Check_CLUSTER_SLO_dataset"/>
    <testcase time="0.00200000000000244" classname="CLUSTER_SLO_datachk" name="Check_CLUSTER_SLO_dataset"/>
    <testcase time="0.000999999999997669" classname="CLUSTER_SLO_datachk" name="Check_CLUSTER_SLO_dataset"/>
    <testcase time="0.00200000000000244" classname="CLUSTER_SLO_datachk" name="Check_CLUSTER_SLO_dataset"/>
    <testcase time="0.00200000000000244" classname="CLUSTER_SLO_datachk" name="Check_CLUSTER_SLO_dataset"/>
    <testcase time="0.00199999999999534" classname="CLUSTER_SLO_datachk" name="Check_CLUSTER_SLO_dataset"/>
    <testcase time="0.170999999999999" classname="CLUSTER_SLO_datachk" name="Check_CLUSTER_SLO_dataset"/>
    <testcase time="0.00200000000000244" classname="CLUSTER_SLO_datachk" name="Check_CLUSTER_SLO_dataset"/>
    <testcase time="0.00300000000000011" classname="CLUSTER_SLO_datachk" name="Check_CLUSTER_SLO_dataset"/>
    <testcase time="0.000999999999997669" classname="CLUSTER_SLO_datachk" name="Check_CLUSTER_SLO_dataset"/>
    <testcase time="0.00199999999999534" classname="CLUSTER_SLO_datachk" name="Check_CLUSTER_SLO_dataset"/>
    <testcase time="0.00100000000000477" classname="CLUSTER_SLO_datachk" name="Check_CLUSTER_SLO_dataset"/>
    <testcase time="0.00199999999999534" classname="CLUSTER_SLO_datachk" name="Check_CLUSTER_SLO_dataset"/>
    <testcase time="0.00200000000000244" classname="CLUSTER_SLO_datachk" name="Check_CLUSTER_SLO_dataset"/>
    <testcase time="0.00200000000000244" classname="CLUSTER_SLO_datachk" name="Check_CLUSTER_SLO_dataset"/>
    <testcase time="0.344000000000001" classname="CLUSTER_SLO_datachk" name="Check_CLUSTER_SLO_dataset"/>
    <testcase time="0.00199999999999534" classname="CLUSTER_SLO_datachk" name="Check_CLUSTER_SLO_dataset"/>
    <testcase time="0.00200000000000244" classname="CLUSTER_SLO_datachk" name="Check_CLUSTER_SLO_dataset"/>
    <testcase time="0.00200000000000244" classname="CLUSTER_SLO_datachk" name="Check_CLUSTER_SLO_dataset"/>
    <testcase time="0.00199999999999534" classname="CLUSTER_SLO_datachk" name="Check_CLUSTER_SLO_dataset"/>
    <testcase time="0.00200000000000244" classname="CLUSTER_SLO_datachk" name="Check_CLUSTER_SLO_dataset"/>
    <testcase time="0.00199999999999534" classname="CLUSTER_SLO_datachk" name="Check_CLUSTER_SLO_dataset"/>
    <testcase time="0.175000000000004" classname="CLUSTER_SLO_datachk" name="Check_CLUSTER_SLO_dataset"/>
    <testcase time="0.00300000000000011" classname="CLUSTER_SLO_datachk" name="Check_CLUSTER_SLO_dataset"/>
    <testcase time="0.00200000000000244" classname="CLUSTER_SLO_datachk" name="Check_CLUSTER_SLO_dataset"/>
    <testcase time="0.0069999999999979" classname="CLUSTER_SLO_datachk" name="Check_CLUSTER_SLO_dataset"/>
    <testcase time="0.00199999999999534" classname="CLUSTER_SLO_datachk" name="Check_CLUSTER_SLO_dataset"/>
    <testcase time="0.00200000000000244" classname="CLUSTER_SLO_datachk" name="Check_CLUSTER_SLO_dataset"/>
    <testcase time="0.00200000000000244" classname="CLUSTER_SLO_datachk" name="Check_CLUSTER_SLO_dataset"/>
    <testcase time="0.00199999999999534" classname="CLUSTER_SLO_datachk" name="Check_CLUSTER_SLO_dataset"/>
    <testcase time="0.00200000000000244" classname="CLUSTER_SLO_datachk" name="Check_CLUSTER_SLO_dataset"/>
    <testcase time="0.343000000000004" classname="CLUSTER_SLO_datachk" name="Check_CLUSTER_SLO_dataset"/>
    <testcase time="0.00300000000000011" classname="CLUSTER_SLO_datachk" name="Check_CLUSTER_SLO_dataset"/>
    <testcase time="0.00199999999999534" classname="CLUSTER_SLO_datachk" name="Check_CLUSTER_SLO_dataset"/>
    <testcase time="0.00200000000000244" classname="CLUSTER_SLO_datachk" name="Check_CLUSTER_SLO_dataset"/>
    <testcase time="0.00200000000000244" classname="CLUSTER_SLO_datachk" name="Check_CLUSTER_SLO_dataset"/>
    <testcase time="0.00199999999999534" classname="CLUSTER_SLO_datachk" name="Check_CLUSTER_SLO_dataset"/>
    <testcase time="0.00200000000000244" classname="CLUSTER_SLO_datachk" name="Check_CLUSTER_SLO_dataset"/>
    <testcase time="0.135999999999996" classname="CLUSTER_SLO_datachk" name="Check_CLUSTER_SLO_dataset"/>
    <testcase time="0.00200000000000244" classname="CLUSTER_SLO_datachk" name="Check_CLUSTER_SLO_dataset"/>
    <testcase time="0.00300000000000011" classname="CLUSTER_SLO_datachk" name="Check_CLUSTER_SLO_dataset"/>
    <testcase time="0.00200000000000244" classname="CLUSTER_SLO_datachk" name="Check_CLUSTER_SLO_dataset"/>
    <testcase time="0.00199999999999534" classname="CLUSTER_SLO_datachk" name="Check_CLUSTER_SLO_dataset"/>
    <testcase time="0.00200000000000244" classname="CLUSTER_SLO_datachk" name="Check_CLUSTER_SLO_dataset"/>
    <testcase time="0.00200000000000244" classname="CLUSTER_SLO_datachk" name="Check_CLUSTER_SLO_dataset"/>
    <testcase time="0.00199999999999534" classname="CLUSTER_SLO_datachk" name="Check_CLUSTER_SLO_dataset"/>
    <testcase time="0.00200000000000244" classname="CLUSTER_SLO_datachk" name="Check_CLUSTER_SLO_dataset"/>
    <testcase time="0.338000000000001" classname="CLUSTER_SLO_datachk" name="Check_CLUSTER_SLO_dataset"/>
    <testcase time="0.00300000000000011" classname="CLUSTER_SLO_datachk" name="Check_CLUSTER_SLO_dataset"/>
    <testcase time="0.00200000000000244" classname="CLUSTER_SLO_datachk" name="Check_CLUSTER_SLO_dataset"/>
    <testcase time="0.00199999999999534" classname="CLUSTER_SLO_datachk" name="Check_CLUSTER_SLO_dataset"/>
    <testcase time="0.00200000000000244" classname="CLUSTER_SLO_datachk" name="Check_CLUSTER_SLO_dataset"/>
    <testcase time="0.00200000000000244" classname="CLUSTER_SLO_datachk" name="Check_CLUSTER_SLO_dataset"/>
    <testcase time="0.00199999999999534" classname="CLUSTER_SLO_datachk" name="Check_CLUSTER_SLO_dataset"/>
    <testcase time="0.173999999999999" classname="CLUSTER_SLO_datachk" name="Check_CLUSTER_SLO_dataset"/>
    <testcase time="0.00300000000000011" classname="CLUSTER_SLO_datachk" name="Check_CLUSTER_SLO_dataset"/>
    <testcase time="0.00200000000000244" classname="CLUSTER_SLO_datachk" name="Check_CLUSTER_SLO_dataset"/>
    <testcase time="0.00200000000000244" classname="CLUSTER_SLO_datachk" name="Check_CLUSTER_SLO_dataset"/>
    <testcase time="0.00199999999999534" classname="CLUSTER_SLO_datachk" name="Check_CLUSTER_SLO_dataset"/>
    <testcase time="0.00200000000000244" classname="CLUSTER_SLO_datachk" name="Check_CLUSTER_SLO_dataset"/>
    <testcase time="0.00300000000000011" classname="CLUSTER_SLO_datachk" name="Check_CLUSTER_SLO_dataset"/>
    <testcase time="0.00199999999999534" classname="CLUSTER_SLO_datachk" name="Check_CLUSTER_SLO_dataset"/>
    <testcase time="0.00200000000000244" classname="CLUSTER_SLO_datachk" name="Check_CLUSTER_SLO_dataset"/>
  </testsuite>
  <testsuite name="CLUSTER_SLO::datachk::shutdown" timestamp="2026-03-21T03:28:55Z" hostname="runnervm46oaq" tests="3" skipped="0" failures="0" errors="0" time="0.18">
    <testcase time="0.177" classname="CLUSTER_SLO_datachk_shutdown" name="shutdown"/>
    <testcase time="0.00200000000000244" classname="CLUSTER_SLO_datachk_shutdown" name="shutdown"/>
    <testcase time="0.000999999999997669" classname="CLUSTER_SLO_datachk_shutdown" name="shutdown"/>
  </testsuite>
  <testsuite name="CLUSTER_SLO::datachk::done" timestamp="2026-03-21T03:28:56Z" hostname="runnervm46oaq" tests="0" skipped="0" failures="0" errors="0" time="0"/>
  <testsuite name="datachk-CNSIM" timestamp="2026-03-21T03:28:56Z" hostname="runnervm46oaq" tests="0" skipped="0" failures="0" errors="0" time="0"/>
  <testsuite name="CNSIM::datachk::setup" timestamp="2026-03-21T03:28:56Z" hostname="runnervm46oaq" tests="3" skipped="0" failures="0" errors="0" time="7.779">
    <testcase time="7.776" classname="CNSIM_datachk_setup" name="setup"/>
    <testcase time="0.000999999999997669" classname="CNSIM_datachk_setup" name="setup"/>
    <testcase time="0.00200000000000244" classname="CNSIM_datachk_setup" name="setup"/>
  </testsuite>
  <testsuite name="CNSIM::datachk" timestamp="2026-03-21T03:29:03Z" hostname="runnervm46oaq" tests="275" skipped="0" failures="0" errors="0" time="10.995">
    <testcase time="0.348999999999997" classname="CNSIM_datachk" name="Check_CNSIM_dataset"/>
    <testcase time="0.00200000000000244" classname="CNSIM_datachk" name="Check_CNSIM_dataset"/>
    <testcase time="0.00300000000000011" classname="CNSIM_datachk" name="Check_CNSIM_dataset"/>
    <testcase time="0.000999999999997669" classname="CNSIM_datachk" name="Check_CNSIM_dataset"/>
    <testcase time="0.00300000000000011" classname="CNSIM_datachk" name="Check_CNSIM_dataset"/>
    <testcase time="0.000999999999997669" classname="CNSIM_datachk" name="Check_CNSIM_dataset"/>
    <testcase time="0.00300000000000011" classname="CNSIM_datachk" name="Check_CNSIM_dataset"/>
    <testcase time="0.173000000000002" classname="CNSIM_datachk" name="Check_CNSIM_dataset"/>
    <testcase time="0.00100000000000477" classname="CNSIM_datachk" name="Check_CNSIM_dataset"/>
    <testcase time="0.00199999999999534" classname="CNSIM_datachk" name="Check_CNSIM_dataset"/>
    <testcase time="0.00100000000000477" classname="CNSIM_datachk" name="Check_CNSIM_dataset"/>
    <testcase time="0.00199999999999534" classname="CNSIM_datachk" name="Check_CNSIM_dataset"/>
    <testcase time="0.000999999999997669" classname="CNSIM_datachk" name="Check_CNSIM_dataset"/>
    <testcase time="0.00100000000000477" classname="CNSIM_datachk" name="Check_CNSIM_dataset"/>
    <testcase time="0.00199999999999534" classname="CNSIM_datachk" name="Check_CNSIM_dataset"/>
    <testcase time="0.374000000000002" classname="CNSIM_datachk" name="Check_CNSIM_dataset"/>
    <testcase time="0.00200000000000244" classname="CNSIM_datachk" name="Check_CNSIM_dataset"/>
    <testcase time="0.000999999999997669" classname="CNSIM_datachk" name="Check_CNSIM_dataset"/>
    <testcase time="0.00200000000000244" classname="CNSIM_datachk" name="Check_CNSIM_dataset"/>
    <testcase time="0.000999999999997669" classname="CNSIM_datachk" name="Check_CNSIM_dataset"/>
    <testcase time="0.00600000000000023" classname="CNSIM_datachk" name="Check_CNSIM_dataset"/>
    <testcase time="0.00200000000000244" classname="CNSIM_datachk" name="Check_CNSIM_dataset"/>
    <testcase time="0.335999999999999" classname="CNSIM_datachk" name="Check_CNSIM_dataset"/>
    <testcase time="0.00200000000000244" classname="CNSIM_datachk" name="Check_CNSIM_dataset"/>
    <testcase time="0.00199999999999534" classname="CNSIM_datachk" name="Check_CNSIM_dataset"/>
    <testcase time="0.00100000000000477" classname="CNSIM_datachk" name="Check_CNSIM_dataset"/>
    <testcase time="0.00199999999999534" classname="CNSIM_datachk" name="Check_CNSIM_dataset"/>
    <testcase time="0.00100000000000477" classname="CNSIM_datachk" name="Check_CNSIM_dataset"/>
    <testcase time="0.00199999999999534" classname="CNSIM_datachk" name="Check_CNSIM_dataset"/>
    <testcase time="0.170000000000002" classname="CNSIM_datachk" name="Check_CNSIM_dataset"/>
    <testcase time="0.00200000000000244" classname="CNSIM_datachk" name="Check_CNSIM_dataset"/>
    <testcase time="0.000999999999997669" classname="CNSIM_datachk" name="Check_CNSIM_dataset"/>
    <testcase time="0.00200000000000244" classname="CNSIM_datachk" name="Check_CNSIM_dataset"/>
    <testcase time="0.000999999999997669" classname="CNSIM_datachk" name="Check_CNSIM_dataset"/>
    <testcase time="0.00200000000000244" classname="CNSIM_datachk" name="Check_CNSIM_dataset"/>
    <testcase time="0.000999999999997669" classname="CNSIM_datachk" name="Check_CNSIM_dataset"/>
    <testcase time="0.00200000000000244" classname="CNSIM_datachk" name="Check_CNSIM_dataset"/>
    <testcase time="0.000999999999997669" classname="CNSIM_datachk" name="Check_CNSIM_dataset"/>
    <testcase time="0.375" classname="CNSIM_datachk" name="Check_CNSIM_dataset"/>
    <testcase time="0.00200000000000244" classname="CNSIM_datachk" name="Check_CNSIM_dataset"/>
    <testcase time="0.000999999999997669" classname="CNSIM_datachk" name="Check_CNSIM_dataset"/>
    <testcase time="0.00200000000000244" classname="CNSIM_datachk" name="Check_CNSIM_dataset"/>
    <testcase time="0.000999999999997669" classname="CNSIM_datachk" name="Check_CNSIM_dataset"/>
    <testcase time="0.00200000000000244" classname="CNSIM_datachk" name="Check_CNSIM_dataset"/>
    <testcase time="0.000999999999997669" classname="CNSIM_datachk" name="Check_CNSIM_dataset"/>
    <testcase time="0.332000000000001" classname="CNSIM_datachk" name="Check_CNSIM_dataset"/>
    <testcase time="0.00199999999999534" classname="CNSIM_datachk" name="Check_CNSIM_dataset"/>
    <testcase time="0.00100000000000477" classname="CNSIM_datachk" name="Check_CNSIM_dataset"/>
    <testcase time="0.00199999999999534" classname="CNSIM_datachk" name="Check_CNSIM_dataset"/>
    <testcase time="0.00100000000000477" classname="CNSIM_datachk" name="Check_CNSIM_dataset"/>
    <testcase time="0.00199999999999534" classname="CNSIM_datachk" name="Check_CNSIM_dataset"/>
    <testcase time="0.00100000000000477" classname="CNSIM_datachk" name="Check_CNSIM_dataset"/>
    <testcase time="0.170999999999999" classname="CNSIM_datachk" name="Check_CNSIM_dataset"/>
    <testcase time="0.000999999999997669" classname="CNSIM_datachk" name="Check_CNSIM_dataset"/>
    <testcase time="0.00200000000000244" classname="CNSIM_datachk" name="Check_CNSIM_dataset"/>
    <testcase time="0.00199999999999534" classname="CNSIM_datachk" name="Check_CNSIM_dataset"/>
    <testcase time="0.00100000000000477" classname="CNSIM_datachk" name="Check_CNSIM_dataset"/>
    <testcase time="0.00199999999999534" classname="CNSIM_datachk" name="Check_CNSIM_dataset"/>
    <testcase time="0.00200000000000244" classname="CNSIM_datachk" name="Check_CNSIM_dataset"/>
    <testcase time="0.000999999999997669" classname="CNSIM_datachk" name="Check_CNSIM_dataset"/>
    <testcase time="0.00200000000000244" classname="CNSIM_datachk" name="Check_CNSIM_dataset"/>
    <testcase time="0.375999999999998" classname="CNSIM_datachk" name="Check_CNSIM_dataset"/>
    <testcase time="0.00200000000000244" classname="CNSIM_datachk" name="Check_CNSIM_dataset"/>
    <testcase time="0.000999999999997669" classname="CNSIM_datachk" name="Check_CNSIM_dataset"/>
    <testcase time="0.00200000000000244" classname="CNSIM_datachk" name="Check_CNSIM_dataset"/>
    <testcase time="0.000999999999997669" classname="CNSIM_datachk" name="Check_CNSIM_dataset"/>
    <testcase time="0.00200000000000244" classname="CNSIM_datachk" name="Check_CNSIM_dataset"/>
    <testcase time="0.000999999999997669" classname="CNSIM_datachk" name="Check_CNSIM_dataset"/>
    <testcase time="0.340000000000003" classname="CNSIM_datachk" name="Check_CNSIM_dataset"/>
    <testcase time="0.00200000000000244" classname="CNSIM_datachk" name="Check_CNSIM_dataset"/>
    <testcase time="0.000999999999997669" classname="CNSIM_datachk" name="Check_CNSIM_dataset"/>
    <testcase time="0.00200000000000244" classname="CNSIM_datachk" name="Check_CNSIM_dataset"/>
    <testcase time="0.00199999999999534" classname="CNSIM_datachk" name="Check_CNSIM_dataset"/>
    <testcase time="0.00100000000000477" classname="CNSIM_datachk" name="Check_CNSIM_dataset"/>
    <testcase time="0.00199999999999534" classname="CNSIM_datachk" name="Check_CNSIM_dataset"/>
    <testcase time="0.175000000000004" classname="CNSIM_datachk" name="Check_CNSIM_dataset"/>
    <testcase time="0.00199999999999534" classname="CNSIM_datachk" name="Check_CNSIM_dataset"/>
    <testcase time="0.00100000000000477" classname="CNSIM_datachk" name="Check_CNSIM_dataset"/>
    <testcase time="0.00199999999999534" classname="CNSIM_datachk" name="Check_CNSIM_dataset"/>
    <testcase time="0.00200000000000244" classname="CNSIM_datachk" name="Check_CNSIM_dataset"/>
    <testcase time="0.000999999999997669" classname="CNSIM_datachk" name="Check_CNSIM_dataset"/>
    <testcase time="0.00200000000000244" classname="CNSIM_datachk" name="Check_CNSIM_dataset"/>
    <testcase time="0.000999999999997669" classname="CNSIM_datachk" name="Check_CNSIM_dataset"/>
    <testcase time="0.00200000000000244" classname="CNSIM_datachk" name="Check_CNSIM_dataset"/>
    <testcase time="0.337000000000003" classname="CNSIM_datachk" name="Check_CNSIM_dataset"/>
    <testcase time="0.00199999999999534" classname="CNSIM_datachk" name="Check_CNSIM_dataset"/>
    <testcase time="0.00100000000000477" classname="CNSIM_datachk" name="Check_CNSIM_dataset"/>
    <testcase time="0.00199999999999534" classname="CNSIM_datachk" name="Check_CNSIM_dataset"/>
    <testcase time="0.00199999999999534" classname="CNSIM_datachk" name="Check_CNSIM_dataset"/>
    <testcase time="0.00100000000000477" classname="CNSIM_datachk" name="Check_CNSIM_dataset"/>
    <testcase time="0.00199999999999534" classname="CNSIM_datachk" name="Check_CNSIM_dataset"/>
    <testcase time="0.335000000000008" classname="CNSIM_datachk" name="Check_CNSIM_dataset"/>
    <testcase time="0.00199999999999534" classname="CNSIM_datachk" name="Check_CNSIM_dataset"/>
    <testcase time="0.00100000000000477" classname="CNSIM_datachk" name="Check_CNSIM_dataset"/>
    <testcase time="0.00199999999999534" classname="CNSIM_datachk" name="Check_CNSIM_dataset"/>
    <testcase time="0.00199999999999534" classname="CNSIM_datachk" name="Check_CNSIM_dataset"/>
    <testcase time="0.00100000000000477" classname="CNSIM_datachk" name="Check_CNSIM_dataset"/>
    <testcase time="0.00199999999999534" classname="CNSIM_datachk" name="Check_CNSIM_dataset"/>
    <testcase time="0.174000000000007" classname="CNSIM_datachk" name="Check_CNSIM_dataset"/>
    <testcase time="0.00199999999999534" classname="CNSIM_datachk" name="Check_CNSIM_dataset"/>
    <testcase time="0.00200000000000955" classname="CNSIM_datachk" name="Check_CNSIM_dataset"/>
    <testcase time="0.000999999999990564" classname="CNSIM_datachk" name="Check_CNSIM_dataset"/>
    <testcase time="0.00200000000000955" classname="CNSIM_datachk" name="Check_CNSIM_dataset"/>
    <testcase time="0.00199999999999534" classname="CNSIM_datachk" name="Check_CNSIM_dataset"/>
    <testcase time="0.00100000000000477" classname="CNSIM_datachk" name="Check_CNSIM_dataset"/>
    <testcase time="0.00199999999999534" classname="CNSIM_datachk" name="Check_CNSIM_dataset"/>
    <testcase time="0.00199999999999534" classname="CNSIM_datachk" name="Check_CNSIM_dataset"/>
    <testcase time="0.359999999999999" classname="CNSIM_datachk" name="Check_CNSIM_dataset"/>
    <testcase time="0.00200000000000955" classname="CNSIM_datachk" name="Check_CNSIM_dataset"/>
    <testcase time="0.00199999999999534" classname="CNSIM_datachk" name="Check_CNSIM_dataset"/>
    <testcase time="0.00100000000000477" classname="CNSIM_datachk" name="Check_CNSIM_dataset"/>
    <testcase time="0.00199999999999534" classname="CNSIM_datachk" name="Check_CNSIM_dataset"/>
    <testcase time="0.00199999999999534" classname="CNSIM_datachk" name="Check_CNSIM_dataset"/>
    <testcase time="0.00200000000000955" classname="CNSIM_datachk" name="Check_CNSIM_dataset"/>
    <testcase time="0.340999999999994" classname="CNSIM_datachk" name="Check_CNSIM_dataset"/>
    <testcase time="0.00199999999999534" classname="CNSIM_datachk" name="Check_CNSIM_dataset"/>
    <testcase time="0.00100000000000477" classname="CNSIM_datachk" name="Check_CNSIM_dataset"/>
    <testcase time="0.00199999999999534" classname="CNSIM_datachk" name="Check_CNSIM_dataset"/>
    <testcase time="0.00200000000000955" classname="CNSIM_datachk" name="Check_CNSIM_dataset"/>
    <testcase time="0.00199999999999534" classname="CNSIM_datachk" name="Check_CNSIM_dataset"/>
    <testcase time="0.00100000000000477" classname="CNSIM_datachk" name="Check_CNSIM_dataset"/>
    <testcase time="0.171999999999997" classname="CNSIM_datachk" name="Check_CNSIM_dataset"/>
    <testcase time="0.00199999999999534" classname="CNSIM_datachk" name="Check_CNSIM_dataset"/>
    <testcase time="0.00200000000000955" classname="CNSIM_datachk" name="Check_CNSIM_dataset"/>
    <testcase time="0.000999999999990564" classname="CNSIM_datachk" name="Check_CNSIM_dataset"/>
    <testcase time="0.00200000000000955" classname="CNSIM_datachk" name="Check_CNSIM_dataset"/>
    <testcase time="0.00199999999999534" classname="CNSIM_datachk" name="Check_CNSIM_dataset"/>
    <testcase time="0.00199999999999534" classname="CNSIM_datachk" name="Check_CNSIM_dataset"/>
    <testcase time="0.00100000000000477" classname="CNSIM_datachk" name="Check_CNSIM_dataset"/>
    <testcase time="0.00199999999999534" classname="CNSIM_datachk" name="Check_CNSIM_dataset"/>
    <testcase time="0.331000000000003" classname="CNSIM_datachk" name="Check_CNSIM_dataset"/>
    <testcase time="0.00199999999999534" classname="CNSIM_datachk" name="Check_CNSIM_dataset"/>
    <testcase time="0.00200000000000955" classname="CNSIM_datachk" name="Check_CNSIM_dataset"/>
    <testcase time="0.00699999999999079" classname="CNSIM_datachk" name="Check_CNSIM_dataset"/>
    <testcase time="0.00100000000000477" classname="CNSIM_datachk" name="Check_CNSIM_dataset"/>
    <testcase time="0.00199999999999534" classname="CNSIM_datachk" name="Check_CNSIM_dataset"/>
    <testcase time="0.00200000000000955" classname="CNSIM_datachk" name="Check_CNSIM_dataset"/>
    <testcase time="0.335999999999999" classname="CNSIM_datachk" name="Check_CNSIM_dataset"/>
    <testcase time="0.00199999999999534" classname="CNSIM_datachk" name="Check_CNSIM_dataset"/>
    <testcase time="0.00100000000000477" classname="CNSIM_datachk" name="Check_CNSIM_dataset"/>
    <testcase time="0.00199999999999534" classname="CNSIM_datachk" name="Check_CNSIM_dataset"/>
    <testcase time="0.00199999999999534" classname="CNSIM_datachk" name="Check_CNSIM_dataset"/>
    <testcase time="0.00200000000000955" classname="CNSIM_datachk" name="Check_CNSIM_dataset"/>
    <testcase time="0.000999999999990564" classname="CNSIM_datachk" name="Check_CNSIM_dataset"/>
    <testcase time="0.174000000000007" classname="CNSIM_datachk" name="Check_CNSIM_dataset"/>
    <testcase time="0.00199999999999534" classname="CNSIM_datachk" name="Check_CNSIM_dataset"/>
    <testcase time="0.00199999999999534" classname="CNSIM_datachk" name="Check_CNSIM_dataset"/>
    <testcase time="0.00200000000000955" classname="CNSIM_datachk" name="Check_CNSIM_dataset"/>
    <testcase time="0.00199999999999534" classname="CNSIM_datachk" name="Check_CNSIM_dataset"/>
    <testcase time="0.00199999999999534" classname="CNSIM_datachk" name="Check_CNSIM_dataset"/>
    <testcase time="0.00200000000000955" classname="CNSIM_datachk" name="Check_CNSIM_dataset"/>
    <testcase time="0.000999999999990564" classname="CNSIM_datachk" name="Check_CNSIM_dataset"/>
[...]
    <testcase time="0.00200000000000955" classname="TESTING_datachk" name="Check_TESTING_dataset"/>
    <testcase time="0.00200000000000955" classname="TESTING_datachk" name="Check_TESTING_dataset"/>
    <testcase time="0.34699999999998" classname="TESTING_datachk" name="Check_TESTING_dataset"/>
    <testcase time="0.00200000000000955" classname="TESTING_datachk" name="Check_TESTING_dataset"/>
    <testcase time="0.00200000000000955" classname="TESTING_datachk" name="Check_TESTING_dataset"/>
    <testcase time="0.00199999999998113" classname="TESTING_datachk" name="Check_TESTING_dataset"/>
    <testcase time="0.00200000000000955" classname="TESTING_datachk" name="Check_TESTING_dataset"/>
    <testcase time="0.00200000000000955" classname="TESTING_datachk" name="Check_TESTING_dataset"/>
    <testcase time="0.000999999999976353" classname="TESTING_datachk" name="Check_TESTING_dataset"/>
    <testcase time="0.175000000000011" classname="TESTING_datachk" name="Check_TESTING_dataset"/>
    <testcase time="0.00200000000000955" classname="TESTING_datachk" name="Check_TESTING_dataset"/>
    <testcase time="0.00199999999998113" classname="TESTING_datachk" name="Check_TESTING_dataset"/>
    <testcase time="0.00200000000000955" classname="TESTING_datachk" name="Check_TESTING_dataset"/>
    <testcase time="0.00200000000000955" classname="TESTING_datachk" name="Check_TESTING_dataset"/>
    <testcase time="0.00199999999998113" classname="TESTING_datachk" name="Check_TESTING_dataset"/>
    <testcase time="0.00200000000000955" classname="TESTING_datachk" name="Check_TESTING_dataset"/>
    <testcase time="0.00200000000000955" classname="TESTING_datachk" name="Check_TESTING_dataset"/>
    <testcase time="0.00199999999998113" classname="TESTING_datachk" name="Check_TESTING_dataset"/>
    <testcase time="0.300000000000011" classname="TESTING_datachk" name="Check_TESTING_dataset"/>
    <testcase time="0.00200000000000955" classname="TESTING_datachk" name="Check_TESTING_dataset"/>
    <testcase time="0.00199999999998113" classname="TESTING_datachk" name="Check_TESTING_dataset"/>
    <testcase time="0.00200000000000955" classname="TESTING_datachk" name="Check_TESTING_dataset"/>
    <testcase time="0.00100000000000477" classname="TESTING_datachk" name="Check_TESTING_dataset"/>
    <testcase time="0.00199999999998113" classname="TESTING_datachk" name="Check_TESTING_dataset"/>
    <testcase time="0.00200000000000955" classname="TESTING_datachk" name="Check_TESTING_dataset"/>
    <testcase time="0.174000000000007" classname="TESTING_datachk" name="Check_TESTING_dataset"/>
    <testcase time="0.00200000000000955" classname="TESTING_datachk" name="Check_TESTING_dataset"/>
    <testcase time="0.00199999999998113" classname="TESTING_datachk" name="Check_TESTING_dataset"/>
    <testcase time="0.00200000000000955" classname="TESTING_datachk" name="Check_TESTING_dataset"/>
    <testcase time="0.00200000000000955" classname="TESTING_datachk" name="Check_TESTING_dataset"/>
    <testcase time="0.00199999999998113" classname="TESTING_datachk" name="Check_TESTING_dataset"/>
    <testcase time="0.00200000000000955" classname="TESTING_datachk" name="Check_TESTING_dataset"/>
    <testcase time="0.00200000000000955" classname="TESTING_datachk" name="Check_TESTING_dataset"/>
    <testcase time="0.00199999999998113" classname="TESTING_datachk" name="Check_TESTING_dataset"/>
    <testcase time="0.335000000000008" classname="TESTING_datachk" name="Check_TESTING_dataset"/>
    <testcase time="0.00200000000000955" classname="TESTING_datachk" name="Check_TESTING_dataset"/>
    <testcase time="0.00199999999998113" classname="TESTING_datachk" name="Check_TESTING_dataset"/>
    <testcase time="0.00200000000000955" classname="TESTING_datachk" name="Check_TESTING_dataset"/>
    <testcase time="0.00200000000000955" classname="TESTING_datachk" name="Check_TESTING_dataset"/>
    <testcase time="0.018999999999977" classname="TESTING_datachk" name="Check_TESTING_dataset"/>
    <testcase time="0.00200000000000955" classname="TESTING_datachk" name="Check_TESTING_dataset"/>
    <testcase time="0.170000000000016" classname="TESTING_datachk" name="Check_TESTING_dataset"/>
    <testcase time="0.0029999999999859" classname="TESTING_datachk" name="Check_TESTING_dataset"/>
    <testcase time="0.00200000000000955" classname="TESTING_datachk" name="Check_TESTING_dataset"/>
    <testcase time="0.00199999999998113" classname="TESTING_datachk" name="Check_TESTING_dataset"/>
    <testcase time="0.00200000000000955" classname="TESTING_datachk" name="Check_TESTING_dataset"/>
    <testcase time="0.00200000000000955" classname="TESTING_datachk" name="Check_TESTING_dataset"/>
    <testcase time="0.00199999999998113" classname="TESTING_datachk" name="Check_TESTING_dataset"/>
    <testcase time="0.00200000000000955" classname="TESTING_datachk" name="Check_TESTING_dataset"/>
    <testcase time="0.00200000000000955" classname="TESTING_datachk" name="Check_TESTING_dataset"/>
    <testcase time="0.338999999999999" classname="TESTING_datachk" name="Check_TESTING_dataset"/>
    <testcase time="0.00199999999998113" classname="TESTING_datachk" name="Check_TESTING_dataset"/>
    <testcase time="0.00200000000000955" classname="TESTING_datachk" name="Check_TESTING_dataset"/>
    <testcase time="0.00200000000000955" classname="TESTING_datachk" name="Check_TESTING_dataset"/>
    <testcase time="0.00199999999998113" classname="TESTING_datachk" name="Check_TESTING_dataset"/>
    <testcase time="0.00200000000000955" classname="TESTING_datachk" name="Check_TESTING_dataset"/>
    <testcase time="0.00200000000000955" classname="TESTING_datachk" name="Check_TESTING_dataset"/>
    <testcase time="0.168999999999983" classname="TESTING_datachk" name="Check_TESTING_dataset"/>
    <testcase time="0.00200000000000955" classname="TESTING_datachk" name="Check_TESTING_dataset"/>
    <testcase time="0.0029999999999859" classname="TESTING_datachk" name="Check_TESTING_dataset"/>
    <testcase time="0.00200000000000955" classname="TESTING_datachk" name="Check_TESTING_dataset"/>
    <testcase time="0.00200000000000955" classname="TESTING_datachk" name="Check_TESTING_dataset"/>
    <testcase time="0.00199999999998113" classname="TESTING_datachk" name="Check_TESTING_dataset"/>
    <testcase time="0.00200000000000955" classname="TESTING_datachk" name="Check_TESTING_dataset"/>
    <testcase time="0.00200000000000955" classname="TESTING_datachk" name="Check_TESTING_dataset"/>
    <testcase time="0.00199999999998113" classname="TESTING_datachk" name="Check_TESTING_dataset"/>
    <testcase time="0.337000000000018" classname="TESTING_datachk" name="Check_TESTING_dataset"/>
    <testcase time="0.00199999999998113" classname="TESTING_datachk" name="Check_TESTING_dataset"/>
    <testcase time="0.00200000000000955" classname="TESTING_datachk" name="Check_TESTING_dataset"/>
    <testcase time="0.00200000000000955" classname="TESTING_datachk" name="Check_TESTING_dataset"/>
    <testcase time="0.00199999999998113" classname="TESTING_datachk" name="Check_TESTING_dataset"/>
    <testcase time="0.00200000000000955" classname="TESTING_datachk" name="Check_TESTING_dataset"/>
    <testcase time="0.00200000000000955" classname="TESTING_datachk" name="Check_TESTING_dataset"/>
    <testcase time="0.168000000000006" classname="TESTING_datachk" name="Check_TESTING_dataset"/>
    <testcase time="0.00199999999998113" classname="TESTING_datachk" name="Check_TESTING_dataset"/>
    <testcase time="0.00200000000000955" classname="TESTING_datachk" name="Check_TESTING_dataset"/>
    <testcase time="0.00200000000000955" classname="TESTING_datachk" name="Check_TESTING_dataset"/>
    <testcase time="0.00199999999998113" classname="TESTING_datachk" name="Check_TESTING_dataset"/>
    <testcase time="0.00200000000000955" classname="TESTING_datachk" name="Check_TESTING_dataset"/>
    <testcase time="0.00200000000000955" classname="TESTING_datachk" name="Check_TESTING_dataset"/>
    <testcase time="0.0029999999999859" classname="TESTING_datachk" name="Check_TESTING_dataset"/>
    <testcase time="0.00200000000000955" classname="TESTING_datachk" name="Check_TESTING_dataset"/>
    <testcase time="0.346000000000004" classname="TESTING_datachk" name="Check_TESTING_dataset"/>
    <testcase time="0.00199999999998113" classname="TESTING_datachk" name="Check_TESTING_dataset"/>
    <testcase time="0.00200000000000955" classname="TESTING_datachk" name="Check_TESTING_dataset"/>
    <testcase time="0.00200000000000955" classname="TESTING_datachk" name="Check_TESTING_dataset"/>
    <testcase time="0.00199999999998113" classname="TESTING_datachk" name="Check_TESTING_dataset"/>
    <testcase time="0.00200000000000955" classname="TESTING_datachk" name="Check_TESTING_dataset"/>
    <testcase time="0.00200000000000955" classname="TESTING_datachk" name="Check_TESTING_dataset"/>
    <testcase time="0.167999999999978" classname="TESTING_datachk" name="Check_TESTING_dataset"/>
    <testcase time="0.00200000000000955" classname="TESTING_datachk" name="Check_TESTING_dataset"/>
    <testcase time="0.00200000000000955" classname="TESTING_datachk" name="Check_TESTING_dataset"/>
    <testcase time="0.00199999999998113" classname="TESTING_datachk" name="Check_TESTING_dataset"/>
    <testcase time="0.00200000000000955" classname="TESTING_datachk" name="Check_TESTING_dataset"/>
    <testcase time="0.00200000000000955" classname="TESTING_datachk" name="Check_TESTING_dataset"/>
    <testcase time="0.00199999999998113" classname="TESTING_datachk" name="Check_TESTING_dataset"/>
    <testcase time="0.00200000000000955" classname="TESTING_datachk" name="Check_TESTING_dataset"/>
    <testcase time="0.00200000000000955" classname="TESTING_datachk" name="Check_TESTING_dataset"/>
    <testcase time="0.340000000000003" classname="TESTING_datachk" name="Check_TESTING_dataset"/>
    <testcase time="0.00199999999998113" classname="TESTING_datachk" name="Check_TESTING_dataset"/>
    <testcase time="0.00300000000001432" classname="TESTING_datachk" name="Check_TESTING_dataset"/>
    <testcase time="0.00199999999998113" classname="TESTING_datachk" name="Check_TESTING_dataset"/>
    <testcase time="0.00200000000000955" classname="TESTING_datachk" name="Check_TESTING_dataset"/>
    <testcase time="0.00200000000000955" classname="TESTING_datachk" name="Check_TESTING_dataset"/>
    <testcase time="0.00199999999998113" classname="TESTING_datachk" name="Check_TESTING_dataset"/>
    <testcase time="0.168000000000006" classname="TESTING_datachk" name="Check_TESTING_dataset"/>
    <testcase time="0.00200000000000955" classname="TESTING_datachk" name="Check_TESTING_dataset"/>
    <testcase time="0.0029999999999859" classname="TESTING_datachk" name="Check_TESTING_dataset"/>
    <testcase time="0.00200000000000955" classname="TESTING_datachk" name="Check_TESTING_dataset"/>
    <testcase time="0.00200000000000955" classname="TESTING_datachk" name="Check_TESTING_dataset"/>
    <testcase time="0.00199999999998113" classname="TESTING_datachk" name="Check_TESTING_dataset"/>
    <testcase time="0.00200000000000955" classname="TESTING_datachk" name="Check_TESTING_dataset"/>
    <testcase time="0.00200000000000955" classname="TESTING_datachk" name="Check_TESTING_dataset"/>
    <testcase time="0.00199999999998113" classname="TESTING_datachk" name="Check_TESTING_dataset"/>
    <testcase time="0.335000000000008" classname="TESTING_datachk" name="Check_TESTING_dataset"/>
    <testcase time="0.0029999999999859" classname="TESTING_datachk" name="Check_TESTING_dataset"/>
    <testcase time="0.00200000000000955" classname="TESTING_datachk" name="Check_TESTING_dataset"/>
    <testcase time="0.00200000000000955" classname="TESTING_datachk" name="Check_TESTING_dataset"/>
    <testcase time="0.0029999999999859" classname="TESTING_datachk" name="Check_TESTING_dataset"/>
    <testcase time="0.00200000000000955" classname="TESTING_datachk" name="Check_TESTING_dataset"/>
    <testcase time="0.00200000000000955" classname="TESTING_datachk" name="Check_TESTING_dataset"/>
    <testcase time="0.180999999999983" classname="TESTING_datachk" name="Check_TESTING_dataset"/>
    <testcase time="0.00200000000000955" classname="TESTING_datachk" name="Check_TESTING_dataset"/>
    <testcase time="0.00200000000000955" classname="TESTING_datachk" name="Check_TESTING_dataset"/>
    <testcase time="0.00199999999998113" classname="TESTING_datachk" name="Check_TESTING_dataset"/>
    <testcase time="0.00300000000001432" classname="TESTING_datachk" name="Check_TESTING_dataset"/>
    <testcase time="0.00199999999998113" classname="TESTING_datachk" name="Check_TESTING_dataset"/>
    <testcase time="0.00200000000000955" classname="TESTING_datachk" name="Check_TESTING_dataset"/>
    <testcase time="0.00300000000001432" classname="TESTING_datachk" name="Check_TESTING_dataset"/>
    <testcase time="0.00199999999998113" classname="TESTING_datachk" name="Check_TESTING_dataset"/>
    <testcase time="0.335000000000008" classname="TESTING_datachk" name="Check_TESTING_dataset"/>
    <testcase time="0.00200000000000955" classname="TESTING_datachk" name="Check_TESTING_dataset"/>
    <testcase time="0.0029999999999859" classname="TESTING_datachk" name="Check_TESTING_dataset"/>
    <testcase time="0.00200000000000955" classname="TESTING_datachk" name="Check_TESTING_dataset"/>
    <testcase time="0.00199999999998113" classname="TESTING_datachk" name="Check_TESTING_dataset"/>
    <testcase time="0.00200000000000955" classname="TESTING_datachk" name="Check_TESTING_dataset"/>
    <testcase time="0.00200000000000955" classname="TESTING_datachk" name="Check_TESTING_dataset"/>
    <testcase time="0.169999999999987" classname="TESTING_datachk" name="Check_TESTING_dataset"/>
    <testcase time="0.00300000000001432" classname="TESTING_datachk" name="Check_TESTING_dataset"/>
    <testcase time="0.00199999999998113" classname="TESTING_datachk" name="Check_TESTING_dataset"/>
    <testcase time="0.00200000000000955" classname="TESTING_datachk" name="Check_TESTING_dataset"/>
    <testcase time="0.00300000000001432" classname="TESTING_datachk" name="Check_TESTING_dataset"/>
    <testcase time="0.00199999999998113" classname="TESTING_datachk" name="Check_TESTING_dataset"/>
    <testcase time="0.00200000000000955" classname="TESTING_datachk" name="Check_TESTING_dataset"/>
    <testcase time="0.00200000000000955" classname="TESTING_datachk" name="Check_TESTING_dataset"/>
    <testcase time="0.0029999999999859" classname="TESTING_datachk" name="Check_TESTING_dataset"/>
    <testcase time="0.336999999999989" classname="TESTING_datachk" name="Check_TESTING_dataset"/>
    <testcase time="0.00300000000001432" classname="TESTING_datachk" name="Check_TESTING_dataset"/>
    <testcase time="0.00200000000000955" classname="TESTING_datachk" name="Check_TESTING_dataset"/>
    <testcase time="0.0029999999999859" classname="TESTING_datachk" name="Check_TESTING_dataset"/>
    <testcase time="0.00200000000000955" classname="TESTING_datachk" name="Check_TESTING_dataset"/>
    <testcase time="0.00199999999998113" classname="TESTING_datachk" name="Check_TESTING_dataset"/>
    <testcase time="0.00300000000001432" classname="TESTING_datachk" name="Check_TESTING_dataset"/>
    <testcase time="0.174000000000007" classname="TESTING_datachk" name="Check_TESTING_dataset"/>
    <testcase time="0.0029999999999859" classname="TESTING_datachk" name="Check_TESTING_dataset"/>
    <testcase time="0.00200000000000955" classname="TESTING_datachk" name="Check_TESTING_dataset"/>
    <testcase time="0.0029999999999859" classname="TESTING_datachk" name="Check_TESTING_dataset"/>
    <testcase time="0.00200000000000955" classname="TESTING_datachk" name="Check_TESTING_dataset"/>
    <testcase time="0.00200000000000955" classname="TESTING_datachk" name="Check_TESTING_dataset"/>
    <testcase time="0.0029999999999859" classname="TESTING_datachk" name="Check_TESTING_dataset"/>
    <testcase time="0.00200000000000955" classname="TESTING_datachk" name="Check_TESTING_dataset"/>
    <testcase time="0.00199999999998113" classname="TESTING_datachk" name="Check_TESTING_dataset"/>
    <testcase time="0.338999999999999" classname="TESTING_datachk" name="Check_TESTING_dataset"/>
    <testcase time="0.00200000000000955" classname="TESTING_datachk" name="Check_TESTING_dataset"/>
    <testcase time="0.00300000000001432" classname="TESTING_datachk" name="Check_TESTING_dataset"/>
    <testcase time="0.00199999999998113" classname="TESTING_datachk" name="Check_TESTING_dataset"/>
    <testcase time="0.00300000000001432" classname="TESTING_datachk" name="Check_TESTING_dataset"/>
    <testcase time="0.00199999999998113" classname="TESTING_datachk" name="Check_TESTING_dataset"/>
    <testcase time="0.00200000000000955" classname="TESTING_datachk" name="Check_TESTING_dataset"/>
    <testcase time="0.169000000000011" classname="TESTING_datachk" name="Check_TESTING_dataset"/>
    <testcase time="0.0029999999999859" classname="TESTING_datachk" name="Check_TESTING_dataset"/>
    <testcase time="0.00300000000001432" classname="TESTING_datachk" name="Check_TESTING_dataset"/>
    <testcase time="0.00199999999998113" classname="TESTING_datachk" name="Check_TESTING_dataset"/>
    <testcase time="0.00300000000001432" classname="TESTING_datachk" name="Check_TESTING_dataset"/>
    <testcase time="0.00200000000000955" classname="TESTING_datachk" name="Check_TESTING_dataset"/>
    <testcase time="0.0029999999999859" classname="TESTING_datachk" name="Check_TESTING_dataset"/>
    <testcase time="0.00200000000000955" classname="TESTING_datachk" name="Check_TESTING_dataset"/>
    <testcase time="0.0029999999999859" classname="TESTING_datachk" name="Check_TESTING_dataset"/>
    <testcase time="0.337999999999994" classname="TESTING_datachk" name="Check_TESTING_dataset"/>
    <testcase time="0.00300000000001432" classname="TESTING_datachk" name="Check_TESTING_dataset"/>
    <testcase time="0.00200000000000955" classname="TESTING_datachk" name="Check_TESTING_dataset"/>
    <testcase time="0.00199999999998113" classname="TESTING_datachk" name="Check_TESTING_dataset"/>
    <testcase time="0.00300000000001432" classname="TESTING_datachk" name="Check_TESTING_dataset"/>
    <testcase time="0.00199999999998113" classname="TESTING_datachk" name="Check_TESTING_dataset"/>
    <testcase time="0.00200000000000955" classname="TESTING_datachk" name="Check_TESTING_dataset"/>
    <testcase time="0.170999999999992" classname="TESTING_datachk" name="Check_TESTING_dataset"/>
    <testcase time="0.00200000000000955" classname="TESTING_datachk" name="Check_TESTING_dataset"/>
    <testcase time="0.00300000000001432" classname="TESTING_datachk" name="Check_TESTING_dataset"/>
    <testcase time="0.00199999999998113" classname="TESTING_datachk" name="Check_TESTING_dataset"/>
    <testcase time="0.00300000000001432" classname="TESTING_datachk" name="Check_TESTING_dataset"/>
    <testcase time="0.00199999999998113" classname="TESTING_datachk" name="Check_TESTING_dataset"/>
    <testcase time="0.00200000000000955" classname="TESTING_datachk" name="Check_TESTING_dataset"/>
    <testcase time="0.00199999999998113" classname="TESTING_datachk" name="Check_TESTING_dataset"/>
    <testcase time="0.00200000000000955" classname="TESTING_datachk" name="Check_TESTING_dataset"/>
  </testsuite>
  <testsuite name="TESTING::datachk::shutdown" timestamp="2026-03-21T03:30:27Z" hostname="runnervm46oaq" tests="3" skipped="0" failures="0" errors="0" time="0.178">
    <testcase time="0.175000000000011" classname="TESTING_datachk_shutdown" name="shutdown"/>
    <testcase time="0.00199999999998113" classname="TESTING_datachk_shutdown" name="shutdown"/>
    <testcase time="0.00100000000000477" classname="TESTING_datachk_shutdown" name="shutdown"/>
  </testsuite>
  <testsuite name="TESTING::datachk::done" timestamp="2026-03-21T03:30:27Z" hostname="runnervm46oaq" tests="0" skipped="0" failures="0" errors="0" time="0"/>
</testsuites>
