<?xml version="1.0" encoding="UTF-8"?>
<testsuites>
  <testsuite name="math-ds.mean" timestamp="2026-03-21T03:45:37Z" hostname="runnervm46oaq" tests="0" skipped="0" failures="0" errors="0" time="0"/>
  <testsuite name="ds.mean::math::residual::multiple" timestamp="2026-03-21T03:45:37Z" hostname="runnervm46oaq" tests="32" skipped="0" failures="0" errors="0" time="21.556">
    <testcase time="14.958" classname="ds.mean_math_residual_multiple" name="residual_deviation_tends_to_0"/>
    <testcase time="0.523999999999997" classname="ds.mean_math_residual_multiple" name="residual_deviation_tends_to_0"/>
    <testcase time="0.442" classname="ds.mean_math_residual_multiple" name="residual_deviation_tends_to_0"/>
    <testcase time="0.452000000000002" classname="ds.mean_math_residual_multiple" name="residual_deviation_tends_to_0"/>
    <testcase time="0.442999999999998" classname="ds.mean_math_residual_multiple" name="residual_deviation_tends_to_0"/>
    <testcase time="0.441000000000003" classname="ds.mean_math_residual_multiple" name="residual_deviation_tends_to_0"/>
    <testcase time="0.445999999999998" classname="ds.mean_math_residual_multiple" name="residual_deviation_tends_to_0"/>
    <testcase time="0.454000000000001" classname="ds.mean_math_residual_multiple" name="residual_deviation_tends_to_0"/>
    <testcase time="0.434000000000001" classname="ds.mean_math_residual_multiple" name="residual_deviation_tends_to_0"/>
    <testcase time="0.000999999999997669" classname="ds.mean_math_residual_multiple" name="residual_deviation_tends_to_0"/>
    <testcase time="0.00200000000000244" classname="ds.mean_math_residual_multiple" name="residual_deviation_tends_to_0"/>
    <testcase time="0.433" classname="ds.mean_math_residual_multiple" name="residual_deviation_tends_to_0"/>
    <testcase time="0.00199999999999889" classname="ds.mean_math_residual_multiple" name="residual_deviation_tends_to_0"/>
    <testcase time="0.00100000000000122" classname="ds.mean_math_residual_multiple" name="residual_deviation_tends_to_0"/>
    <testcase time="0.431000000000001" classname="ds.mean_math_residual_multiple" name="residual_deviation_tends_to_0"/>
    <testcase time="0.000999999999997669" classname="ds.mean_math_residual_multiple" name="residual_deviation_tends_to_0"/>
    <testcase time="0.00200000000000244" classname="ds.mean_math_residual_multiple" name="residual_deviation_tends_to_0"/>
    <testcase time="0.390999999999998" classname="ds.mean_math_residual_multiple" name="residual_deviation_tends_to_0"/>
    <testcase time="0.00199999999999889" classname="ds.mean_math_residual_multiple" name="residual_deviation_tends_to_0"/>
    <testcase time="0.00200000000000244" classname="ds.mean_math_residual_multiple" name="residual_deviation_tends_to_0"/>
    <testcase time="0.436999999999998" classname="ds.mean_math_residual_multiple" name="residual_deviation_tends_to_0"/>
    <testcase time="0.00200000000000244" classname="ds.mean_math_residual_multiple" name="residual_deviation_tends_to_0"/>
    <testcase time="0.000999999999997669" classname="ds.mean_math_residual_multiple" name="residual_deviation_tends_to_0"/>
    <testcase time="0.417000000000002" classname="ds.mean_math_residual_multiple" name="residual_deviation_tends_to_0"/>
    <testcase time="0.000999999999997669" classname="ds.mean_math_residual_multiple" name="residual_deviation_tends_to_0"/>
    <testcase time="0.00100000000000122" classname="ds.mean_math_residual_multiple" name="residual_deviation_tends_to_0"/>
    <testcase time="0.413999999999998" classname="ds.mean_math_residual_multiple" name="residual_deviation_tends_to_0"/>
    <testcase time="0.00200000000000244" classname="ds.mean_math_residual_multiple" name="residual_deviation_tends_to_0"/>
    <testcase time="0.000999999999997669" classname="ds.mean_math_residual_multiple" name="residual_deviation_tends_to_0"/>
    <testcase time="0.415000000000003" classname="ds.mean_math_residual_multiple" name="residual_deviation_tends_to_0"/>
    <testcase time="0.00199999999999889" classname="ds.mean_math_residual_multiple" name="residual_deviation_tends_to_0"/>
    <testcase time="0.00100000000000122" classname="ds.mean_math_residual_multiple" name="residual_deviation_tends_to_0"/>
  </testsuite>
  <testsuite name="ds.mean::math::residual::multiple" timestamp="2026-03-21T03:45:59Z" hostname="runnervm46oaq" tests="32" skipped="0" failures="0" errors="0" time="14.761">
    <testcase time="8.747" classname="ds.mean_math_residual_multiple" name="residual_deviation_tends_to_0"/>
    <testcase time="0.400000000000006" classname="ds.mean_math_residual_multiple" name="residual_deviation_tends_to_0"/>
    <testcase time="0.419999999999995" classname="ds.mean_math_residual_multiple" name="residual_deviation_tends_to_0"/>
    <testcase time="0.433" classname="ds.mean_math_residual_multiple" name="residual_deviation_tends_to_0"/>
    <testcase time="0.413000000000004" classname="ds.mean_math_residual_multiple" name="residual_deviation_tends_to_0"/>
    <testcase time="0.409999999999997" classname="ds.mean_math_residual_multiple" name="residual_deviation_tends_to_0"/>
    <testcase time="0.329999999999998" classname="ds.mean_math_residual_multiple" name="residual_deviation_tends_to_0"/>
    <testcase time="0.366000000000007" classname="ds.mean_math_residual_multiple" name="residual_deviation_tends_to_0"/>
    <testcase time="0.408999999999999" classname="ds.mean_math_residual_multiple" name="residual_deviation_tends_to_0"/>
    <testcase time="0.00199999999999534" classname="ds.mean_math_residual_multiple" name="residual_deviation_tends_to_0"/>
    <testcase time="0.00200000000000244" classname="ds.mean_math_residual_multiple" name="residual_deviation_tends_to_0"/>
    <testcase time="0.411999999999999" classname="ds.mean_math_residual_multiple" name="residual_deviation_tends_to_0"/>
    <testcase time="0.00200000000000244" classname="ds.mean_math_residual_multiple" name="residual_deviation_tends_to_0"/>
    <testcase time="0.000999999999997669" classname="ds.mean_math_residual_multiple" name="residual_deviation_tends_to_0"/>
    <testcase time="0.369999999999997" classname="ds.mean_math_residual_multiple" name="residual_deviation_tends_to_0"/>
    <testcase time="0.00200000000000244" classname="ds.mean_math_residual_multiple" name="residual_deviation_tends_to_0"/>
    <testcase time="0.000999999999997669" classname="ds.mean_math_residual_multiple" name="residual_deviation_tends_to_0"/>
    <testcase time="0.407000000000004" classname="ds.mean_math_residual_multiple" name="residual_deviation_tends_to_0"/>
    <testcase time="0.000999999999997669" classname="ds.mean_math_residual_multiple" name="residual_deviation_tends_to_0"/>
    <testcase time="0.00200000000000244" classname="ds.mean_math_residual_multiple" name="residual_deviation_tends_to_0"/>
    <testcase time="0.403999999999996" classname="ds.mean_math_residual_multiple" name="residual_deviation_tends_to_0"/>
    <testcase time="0.00200000000000244" classname="ds.mean_math_residual_multiple" name="residual_deviation_tends_to_0"/>
    <testcase time="0.000999999999997669" classname="ds.mean_math_residual_multiple" name="residual_deviation_tends_to_0"/>
    <testcase time="0.404000000000003" classname="ds.mean_math_residual_multiple" name="residual_deviation_tends_to_0"/>
    <testcase time="0.00200000000000244" classname="ds.mean_math_residual_multiple" name="residual_deviation_tends_to_0"/>
    <testcase time="0.000999999999997669" classname="ds.mean_math_residual_multiple" name="residual_deviation_tends_to_0"/>
    <testcase time="0.409999999999997" classname="ds.mean_math_residual_multiple" name="residual_deviation_tends_to_0"/>
    <testcase time="0.00300000000000011" classname="ds.mean_math_residual_multiple" name="residual_deviation_tends_to_0"/>
    <testcase time="0.00100000000000477" classname="ds.mean_math_residual_multiple" name="residual_deviation_tends_to_0"/>
    <testcase time="0.399999999999999" classname="ds.mean_math_residual_multiple" name="residual_deviation_tends_to_0"/>
    <testcase time="0.000999999999997669" classname="ds.mean_math_residual_multiple" name="residual_deviation_tends_to_0"/>
    <testcase time="0.00200000000000244" classname="ds.mean_math_residual_multiple" name="residual_deviation_tends_to_0"/>
  </testsuite>
  <testsuite name="ds.mean::math::location_parameter::single" timestamp="2026-03-21T03:46:14Z" hostname="runnervm46oaq" tests="8" skipped="0" failures="0" errors="0" time="7.109">
    <testcase time="3.748" classname="ds.mean_math_location_parameter_single" name="mean_X_a_mean_X_a"/>
    <testcase time="0.449000000000005" classname="ds.mean_math_location_parameter_single" name="mean_X_a_mean_X_a"/>
    <testcase time="0.467999999999996" classname="ds.mean_math_location_parameter_single" name="mean_X_a_mean_X_a"/>
    <testcase time="0.500999999999998" classname="ds.mean_math_location_parameter_single" name="mean_X_a_mean_X_a"/>
    <testcase time="0.487000000000002" classname="ds.mean_math_location_parameter_single" name="mean_X_a_mean_X_a"/>
    <testcase time="0.460999999999999" classname="ds.mean_math_location_parameter_single" name="mean_X_a_mean_X_a"/>
    <testcase time="0.497" classname="ds.mean_math_location_parameter_single" name="mean_X_a_mean_X_a"/>
    <testcase time="0.498000000000005" classname="ds.mean_math_location_parameter_single" name="mean_X_a_mean_X_a"/>
  </testsuite>
  <testsuite name="ds.mean::math::location_parameter::multiple" timestamp="2026-03-21T03:46:21Z" hostname="runnervm46oaq" tests="8" skipped="0" failures="0" errors="0" time="19.582">
    <testcase time="9.485" classname="ds.mean_math_location_parameter_multiple" name="mean_X_a_mean_X_a"/>
    <testcase time="1.464" classname="ds.mean_math_location_parameter_multiple" name="mean_X_a_mean_X_a"/>
    <testcase time="1.449" classname="ds.mean_math_location_parameter_multiple" name="mean_X_a_mean_X_a"/>
    <testcase time="1.474" classname="ds.mean_math_location_parameter_multiple" name="mean_X_a_mean_X_a"/>
    <testcase time="1.442" classname="ds.mean_math_location_parameter_multiple" name="mean_X_a_mean_X_a"/>
    <testcase time="1.36799999999999" classname="ds.mean_math_location_parameter_multiple" name="mean_X_a_mean_X_a"/>
    <testcase time="1.475" classname="ds.mean_math_location_parameter_multiple" name="mean_X_a_mean_X_a"/>
    <testcase time="1.425" classname="ds.mean_math_location_parameter_multiple" name="mean_X_a_mean_X_a"/>
  </testsuite>
  <testsuite name="ds.mean::math::scale::multiple" timestamp="2026-03-21T03:46:40Z" hostname="runnervm46oaq" tests="8" skipped="0" failures="0" errors="0" time="19.275">
    <testcase time="9.501" classname="ds.mean_math_scale_multiple" name="mean_X_a_mean_X_a"/>
    <testcase time="1.32899999999999" classname="ds.mean_math_scale_multiple" name="mean_X_a_mean_X_a"/>
    <testcase time="1.43400000000001" classname="ds.mean_math_scale_multiple" name="mean_X_a_mean_X_a"/>
    <testcase time="1.37599999999999" classname="ds.mean_math_scale_multiple" name="mean_X_a_mean_X_a"/>
    <testcase time="1.38200000000001" classname="ds.mean_math_scale_multiple" name="mean_X_a_mean_X_a"/>
    <testcase time="1.39" classname="ds.mean_math_scale_multiple" name="mean_X_a_mean_X_a"/>
    <testcase time="1.437" classname="ds.mean_math_scale_multiple" name="mean_X_a_mean_X_a"/>
    <testcase time="1.426" classname="ds.mean_math_scale_multiple" name="mean_X_a_mean_X_a"/>
  </testsuite>
  <testsuite name="ds.mean::math::scale::single" timestamp="2026-03-21T03:47:00Z" hostname="runnervm46oaq" tests="8" skipped="0" failures="0" errors="0" time="6.948">
    <testcase time="3.65900000000001" classname="ds.mean_math_scale_single" name="mean_X_a_mean_X_a"/>
    <testcase time="0.47399999999999" classname="ds.mean_math_scale_single" name="mean_X_a_mean_X_a"/>
    <testcase time="0.478000000000009" classname="ds.mean_math_scale_single" name="mean_X_a_mean_X_a"/>
    <testcase time="0.440999999999988" classname="ds.mean_math_scale_single" name="mean_X_a_mean_X_a"/>
    <testcase time="0.474000000000004" classname="ds.mean_math_scale_single" name="mean_X_a_mean_X_a"/>
    <testcase time="0.469999999999999" classname="ds.mean_math_scale_single" name="mean_X_a_mean_X_a"/>
    <testcase time="0.474000000000004" classname="ds.mean_math_scale_single" name="mean_X_a_mean_X_a"/>
    <testcase time="0.477999999999994" classname="ds.mean_math_scale_single" name="mean_X_a_mean_X_a"/>
  </testsuite>
  <testsuite name="math-ds.var" timestamp="2026-03-21T03:47:07Z" hostname="runnervm46oaq" tests="0" skipped="0" failures="0" errors="0" time="0"/>
  <testsuite name="ds.var::math::positive_result::multiple" timestamp="2026-03-21T03:47:07Z" hostname="runnervm46oaq" tests="32" skipped="0" failures="0" errors="0" time="16.939">
    <testcase time="8.637" classname="ds.var_math_positive_result_multiple" name="variance_0"/>
    <testcase time="0.529000000000011" classname="ds.var_math_positive_result_multiple" name="variance_0"/>
    <testcase time="0.557999999999993" classname="ds.var_math_positive_result_multiple" name="variance_0"/>
    <testcase time="0.563000000000002" classname="ds.var_math_positive_result_multiple" name="variance_0"/>
    <testcase time="0.519000000000005" classname="ds.var_math_positive_result_multiple" name="variance_0"/>
    <testcase time="0.558999999999997" classname="ds.var_math_positive_result_multiple" name="variance_0"/>
    <testcase time="0.548000000000002" classname="ds.var_math_positive_result_multiple" name="variance_0"/>
    <testcase time="0.551999999999992" classname="ds.var_math_positive_result_multiple" name="variance_0"/>
    <testcase time="0.549999999999997" classname="ds.var_math_positive_result_multiple" name="variance_0"/>
    <testcase time="0.00300000000000011" classname="ds.var_math_positive_result_multiple" name="variance_0"/>
    <testcase time="0.007000000000005" classname="ds.var_math_positive_result_multiple" name="variance_0"/>
    <testcase time="0.555999999999997" classname="ds.var_math_positive_result_multiple" name="variance_0"/>
    <testcase time="0.00300000000000011" classname="ds.var_math_positive_result_multiple" name="variance_0"/>
    <testcase time="0.00300000000000011" classname="ds.var_math_positive_result_multiple" name="variance_0"/>
    <testcase time="0.554000000000002" classname="ds.var_math_positive_result_multiple" name="variance_0"/>
    <testcase time="0.00300000000000011" classname="ds.var_math_positive_result_multiple" name="variance_0"/>
    <testcase time="0.00300000000000011" classname="ds.var_math_positive_result_multiple" name="variance_0"/>
    <testcase time="0.549000000000007" classname="ds.var_math_positive_result_multiple" name="variance_0"/>
    <testcase time="0.00300000000000011" classname="ds.var_math_positive_result_multiple" name="variance_0"/>
    <testcase time="0.00300000000000011" classname="ds.var_math_positive_result_multiple" name="variance_0"/>
    <testcase time="0.564999999999998" classname="ds.var_math_positive_result_multiple" name="variance_0"/>
    <testcase time="0.00300000000000011" classname="ds.var_math_positive_result_multiple" name="variance_0"/>
    <testcase time="0.00300000000000011" classname="ds.var_math_positive_result_multiple" name="variance_0"/>
    <testcase time="0.545000000000002" classname="ds.var_math_positive_result_multiple" name="variance_0"/>
    <testcase time="0.00300000000000011" classname="ds.var_math_positive_result_multiple" name="variance_0"/>
    <testcase time="0.00300000000000011" classname="ds.var_math_positive_result_multiple" name="variance_0"/>
    <testcase time="0.551999999999992" classname="ds.var_math_positive_result_multiple" name="variance_0"/>
    <testcase time="0.00300000000000011" classname="ds.var_math_positive_result_multiple" name="variance_0"/>
    <testcase time="0.00300000000000011" classname="ds.var_math_positive_result_multiple" name="variance_0"/>
    <testcase time="0.551000000000002" classname="ds.var_math_positive_result_multiple" name="variance_0"/>
    <testcase time="0.00400000000000489" classname="ds.var_math_positive_result_multiple" name="variance_0"/>
    <testcase time="0.00199999999999534" classname="ds.var_math_positive_result_multiple" name="variance_0"/>
  </testsuite>
  <testsuite name="ds.var::math::positive_result::single" timestamp="2026-03-21T03:47:24Z" hostname="runnervm46oaq" tests="32" skipped="0" failures="0" errors="0" time="6.337">
    <testcase time="3.413" classname="ds.var_math_positive_result_single" name="variance_0"/>
    <testcase time="0.183000000000007" classname="ds.var_math_positive_result_single" name="variance_0"/>
    <testcase time="0.186999999999998" classname="ds.var_math_positive_result_single" name="variance_0"/>
    <testcase time="0.188000000000002" classname="ds.var_math_positive_result_single" name="variance_0"/>
    <testcase time="0.188999999999993" classname="ds.var_math_positive_result_single" name="variance_0"/>
    <testcase time="0.189999999999998" classname="ds.var_math_positive_result_single" name="variance_0"/>
    <testcase time="0.189000000000007" classname="ds.var_math_positive_result_single" name="variance_0"/>
    <testcase time="0.200999999999993" classname="ds.var_math_positive_result_single" name="variance_0"/>
    <testcase time="0.186999999999998" classname="ds.var_math_positive_result_single" name="variance_0"/>
    <testcase time="0.00300000000000011" classname="ds.var_math_positive_result_single" name="variance_0"/>
    <testcase time="0.00300000000000011" classname="ds.var_math_positive_result_single" name="variance_0"/>
    <testcase time="0.146000000000001" classname="ds.var_math_positive_result_single" name="variance_0"/>
    <testcase time="0.00300000000000011" classname="ds.var_math_positive_result_single" name="variance_0"/>
    <testcase time="0.00300000000000011" classname="ds.var_math_positive_result_single" name="variance_0"/>
    <testcase time="0.191000000000003" classname="ds.var_math_positive_result_single" name="variance_0"/>
    <testcase time="0.00300000000000011" classname="ds.var_math_positive_result_single" name="variance_0"/>
    <testcase time="0.00200000000000955" classname="ds.var_math_positive_result_single" name="variance_0"/>
    <testcase time="0.185999999999993" classname="ds.var_math_positive_result_single" name="variance_0"/>
    <testcase time="0.00300000000000011" classname="ds.var_math_positive_result_single" name="variance_0"/>
    <testcase time="0.00300000000000011" classname="ds.var_math_positive_result_single" name="variance_0"/>
    <testcase time="0.251999999999995" classname="ds.var_math_positive_result_single" name="variance_0"/>
    <testcase time="0.00400000000000489" classname="ds.var_math_positive_result_single" name="variance_0"/>
    <testcase time="0.00300000000000011" classname="ds.var_math_positive_result_single" name="variance_0"/>
    <testcase time="0.192000000000007" classname="ds.var_math_positive_result_single" name="variance_0"/>
    <testcase time="0.0029999999999859" classname="ds.var_math_positive_result_single" name="variance_0"/>
    <testcase time="0.00300000000000011" classname="ds.var_math_positive_result_single" name="variance_0"/>
    <testcase time="0.193000000000012" classname="ds.var_math_positive_result_single" name="variance_0"/>
    <testcase time="0.00300000000000011" classname="ds.var_math_positive_result_single" name="variance_0"/>
    <testcase time="0.00300000000000011" classname="ds.var_math_positive_result_single" name="variance_0"/>
    <testcase time="0.200999999999993" classname="ds.var_math_positive_result_single" name="variance_0"/>
    <testcase time="0.00300000000000011" classname="ds.var_math_positive_result_single" name="variance_0"/>
    <testcase time="0.00400000000000489" classname="ds.var_math_positive_result_single" name="variance_0"/>
  </testsuite>
  <testsuite name="ds.var::math::square_root_std::single" timestamp="2026-03-21T03:47:30Z" hostname="runnervm46oaq" tests="8" skipped="0" failures="0" errors="0" time="4.116">
    <testcase time="3.279" classname="ds.var_math_square_root_std_single" name="variance_is_to_the_power_of_2_of_the_standard_deviation"/>
    <testcase time="0.120999999999995" classname="ds.var_math_square_root_std_single" name="variance_is_to_the_power_of_2_of_the_standard_deviation"/>
    <testcase time="0.116" classname="ds.var_math_square_root_std_single" name="variance_is_to_the_power_of_2_of_the_standard_deviation"/>
    <testcase time="0.115000000000009" classname="ds.var_math_square_root_std_single" name="variance_is_to_the_power_of_2_of_the_standard_deviation"/>
    <testcase time="0.11699999999999" classname="ds.var_math_square_root_std_single" name="variance_is_to_the_power_of_2_of_the_standard_deviation"/>
    <testcase time="0.126000000000005" classname="ds.var_math_square_root_std_single" name="variance_is_to_the_power_of_2_of_the_standard_deviation"/>
    <testcase time="0.125" classname="ds.var_math_square_root_std_single" name="variance_is_to_the_power_of_2_of_the_standard_deviation"/>
    <testcase time="0.117000000000004" classname="ds.var_math_square_root_std_single" name="variance_is_to_the_power_of_2_of_the_standard_deviation"/>
  </testsuite>
  <testsuite name="ds.var::math::square_root_std::multiple" timestamp="2026-03-21T03:47:34Z" hostname="runnervm46oaq" tests="32" skipped="0" failures="0" errors="0" time="13.408">
    <testcase time="8.306" classname="ds.var_math_square_root_std_multiple" name="variance_is_to_the_power_of_2_of_the_standard_deviation"/>
    <testcase time="0.304000000000002" classname="ds.var_math_square_root_std_multiple" name="variance_is_to_the_power_of_2_of_the_standard_deviation"/>
    <testcase time="0.352000000000004" classname="ds.var_math_square_root_std_multiple" name="variance_is_to_the_power_of_2_of_the_standard_deviation"/>
    <testcase time="0.34899999999999" classname="ds.var_math_square_root_std_multiple" name="variance_is_to_the_power_of_2_of_the_standard_deviation"/>
    <testcase time="0.350999999999999" classname="ds.var_math_square_root_std_multiple" name="variance_is_to_the_power_of_2_of_the_standard_deviation"/>
    <testcase time="0.342000000000013" classname="ds.var_math_square_root_std_multiple" name="variance_is_to_the_power_of_2_of_the_standard_deviation"/>
    <testcase time="0.304000000000002" classname="ds.var_math_square_root_std_multiple" name="variance_is_to_the_power_of_2_of_the_standard_deviation"/>
    <testcase time="0.343999999999994" classname="ds.var_math_square_root_std_multiple" name="variance_is_to_the_power_of_2_of_the_standard_deviation"/>
    <testcase time="0.352000000000004" classname="ds.var_math_square_root_std_multiple" name="variance_is_to_the_power_of_2_of_the_standard_deviation"/>
    <testcase time="0.00199999999998113" classname="ds.var_math_square_root_std_multiple" name="variance_is_to_the_power_of_2_of_the_standard_deviation"/>
    <testcase time="0.00100000000000477" classname="ds.var_math_square_root_std_multiple" name="variance_is_to_the_power_of_2_of_the_standard_deviation"/>
    <testcase time="0.348000000000013" classname="ds.var_math_square_root_std_multiple" name="variance_is_to_the_power_of_2_of_the_standard_deviation"/>
    <testcase time="0.00199999999998113" classname="ds.var_math_square_root_std_multiple" name="variance_is_to_the_power_of_2_of_the_standard_deviation"/>
    <testcase time="0.00100000000000477" classname="ds.var_math_square_root_std_multiple" name="variance_is_to_the_power_of_2_of_the_standard_deviation"/>
    <testcase time="0.349999999999994" classname="ds.var_math_square_root_std_multiple" name="variance_is_to_the_power_of_2_of_the_standard_deviation"/>
    <testcase time="0.00200000000000955" classname="ds.var_math_square_root_std_multiple" name="variance_is_to_the_power_of_2_of_the_standard_deviation"/>
    <testcase time="0.00100000000000477" classname="ds.var_math_square_root_std_multiple" name="variance_is_to_the_power_of_2_of_the_standard_deviation"/>
    <testcase time="0.342999999999989" classname="ds.var_math_square_root_std_multiple" name="variance_is_to_the_power_of_2_of_the_standard_deviation"/>
    <testcase time="0.00200000000000955" classname="ds.var_math_square_root_std_multiple" name="variance_is_to_the_power_of_2_of_the_standard_deviation"/>
    <testcase time="0.00200000000000955" classname="ds.var_math_square_root_std_multiple" name="variance_is_to_the_power_of_2_of_the_standard_deviation"/>
    <testcase time="0.300999999999988" classname="ds.var_math_square_root_std_multiple" name="variance_is_to_the_power_of_2_of_the_standard_deviation"/>
    <testcase time="0.00100000000000477" classname="ds.var_math_square_root_std_multiple" name="variance_is_to_the_power_of_2_of_the_standard_deviation"/>
    <testcase time="0.00199999999998113" classname="ds.var_math_square_root_std_multiple" name="variance_is_to_the_power_of_2_of_the_standard_deviation"/>
    <testcase time="0.344000000000023" classname="ds.var_math_square_root_std_multiple" name="variance_is_to_the_power_of_2_of_the_standard_deviation"/>
    <testcase time="0.00199999999998113" classname="ds.var_math_square_root_std_multiple" name="variance_is_to_the_power_of_2_of_the_standard_deviation"/>
    <testcase time="0.00200000000000955" classname="ds.var_math_square_root_std_multiple" name="variance_is_to_the_power_of_2_of_the_standard_deviation"/>
    <testcase time="0.347999999999985" classname="ds.var_math_square_root_std_multiple" name="variance_is_to_the_power_of_2_of_the_standard_deviation"/>
    <testcase time="0.00100000000000477" classname="ds.var_math_square_root_std_multiple" name="variance_is_to_the_power_of_2_of_the_standard_deviation"/>
    <testcase time="0.00200000000000955" classname="ds.var_math_square_root_std_multiple" name="variance_is_to_the_power_of_2_of_the_standard_deviation"/>
    <testcase time="0.342999999999989" classname="ds.var_math_square_root_std_multiple" name="variance_is_to_the_power_of_2_of_the_standard_deviation"/>
    <testcase time="0.00200000000000955" classname="ds.var_math_square_root_std_multiple" name="variance_is_to_the_power_of_2_of_the_standard_deviation"/>
    <testcase time="0.00200000000000955" classname="ds.var_math_square_root_std_multiple" name="variance_is_to_the_power_of_2_of_the_standard_deviation"/>
  </testsuite>
  <testsuite name="ds.var::math::location::parameter::single" timestamp="2026-03-21T03:47:47Z" hostname="runnervm46oaq" tests="8" skipped="0" failures="0" errors="0" time="7.915">
    <testcase time="3.77599999999998" classname="ds.var_math_location_parameter_single" name="var_X_a_Var_X_"/>
    <testcase time="0.588999999999999" classname="ds.var_math_location_parameter_single" name="var_X_a_Var_X_"/>
    <testcase time="0.606000000000023" classname="ds.var_math_location_parameter_single" name="var_X_a_Var_X_"/>
    <testcase time="0.587999999999994" classname="ds.var_math_location_parameter_single" name="var_X_a_Var_X_"/>
    <testcase time="0.593999999999994" classname="ds.var_math_location_parameter_single" name="var_X_a_Var_X_"/>
    <testcase time="0.602000000000004" classname="ds.var_math_location_parameter_single" name="var_X_a_Var_X_"/>
    <testcase time="0.578000000000003" classname="ds.var_math_location_parameter_single" name="var_X_a_Var_X_"/>
    <testcase time="0.581999999999994" classname="ds.var_math_location_parameter_single" name="var_X_a_Var_X_"/>
  </testsuite>
  <testsuite name="ds.var::math::location::parameter::multiple" timestamp="2026-03-21T03:47:55Z" hostname="runnervm46oaq" tests="8" skipped="0" failures="0" errors="0" time="21.981">
    <testcase time="9.84299999999999" classname="ds.var_math_location_parameter_multiple" name="var_X_a_Var_X_"/>
    <testcase time="1.70400000000001" classname="ds.var_math_location_parameter_multiple" name="var_X_a_Var_X_"/>
    <testcase time="1.71000000000001" classname="ds.var_math_location_parameter_multiple" name="var_X_a_Var_X_"/>
    <testcase time="1.74699999999999" classname="ds.var_math_location_parameter_multiple" name="var_X_a_Var_X_"/>
    <testcase time="1.714" classname="ds.var_math_location_parameter_multiple" name="var_X_a_Var_X_"/>
    <testcase time="1.77600000000001" classname="ds.var_math_location_parameter_multiple" name="var_X_a_Var_X_"/>
    <testcase time="1.74100000000001" classname="ds.var_math_location_parameter_multiple" name="var_X_a_Var_X_"/>
    <testcase time="1.74599999999998" classname="ds.var_math_location_parameter_multiple" name="var_X_a_Var_X_"/>
  </testsuite>
  <testsuite name="ds.var::math::scale::single" timestamp="2026-03-21T03:48:17Z" hostname="runnervm46oaq" tests="8" skipped="0" failures="0" errors="0" time="7.936">
    <testcase time="3.816" classname="ds.var_math_scale_single" name="var_aX_a_2Var_X_"/>
    <testcase time="0.591000000000008" classname="ds.var_math_scale_single" name="var_aX_a_2Var_X_"/>
    <testcase time="0.594999999999999" classname="ds.var_math_scale_single" name="var_aX_a_2Var_X_"/>
    <testcase time="0.597000000000008" classname="ds.var_math_scale_single" name="var_aX_a_2Var_X_"/>
    <testcase time="0.549999999999983" classname="ds.var_math_scale_single" name="var_aX_a_2Var_X_"/>
    <testcase time="0.588999999999999" classname="ds.var_math_scale_single" name="var_aX_a_2Var_X_"/>
    <testcase time="0.593000000000018" classname="ds.var_math_scale_single" name="var_aX_a_2Var_X_"/>
    <testcase time="0.60499999999999" classname="ds.var_math_scale_single" name="var_aX_a_2Var_X_"/>
  </testsuite>
  <testsuite name="ds.var::math::scale::multiple" timestamp="2026-03-21T03:48:25Z" hostname="runnervm46oaq" tests="8" skipped="0" failures="0" errors="0" time="21.884">
    <testcase time="9.84999999999999" classname="ds.var_math_scale_multiple" name="var_aX_a_2Var_X_"/>
    <testcase time="1.678" classname="ds.var_math_scale_multiple" name="var_aX_a_2Var_X_"/>
    <testcase time="1.73699999999999" classname="ds.var_math_scale_multiple" name="var_aX_a_2Var_X_"/>
    <testcase time="1.73000000000002" classname="ds.var_math_scale_multiple" name="var_aX_a_2Var_X_"/>
    <testcase time="1.73399999999998" classname="ds.var_math_scale_multiple" name="var_aX_a_2Var_X_"/>
    <testcase time="1.70400000000001" classname="ds.var_math_scale_multiple" name="var_aX_a_2Var_X_"/>
    <testcase time="1.74700000000001" classname="ds.var_math_scale_multiple" name="var_aX_a_2Var_X_"/>
    <testcase time="1.70399999999998" classname="ds.var_math_scale_multiple" name="var_aX_a_2Var_X_"/>
  </testsuite>
</testsuites>
