<?xml version="1.0" encoding="UTF-8"?>
<testsuites>
  <testsuite name="arg-ds.asCharacter" timestamp="2026-03-21T03:28:21Z" hostname="runnervm46oaq" tests="0" skipped="0" failures="0" errors="0" time="0"/>
  <testsuite name="ds.asCharacter::arg::test errors" timestamp="2026-03-21T03:28:32Z" hostname="runnervm46oaq" tests="1" skipped="0" failures="0" errors="0" time="11.047">
    <testcase time="11.047" classname="ds.asCharacter_arg_test_errors" name="asCharacter_erros"/>
  </testsuite>
  <testsuite name="arg-ds.asDataMatrix" timestamp="2026-03-21T03:28:32Z" hostname="runnervm46oaq" tests="0" skipped="0" failures="0" errors="0" time="0"/>
  <testsuite name="ds.asDataMatrix::arg::test errors" timestamp="2026-03-21T03:28:40Z" hostname="runnervm46oaq" tests="1" skipped="0" failures="0" errors="0" time="8.498">
    <testcase time="8.498" classname="ds.asDataMatrix_arg_test_errors" name="asDataMatrix_erros"/>
  </testsuite>
  <testsuite name="arg-ds.asFactor" timestamp="2026-03-21T03:28:41Z" hostname="runnervm46oaq" tests="0" skipped="0" failures="0" errors="0" time="0"/>
  <testsuite name="ds.asFactor::arg::test errors" timestamp="2026-03-21T03:28:49Z" hostname="runnervm46oaq" tests="3" skipped="0" failures="0" errors="0" time="8.261">
    <testcase time="8.25" classname="ds.asFactor_arg_test_errors" name="asFactor_erros"/>
    <testcase time="0.00600000000000023" classname="ds.asFactor_arg_test_errors" name="asFactor_erros"/>
    <testcase time="0.00500000000000256" classname="ds.asFactor_arg_test_errors" name="asFactor_erros"/>
  </testsuite>
  <testsuite name="arg-ds.asInteger" timestamp="2026-03-21T03:28:49Z" hostname="runnervm46oaq" tests="0" skipped="0" failures="0" errors="0" time="0"/>
  <testsuite name="ds.asInteger::arg::test errors" timestamp="2026-03-21T03:28:57Z" hostname="runnervm46oaq" tests="1" skipped="0" failures="0" errors="0" time="8.025">
    <testcase time="8.025" classname="ds.asInteger_arg_test_errors" name="asInteger_erros"/>
  </testsuite>
  <testsuite name="arg-ds.asList" timestamp="2026-03-21T03:28:57Z" hostname="runnervm46oaq" tests="0" skipped="0" failures="0" errors="0" time="0"/>
  <testsuite name="ds.asList::arg::test errors" timestamp="2026-03-21T03:29:05Z" hostname="runnervm46oaq" tests="1" skipped="0" failures="0" errors="0" time="8.108">
    <testcase time="8.108" classname="ds.asList_arg_test_errors" name="asList_erros"/>
  </testsuite>
  <testsuite name="arg-ds.asLogical" timestamp="2026-03-21T03:29:05Z" hostname="runnervm46oaq" tests="0" skipped="0" failures="0" errors="0" time="0"/>
  <testsuite name="ds.asLogical::arg::test errors" timestamp="2026-03-21T03:29:13Z" hostname="runnervm46oaq" tests="1" skipped="0" failures="0" errors="0" time="8.044">
    <testcase time="8.044" classname="ds.asLogical_arg_test_errors" name="asLogical_erros"/>
  </testsuite>
  <testsuite name="arg-ds.asMatrix" timestamp="2026-03-21T03:29:13Z" hostname="runnervm46oaq" tests="0" skipped="0" failures="0" errors="0" time="0"/>
  <testsuite name="ds.asMatrix::arg::test errors" timestamp="2026-03-21T03:29:21Z" hostname="runnervm46oaq" tests="1" skipped="0" failures="0" errors="0" time="8.023">
    <testcase time="8.023" classname="ds.asMatrix_arg_test_errors" name="asMatrix_erros"/>
  </testsuite>
  <testsuite name="arg-ds.asNumeric" timestamp="2026-03-21T03:29:21Z" hostname="runnervm46oaq" tests="0" skipped="0" failures="0" errors="0" time="0"/>
  <testsuite name="ds.asNumeric::arg::test errors" timestamp="2026-03-21T03:29:29Z" hostname="runnervm46oaq" tests="1" skipped="0" failures="0" errors="0" time="8.053">
    <testcase time="8.053" classname="ds.asNumeric_arg_test_errors" name="asNumeric_erros"/>
  </testsuite>
  <testsuite name="arg-ds.assign" timestamp="2026-03-21T03:29:29Z" hostname="runnervm46oaq" tests="0" skipped="0" failures="0" errors="0" time="0"/>
  <testsuite name="ds.assign::arg::test errors" timestamp="2026-03-21T03:29:37Z" hostname="runnervm46oaq" tests="1" skipped="0" failures="0" errors="0" time="7.877">
    <testcase time="7.877" classname="ds.assign_arg_test_errors" name="assign_erros"/>
  </testsuite>
  <testsuite name="arg-ds.auc" timestamp="2026-03-21T03:29:37Z" hostname="runnervm46oaq" tests="0" skipped="0" failures="0" errors="0" time="0"/>
  <testsuite name="ds.auc::arg::setup" timestamp="2026-03-21T03:29:37Z" hostname="runnervm46oaq" tests="0" skipped="0" failures="0" errors="0" time="0"/>
  <testsuite name="ds.auc::arg::test errors" timestamp="2026-03-21T03:29:37Z" hostname="runnervm46oaq" tests="2" skipped="0" failures="0" errors="0" time="0.211">
    <testcase time="0.206000000000003" classname="ds.auc_arg_test_errors" name="ds.auc_errors_for_null_pred_or_y"/>
    <testcase time="0.00499999999999545" classname="ds.auc_arg_test_errors" name="ds.auc_errors_for_null_pred_or_y"/>
  </testsuite>
  <testsuite name="ds.auc::arg::shutdown" timestamp="2026-03-21T03:29:37Z" hostname="runnervm46oaq" tests="0" skipped="0" failures="0" errors="0" time="0"/>
  <testsuite name="ds.auc::arg::done" timestamp="2026-03-21T03:29:37Z" hostname="runnervm46oaq" tests="0" skipped="0" failures="0" errors="0" time="0"/>
  <testsuite name="arg-ds.Boole" timestamp="2026-03-21T03:29:37Z" hostname="runnervm46oaq" tests="0" skipped="0" failures="0" errors="0" time="0"/>
  <testsuite name="ds.Boole::arg::test errors" timestamp="2026-03-21T03:29:45Z" hostname="runnervm46oaq" tests="5" skipped="0" failures="0" errors="0" time="7.748">
    <testcase time="7.72800000000001" classname="ds.Boole_arg_test_errors" name="Boole_erros"/>
    <testcase time="0.00499999999999545" classname="ds.Boole_arg_test_errors" name="Boole_erros"/>
    <testcase time="0.00499999999999545" classname="ds.Boole_arg_test_errors" name="Boole_erros"/>
    <testcase time="0.00500000000000966" classname="ds.Boole_arg_test_errors" name="Boole_erros"/>
    <testcase time="0.00499999999999545" classname="ds.Boole_arg_test_errors" name="Boole_erros"/>
  </testsuite>
  <testsuite name="arg-ds.c" timestamp="2026-03-21T03:29:45Z" hostname="runnervm46oaq" tests="0" skipped="0" failures="0" errors="0" time="0"/>
  <testsuite name="ds.c::arg::test errors" timestamp="2026-03-21T03:29:53Z" hostname="runnervm46oaq" tests="1" skipped="0" failures="0" errors="0" time="8.009">
    <testcase time="8.009" classname="ds.c_arg_test_errors" name="simple_c_errors"/>
  </testsuite>
  <testsuite name="arg-ds.cbind" timestamp="2026-03-21T03:29:53Z" hostname="runnervm46oaq" tests="0" skipped="0" failures="0" errors="0" time="0"/>
  <testsuite name="ds.cbind::arg::test errors" timestamp="2026-03-21T03:30:01Z" hostname="runnervm46oaq" tests="2" skipped="0" failures="0" errors="0" time="11.541">
    <testcase time="11.316" classname="ds.cbind_arg_test_errors" name="cbind_erros"/>
    <testcase time="0.224999999999994" classname="ds.cbind_arg_test_errors" name="cbind_erros"/>
  </testsuite>
  <testsuite name="arg-ds.changeRefGroup" timestamp="2026-03-21T03:30:05Z" hostname="runnervm46oaq" tests="0" skipped="0" failures="0" errors="0" time="0"/>
  <testsuite name="ds.changeRefGroup::arg::test errors" timestamp="2026-03-21T03:30:12Z" hostname="runnervm46oaq" tests="3" skipped="0" failures="0" errors="0" time="8.091">
    <testcase time="7.849" classname="ds.changeRefGroup_arg_test_errors" name="changeRefGroup_erros"/>
    <testcase time="0.00499999999999545" classname="ds.changeRefGroup_arg_test_errors" name="changeRefGroup_erros"/>
    <testcase time="0.237000000000009" classname="ds.changeRefGroup_arg_test_errors" name="changeRefGroup_erros"/>
  </testsuite>
  <testsuite name="arg-ds.class" timestamp="2026-03-21T03:30:13Z" hostname="runnervm46oaq" tests="0" skipped="0" failures="0" errors="0" time="0"/>
  <testsuite name="ds.class::arg::test errors" timestamp="2026-03-21T03:30:21Z" hostname="runnervm46oaq" tests="1" skipped="0" failures="0" errors="0" time="8.11">
    <testcase time="8.11" classname="ds.class_arg_test_errors" name="class_erros"/>
  </testsuite>
  <testsuite name="arg-ds.colnames" timestamp="2026-03-21T03:30:21Z" hostname="runnervm46oaq" tests="0" skipped="0" failures="0" errors="0" time="0"/>
  <testsuite name="ds.colnames::arg::test errors" timestamp="2026-03-21T03:30:29Z" hostname="runnervm46oaq" tests="1" skipped="0" failures="0" errors="0" time="8.048">
    <testcase time="8.048" classname="ds.colnames_arg_test_errors" name="simple_colnames_errors"/>
  </testsuite>
  <testsuite name="arg-ds.completeCases" timestamp="2026-03-21T03:30:29Z" hostname="runnervm46oaq" tests="0" skipped="0" failures="0" errors="0" time="0"/>
  <testsuite name="ds.completeCases::arg::test errors" timestamp="2026-03-21T03:30:37Z" hostname="runnervm46oaq" tests="1" skipped="0" failures="0" errors="0" time="8.146">
    <testcase time="8.14599999999999" classname="ds.completeCases_arg_test_errors" name="completeCases_errors"/>
  </testsuite>
  <testsuite name="arg-ds.cor" timestamp="2026-03-21T03:30:37Z" hostname="runnervm46oaq" tests="0" skipped="0" failures="0" errors="0" time="0"/>
  <testsuite name="ds.cor::arg::test errors" timestamp="2026-03-21T03:30:45Z" hostname="runnervm46oaq" tests="3" skipped="0" failures="0" errors="0" time="9.121">
    <testcase time="8.108" classname="ds.cor_arg_test_errors" name="cor_erros"/>
    <testcase time="0.239000000000004" classname="ds.cor_arg_test_errors" name="cor_erros"/>
    <testcase time="0.774000000000001" classname="ds.cor_arg_test_errors" name="cor_erros"/>
  </testsuite>
  <testsuite name="arg-ds.corTest" timestamp="2026-03-21T03:30:46Z" hostname="runnervm46oaq" tests="0" skipped="0" failures="0" errors="0" time="0"/>
  <testsuite name="ds.corTest::arg" timestamp="2026-03-21T03:30:54Z" hostname="runnervm46oaq" tests="2" skipped="0" failures="0" errors="0" time="7.892">
    <testcase time="7.886" classname="ds.corTest_arg" name="simple_arg_test"/>
    <testcase time="0.00600000000000023" classname="ds.corTest_arg" name="simple_arg_test"/>
  </testsuite>
  <testsuite name="arg-ds.cov" timestamp="2026-03-21T03:30:54Z" hostname="runnervm46oaq" tests="0" skipped="0" failures="0" errors="0" time="0"/>
  <testsuite name="ds.cov::arg::test errors" timestamp="2026-03-21T03:31:02Z" hostname="runnervm46oaq" tests="3" skipped="0" failures="0" errors="0" time="8.815">
    <testcase time="7.858" classname="ds.cov_arg_test_errors" name="cov_erros"/>
    <testcase time="0.191000000000003" classname="ds.cov_arg_test_errors" name="cov_erros"/>
    <testcase time="0.765999999999991" classname="ds.cov_arg_test_errors" name="cov_erros"/>
  </testsuite>
  <testsuite name="arg-ds.dataFrame" timestamp="2026-03-21T03:31:03Z" hostname="runnervm46oaq" tests="0" skipped="0" failures="0" errors="0" time="0"/>
  <testsuite name="ds.dataFrame::arg::test errors" timestamp="2026-03-21T03:31:10Z" hostname="runnervm46oaq" tests="2" skipped="0" failures="0" errors="0" time="8.413">
    <testcase time="7.87300000000002" classname="ds.dataFrame_arg_test_errors" name="dataframe_erros"/>
    <testcase time="0.539999999999992" classname="ds.dataFrame_arg_test_errors" name="dataframe_erros"/>
  </testsuite>
  <testsuite name="arg-ds.dataFrameFill" timestamp="2026-03-21T03:31:11Z" hostname="runnervm46oaq" tests="0" skipped="0" failures="0" errors="0" time="0"/>
  <testsuite name="ds.dataFrameFill::arg::test errors" timestamp="2026-03-21T03:31:19Z" hostname="runnervm46oaq" tests="3" skipped="0" failures="0" errors="0" time="8.443">
    <testcase time="8.03299999999999" classname="ds.dataFrameFill_arg_test_errors" name="dataFrameFill_erros"/>
    <testcase time="0.188000000000017" classname="ds.dataFrameFill_arg_test_errors" name="dataFrameFill_erros"/>
    <testcase time="0.22199999999998" classname="ds.dataFrameFill_arg_test_errors" name="dataFrameFill_erros"/>
  </testsuite>
  <testsuite name="arg-ds.dataFrameSort" timestamp="2026-03-21T03:31:20Z" hostname="runnervm46oaq" tests="0" skipped="0" failures="0" errors="0" time="0"/>
  <testsuite name="ds.dataFrameSort::arg::no args" timestamp="2026-03-21T03:31:27Z" hostname="runnervm46oaq" tests="5" skipped="0" failures="0" errors="0" time="8.37">
    <testcase time="8.351" classname="ds.dataFrameSort_arg_no_args" name="dataFrameSort_noargs"/>
    <testcase time="0.01400000000001" classname="ds.dataFrameSort_arg_no_args" name="dataFrameSort_noargs"/>
    <testcase time="0.00200000000000955" classname="ds.dataFrameSort_arg_no_args" name="dataFrameSort_noargs"/>
    <testcase time="0.00100000000000477" classname="ds.dataFrameSort_arg_no_args" name="dataFrameSort_noargs"/>
    <testcase time="0.00199999999998113" classname="ds.dataFrameSort_arg_no_args" name="dataFrameSort_noargs"/>
  </testsuite>
  <testsuite name="ds.dataFrameSort::arg::sorted dataframe, of factors" timestamp="2026-03-21T03:31:28Z" hostname="runnervm46oaq" tests="5" skipped="0" failures="0" errors="0" time="1.329">
    <testcase time="1.32300000000001" classname="ds.dataFrameSort_arg_sorted_dataframe_of_factors" name="dataFrameSort_factors"/>
    <testcase time="0.00100000000000477" classname="ds.dataFrameSort_arg_sorted_dataframe_of_factors" name="dataFrameSort_factors"/>
    <testcase time="0.00200000000000955" classname="ds.dataFrameSort_arg_sorted_dataframe_of_factors" name="dataFrameSort_factors"/>
    <testcase time="0.00199999999998113" classname="ds.dataFrameSort_arg_sorted_dataframe_of_factors" name="dataFrameSort_factors"/>
    <testcase time="0.00100000000000477" classname="ds.dataFrameSort_arg_sorted_dataframe_of_factors" name="dataFrameSort_factors"/>
  </testsuite>
  <testsuite name="arg-ds.dataFrameSubset" timestamp="2026-03-21T03:31:29Z" hostname="runnervm46oaq" tests="0" skipped="0" failures="0" errors="0" time="0"/>
  <testsuite name="ds.dataFrameSubset::arg::setup" timestamp="2026-03-21T03:31:29Z" hostname="runnervm46oaq" tests="3" skipped="0" failures="0" errors="0" time="8.369">
    <testcase time="8.36600000000001" classname="ds.dataFrameSubset_arg_setup" name="setup"/>
    <testcase time="0.000999999999976353" classname="ds.dataFrameSubset_arg_setup" name="setup"/>
    <testcase time="0.00200000000000955" classname="ds.dataFrameSubset_arg_setup" name="setup"/>
  </testsuite>
  <testsuite name="ds.dataFrameSubset::arg::missing 'ds.name' arg errors" timestamp="2026-03-21T03:31:38Z" hostname="runnervm46oaq" tests="1" skipped="0" failures="0" errors="0" time="0.009">
    <testcase time="0.00900000000001455" classname="ds.dataFrameSubset_arg_missing_ds.name_arg_errors" name="dataFrameSubset_erros"/>
  </testsuite>
  <testsuite name="ds.dataFrameSubset::arg::missing 'V1' arg error" timestamp="2026-03-21T03:31:38Z" hostname="runnervm46oaq" tests="1" skipped="0" failures="0" errors="0" time="0.009">
    <testcase time="0.00899999999998613" classname="ds.dataFrameSubset_arg_missing_V1_arg_error" name="dataFrameSubset_erros"/>
  </testsuite>
  <testsuite name="ds.dataFrameSubset::arg::missing 'V2' arg error" timestamp="2026-03-21T03:31:38Z" hostname="runnervm46oaq" tests="1" skipped="0" failures="0" errors="0" time="0.009">
    <testcase time="0.00899999999998613" classname="ds.dataFrameSubset_arg_missing_V2_arg_error" name="dataFrameSubset_erros"/>
  </testsuite>
  <testsuite name="ds.dataFrameSubset::arg::missing 'Boolean.operator' arg error" timestamp="2026-03-21T03:31:38Z" hostname="runnervm46oaq" tests="1" skipped="0" failures="0" errors="0" time="0.009">
    <testcase time="0.00900000000001455" classname="ds.dataFrameSubset_arg_missing_Boolean.operator_arg_error" name="dataFrameSubset_erros"/>
  </testsuite>
  <testsuite name="ds.dataFrameSubset::arg::missing 'df.name' value server-side" timestamp="2026-03-21T03:31:38Z" hostname="runnervm46oaq" tests="5" skipped="0" failures="0" errors="0" time="0.352">
    <testcase time="0.344999999999999" classname="ds.dataFrameSubset_arg_missing_df.name_value_server_side" name="dataFrameSubset_erros"/>
    <testcase time="0.00200000000000955" classname="ds.dataFrameSubset_arg_missing_df.name_value_server_side" name="dataFrameSubset_erros"/>
    <testcase time="0.00199999999998113" classname="ds.dataFrameSubset_arg_missing_df.name_value_server_side" name="dataFrameSubset_erros"/>
    <testcase time="0.00200000000000955" classname="ds.dataFrameSubset_arg_missing_df.name_value_server_side" name="dataFrameSubset_erros"/>
    <testcase time="0.00100000000000477" classname="ds.dataFrameSubset_arg_missing_df.name_value_server_side" name="dataFrameSubset_erros"/>
  </testsuite>
  <testsuite name="ds.dataFrameSubset::arg::missing 'V1' value server-side" timestamp="2026-03-21T03:31:38Z" hostname="runnervm46oaq" tests="5" skipped="0" failures="0" errors="0" time="0.349">
    <testcase time="0.342999999999989" classname="ds.dataFrameSubset_arg_missing_V1_value_server_side" name="dataFrameSubset_erros"/>
    <testcase time="0.00100000000000477" classname="ds.dataFrameSubset_arg_missing_V1_value_server_side" name="dataFrameSubset_erros"/>
    <testcase time="0.00200000000000955" classname="ds.dataFrameSubset_arg_missing_V1_value_server_side" name="dataFrameSubset_erros"/>
    <testcase time="0.00100000000000477" classname="ds.dataFrameSubset_arg_missing_V1_value_server_side" name="dataFrameSubset_erros"/>
    <testcase time="0.00199999999998113" classname="ds.dataFrameSubset_arg_missing_V1_value_server_side" name="dataFrameSubset_erros"/>
  </testsuite>
  <testsuite name="ds.dataFrameSubset::arg::missing 'V2' value server-side" timestamp="2026-03-21T03:31:38Z" hostname="runnervm46oaq" tests="5" skipped="0" failures="0" errors="0" time="0.351">
    <testcase time="0.344999999999999" classname="ds.dataFrameSubset_arg_missing_V2_value_server_side" name="dataFrameSubset_erros"/>
    <testcase time="0.00200000000000955" classname="ds.dataFrameSubset_arg_missing_V2_value_server_side" name="dataFrameSubset_erros"/>
    <testcase time="0.00100000000000477" classname="ds.dataFrameSubset_arg_missing_V2_value_server_side" name="dataFrameSubset_erros"/>
    <testcase time="0.00100000000000477" classname="ds.dataFrameSubset_arg_missing_V2_value_server_side" name="dataFrameSubset_erros"/>
    <testcase time="0.00199999999998113" classname="ds.dataFrameSubset_arg_missing_V2_value_server_side" name="dataFrameSubset_erros"/>
  </testsuite>
  <testsuite name="ds.dataFrameSubset::arg::invalid 'Boolean.operator' value server-side" timestamp="2026-03-21T03:31:39Z" hostname="runnervm46oaq" tests="5" skipped="0" failures="0" errors="0" time="0.303">
    <testcase time="0.296999999999997" classname="ds.dataFrameSubset_arg_invalid_Boolean.operator_value_server_side" name="dataFrameSubset_erros"/>
    <testcase time="0.00200000000000955" classname="ds.dataFrameSubset_arg_invalid_Boolean.operator_value_server_side" name="dataFrameSubset_erros"/>
    <testcase time="0.00100000000000477" classname="ds.dataFrameSubset_arg_invalid_Boolean.operator_value_server_side" name="dataFrameSubset_erros"/>
    <testcase time="0.00100000000000477" classname="ds.dataFrameSubset_arg_invalid_Boolean.operator_value_server_side" name="dataFrameSubset_erros"/>
    <testcase time="0.00199999999998113" classname="ds.dataFrameSubset_arg_invalid_Boolean.operator_value_server_side" name="dataFrameSubset_erros"/>
  </testsuite>
  <testsuite name="ds.dataFrameSubset::arg::shutdown" timestamp="2026-03-21T03:31:39Z" hostname="runnervm46oaq" tests="3" skipped="0" failures="0" errors="0" time="0.186">
    <testcase time="0.183000000000021" classname="ds.dataFrameSubset_arg_shutdown" name="shutdown"/>
    <testcase time="0.00199999999998113" classname="ds.dataFrameSubset_arg_shutdown" name="shutdown"/>
    <testcase time="0.00100000000000477" classname="ds.dataFrameSubset_arg_shutdown" name="shutdown"/>
  </testsuite>
  <testsuite name="ds.dataFrameSubset::arg::done" timestamp="2026-03-21T03:31:39Z" hostname="runnervm46oaq" tests="0" skipped="0" failures="0" errors="0" time="0"/>
  <testsuite name="arg-ds.dim" timestamp="2026-03-21T03:31:39Z" hostname="runnervm46oaq" tests="0" skipped="0" failures="0" errors="0" time="0"/>
  <testsuite name="ds.dim::arg::test errors" timestamp="2026-03-21T03:31:47Z" hostname="runnervm46oaq" tests="3" skipped="0" failures="0" errors="0" time="8.378">
    <testcase time="7.98599999999999" classname="ds.dim_arg_test_errors" name="dim_erros"/>
    <testcase time="0.215000000000003" classname="ds.dim_arg_test_errors" name="dim_erros"/>
    <testcase time="0.176999999999992" classname="ds.dim_arg_test_errors" name="dim_erros"/>
  </testsuite>
  <testsuite name="arg-ds.exists" timestamp="2026-03-21T03:31:48Z" hostname="runnervm46oaq" tests="0" skipped="0" failures="0" errors="0" time="0"/>
  <testsuite name="ds.exists::arg::test errors" timestamp="2026-03-21T03:31:55Z" hostname="runnervm46oaq" tests="1" skipped="0" failures="0" errors="0" time="7.882">
    <testcase time="7.88200000000001" classname="ds.exists_arg_test_errors" name="simple_exists_errors"/>
  </testsuite>
  <testsuite name="arg-ds.exp" timestamp="2026-03-21T03:31:56Z" hostname="runnervm46oaq" tests="0" skipped="0" failures="0" errors="0" time="0"/>
  <testsuite name="ds.exp::arg::test errors" timestamp="2026-03-21T03:32:03Z" hostname="runnervm46oaq" tests="1" skipped="0" failures="0" errors="0" time="7.941">
    <testcase time="7.941" classname="ds.exp_arg_test_errors" name="exp_erros"/>
  </testsuite>
  <testsuite name="arg-ds.foobar" timestamp="2026-03-21T03:32:03Z" hostname="runnervm46oaq" tests="0" skipped="0" failures="0" errors="0" time="0"/>
  <testsuite name="ds.foobar::arg::setup" timestamp="2026-03-21T03:32:03Z" hostname="runnervm46oaq" tests="3" skipped="0" failures="0" errors="0" time="8.017">
    <testcase time="8.01300000000001" classname="ds.foobar_arg_setup" name="setup"/>
    <testcase time="0.00200000000000955" classname="ds.foobar_arg_setup" name="setup"/>
    <testcase time="0.00199999999998113" classname="ds.foobar_arg_setup" name="setup"/>
  </testsuite>
  <testsuite name="ds.foobar::arg::aggregate" timestamp="2026-03-21T03:32:11Z" hostname="runnervm46oaq" tests="2" skipped="0" failures="1" errors="0" time="0.036">
    <testcase time="0.0130000000000052" classname="ds.foobar_arg_aggregate" name="NULL_connections">
      <failure type="failure" message="`datashield.aggregate(conns = NULL, expr = calltext)` threw an error with unexpected message. ('test-arg-ds.foobar.R:31:9')">`datashield.aggregate(conns = NULL, expr = calltext)` threw an error with unexpected message.
Expected match: "no applicable method for `@` applied to an object of class \"NULL\""
Actual message: "unable to find an inherited method for function 'dsIsAsync' for signature 'conn = \"NULL\"'"
Backtrace:
    x
 1. +-testthat::expect_error(...) at test-arg-ds.foobar.R:31:9
 2. | \-testthat:::quasi_capture(...)
 3. |   +-testthat (local) .capture(...)
 4. |   | \-base::withCallingHandlers(...)
 5. |   \-rlang::eval_bare(quo_get_expr(.quo), quo_get_env(.quo))
 6. \-DSI::datashield.aggregate(conns = NULL, expr = calltext)
 7.   \-DSI::datashield.sessions(conns)
 8.     \-DSI::dsIsAsync(conns)
 9.       \-methods (local) `&lt;fn&gt;`(`&lt;list&gt;`, `&lt;stndrdGn&gt;`, `&lt;env&gt;`)</failure>
    </testcase>
    <testcase time="0.0229999999999961" classname="ds.foobar_arg_aggregate" name="NULL_connections"/>
  </testsuite>
  <testsuite name="ds.foobar::arg::aggregate" timestamp="2026-03-21T03:32:11Z" hostname="runnervm46oaq" tests="2" skipped="0" failures="0" errors="0" time="0.038">
    <testcase time="0.0370000000000061" classname="ds.foobar_arg_aggregate" name="NULL_expr"/>
    <testcase time="0.00100000000000477" classname="ds.foobar_arg_aggregate" name="NULL_expr"/>
  </testsuite>
  <testsuite name="ds.foobar::arg::aggregate" timestamp="2026-03-21T03:32:11Z" hostname="runnervm46oaq" tests="8" skipped="0" failures="0" errors="0" time="0.067">
    <testcase time="0.0519999999999925" classname="ds.foobar_arg_aggregate" name="non_existent_aggregate_foobarDS"/>
    <testcase time="0.00200000000000955" classname="ds.foobar_arg_aggregate" name="non_existent_aggregate_foobarDS"/>
    <testcase time="0.00100000000000477" classname="ds.foobar_arg_aggregate" name="non_existent_aggregate_foobarDS"/>
    <testcase time="0.00399999999999068" classname="ds.foobar_arg_aggregate" name="non_existent_aggregate_foobarDS"/>
    <testcase time="0.00100000000000477" classname="ds.foobar_arg_aggregate" name="non_existent_aggregate_foobarDS"/>
    <testcase time="0.0029999999999859" classname="ds.foobar_arg_aggregate" name="non_existent_aggregate_foobarDS"/>
    <testcase time="0.00100000000000477" classname="ds.foobar_arg_aggregate" name="non_existent_aggregate_foobarDS"/>
    <testcase time="0.00300000000001432" classname="ds.foobar_arg_aggregate" name="non_existent_aggregate_foobarDS"/>
  </testsuite>
  <testsuite name="ds.foobar::arg::assign" timestamp="2026-03-21T03:32:11Z" hostname="runnervm46oaq" tests="2" skipped="0" failures="1" errors="0" time="0.031">
    <testcase time="0.0129999999999768" classname="ds.foobar_arg_assign" name="NULL_connections">
      <failure type="failure" message="`datashield.assign(conns = NULL, symbol = &quot;new_obj&quot;, value = calltext)` threw an error with unexpected message. ('test-arg-ds.foobar.R:72:9')">`datashield.assign(conns = NULL, symbol = "new_obj", value = calltext)` threw an error with unexpected message.
Expected match: "no applicable method for `@` applied to an object of class \"NULL\""
Actual message: "unable to find an inherited method for function 'dsIsAsync' for signature 'conn = \"NULL\"'"
Backtrace:
     x
  1. +-testthat::expect_error(...) at test-arg-ds.foobar.R:72:9
  2. | \-testthat:::quasi_capture(...)
  3. |   +-testthat (local) .capture(...)
  4. |   | \-base::withCallingHandlers(...)
  5. |   \-rlang::eval_bare(quo_get_expr(.quo), quo_get_env(.quo))
  6. \-DSI::datashield.assign(conns = NULL, symbol = "new_obj", value = calltext)
  7.   \-DSI::datashield.assign.expr(...)
  8.     \-DSI::datashield.sessions(conns)
  9.       \-DSI::dsIsAsync(conns)
 10.         \-methods (local) `&lt;fn&gt;`(`&lt;list&gt;`, `&lt;stndrdGn&gt;`, `&lt;env&gt;`)</failure>
    </testcase>
    <testcase time="0.0180000000000007" classname="ds.foobar_arg_assign" name="NULL_connections"/>
  </testsuite>
  <testsuite name="ds.foobar::arg::assign" timestamp="2026-03-21T03:32:12Z" hostname="runnervm46oaq" tests="2" skipped="0" failures="0" errors="0" time="0.034">
    <testcase time="0.0270000000000152" classname="ds.foobar_arg_assign" name="NULL_value"/>
    <testcase time="0.007000000000005" classname="ds.foobar_arg_assign" name="NULL_value"/>
  </testsuite>
  <testsuite name="ds.foobar::arg::assign" timestamp="2026-03-21T03:32:12Z" hostname="runnervm46oaq" tests="8" skipped="0" failures="0" errors="0" time="0.068">
    <testcase time="0.054000000000002" classname="ds.foobar_arg_assign" name="non_existent_assign_foobarDS"/>
    <testcase time="0.00199999999998113" classname="ds.foobar_arg_assign" name="non_existent_assign_foobarDS"/>
    <testcase time="0.00100000000000477" classname="ds.foobar_arg_assign" name="non_existent_assign_foobarDS"/>
    <testcase time="0.00300000000001432" classname="ds.foobar_arg_assign" name="non_existent_assign_foobarDS"/>
    <testcase time="0.000999999999976353" classname="ds.foobar_arg_assign" name="non_existent_assign_foobarDS"/>
    <testcase time="0.00300000000001432" classname="ds.foobar_arg_assign" name="non_existent_assign_foobarDS"/>
    <testcase time="0.00100000000000477" classname="ds.foobar_arg_assign" name="non_existent_assign_foobarDS"/>
    <testcase time="0.0029999999999859" classname="ds.foobar_arg_assign" name="non_existent_assign_foobarDS"/>
  </testsuite>
  <testsuite name="ds.foobar::arg::shutdown" timestamp="2026-03-21T03:32:12Z" hostname="runnervm46oaq" tests="3" skipped="0" failures="0" errors="0" time="0.187">
    <testcase time="0.183999999999997" classname="ds.foobar_arg_shutdown" name="shutdown"/>
    <testcase time="0.00100000000000477" classname="ds.foobar_arg_shutdown" name="shutdown"/>
    <testcase time="0.00200000000000955" classname="ds.foobar_arg_shutdown" name="shutdown"/>
  </testsuite>
  <testsuite name="ds.foobar::arg::done" timestamp="2026-03-21T03:32:12Z" hostname="runnervm46oaq" tests="0" skipped="0" failures="0" errors="0" time="0"/>
  <testsuite name="arg-ds.gamlss" timestamp="2026-03-21T03:32:12Z" hostname="runnervm46oaq" tests="0" skipped="0" failures="0" errors="0" time="0"/>
  <testsuite name="ds.gamlss::arg::test errors" timestamp="2026-03-21T03:32:19Z" hostname="runnervm46oaq" tests="3" skipped="0" failures="0" errors="0" time="7.697">
    <testcase time="7.68699999999998" classname="ds.gamlss_arg_test_errors" name="gamlss_errors"/>
    <testcase time="0.00500000000002387" classname="ds.gamlss_arg_test_errors" name="gamlss_errors"/>
    <testcase time="0.00499999999999545" classname="ds.gamlss_arg_test_errors" name="gamlss_errors"/>
  </testsuite>
  <testsuite name="arg-ds.glm" timestamp="2026-03-21T03:32:20Z" hostname="runnervm46oaq" tests="0" skipped="0" failures="0" errors="0" time="0"/>
  <testsuite name="ds.glm::arg::test errors" timestamp="2026-03-21T03:32:27Z" hostname="runnervm46oaq" tests="2" skipped="0" failures="0" errors="0" time="7.729">
    <testcase time="7.72299999999998" classname="ds.glm_arg_test_errors" name="glm_errors"/>
    <testcase time="0.00600000000000023" classname="ds.glm_arg_test_errors" name="glm_errors"/>
  </testsuite>
  <testsuite name="arg-ds.glmerSLMA" timestamp="2026-03-21T03:32:27Z" hostname="runnervm46oaq" tests="0" skipped="0" failures="0" errors="0" time="0"/>
  <testsuite name="ds.glmerSLMA::arg::setup" timestamp="2026-03-21T03:32:27Z" hostname="runnervm46oaq" tests="3" skipped="0" failures="0" errors="0" time="8.005">
    <testcase time="8.00100000000003" classname="ds.glmerSLMA_arg_setup" name="setup"/>
    <testcase time="0.00199999999995271" classname="ds.glmerSLMA_arg_setup" name="setup"/>
    <testcase time="0.00200000000000955" classname="ds.glmerSLMA_arg_setup" name="setup"/>
  </testsuite>
  <testsuite name="ds.glmerSLMA::arg::testing" timestamp="2026-03-21T03:32:35Z" hostname="runnervm46oaq" tests="13" skipped="0" failures="0" errors="0" time="1.249">
    <testcase time="0.00999999999999091" classname="ds.glmerSLMA_arg_testing" name="simple_glmerSLMA_tesing_mis_use_of_arguments"/>
    <testcase time="0.507000000000005" classname="ds.glmerSLMA_arg_testing" name="simple_glmerSLMA_tesing_mis_use_of_arguments"/>
    <testcase time="0.00200000000000955" classname="ds.glmerSLMA_arg_testing" name="simple_glmerSLMA_tesing_mis_use_of_arguments"/>
    <testcase time="0.0010000000000332" classname="ds.glmerSLMA_arg_testing" name="simple_glmerSLMA_tesing_mis_use_of_arguments"/>
    <testcase time="0.00199999999995271" classname="ds.glmerSLMA_arg_testing" name="simple_glmerSLMA_tesing_mis_use_of_arguments"/>
    <testcase time="0.0010000000000332" classname="ds.glmerSLMA_arg_testing" name="simple_glmerSLMA_tesing_mis_use_of_arguments"/>
    <testcase time="0.176999999999964" classname="ds.glmerSLMA_arg_testing" name="simple_glmerSLMA_tesing_mis_use_of_arguments"/>
    <testcase time="0.539000000000044" classname="ds.glmerSLMA_arg_testing" name="simple_glmerSLMA_tesing_mis_use_of_arguments"/>
    <testcase time="0.000999999999976353" classname="ds.glmerSLMA_arg_testing" name="simple_glmerSLMA_tesing_mis_use_of_arguments"/>
    <testcase time="0.00200000000000955" classname="ds.glmerSLMA_arg_testing" name="simple_glmerSLMA_tesing_mis_use_of_arguments"/>
    <testcase time="0.000999999999976353" classname="ds.glmerSLMA_arg_testing" name="simple_glmerSLMA_tesing_mis_use_of_arguments"/>
    <testcase time="0.0010000000000332" classname="ds.glmerSLMA_arg_testing" name="simple_glmerSLMA_tesing_mis_use_of_arguments"/>
    <testcase time="0.00499999999999545" classname="ds.glmerSLMA_arg_testing" name="simple_glmerSLMA_tesing_mis_use_of_arguments"/>
  </testsuite>
  <testsuite name="ds.glmerSLMA::arg::shutdown" timestamp="2026-03-21T03:32:36Z" hostname="runnervm46oaq" tests="3" skipped="0" failures="0" errors="0" time="0.178">
    <testcase time="0.175999999999988" classname="ds.glmerSLMA_arg_shutdown" name="setup"/>
    <testcase time="0.0010000000000332" classname="ds.glmerSLMA_arg_shutdown" name="setup"/>
    <testcase time="0.000999999999976353" classname="ds.glmerSLMA_arg_shutdown" name="setup"/>
  </testsuite>
  <testsuite name="ds.glmerSLMA::arg::done" timestamp="2026-03-21T03:32:37Z" hostname="runnervm46oaq" tests="0" skipped="0" failures="0" errors="0" time="0"/>
  <testsuite name="arg-ds.glmPredict" timestamp="2026-03-21T03:32:37Z" hostname="runnervm46oaq" tests="0" skipped="0" failures="0" errors="0" time="0"/>
  <testsuite name="ds.glmPredict::arg::test _glmname_ arg is correct object" timestamp="2026-03-21T03:32:45Z" hostname="runnervm46oaq" tests="2" skipped="0" failures="0" errors="0" time="8.062">
    <testcase time="7.88400000000001" classname="ds.glmPredict_arg_test__glmname__arg_is_correct_object" name="glmPredict_errors"/>
    <testcase time="0.177999999999997" classname="ds.glmPredict_arg_test__glmname__arg_is_correct_object" name="glmPredict_errors"/>
  </testsuite>
  <testsuite name="ds.glmPredict::arg::setting up glm obj for further testing" timestamp="2026-03-21T03:32:45Z" hostname="runnervm46oaq" tests="4" skipped="0" failures="0" errors="0" time="1.179">
    <testcase time="1.17399999999998" classname="ds.glmPredict_arg_setting_up_glm_obj_for_further_testing" name="glmPredict_errors"/>
    <testcase time="0.00200000000000955" classname="ds.glmPredict_arg_setting_up_glm_obj_for_further_testing" name="glmPredict_errors"/>
    <testcase time="0.00200000000000955" classname="ds.glmPredict_arg_setting_up_glm_obj_for_further_testing" name="glmPredict_errors"/>
    <testcase time="0.0010000000000332" classname="ds.glmPredict_arg_setting_up_glm_obj_for_further_testing" name="glmPredict_errors"/>
  </testsuite>
  <testsuite name="ds.glmPredict::arg::test _newdataname_ arg is correct object" timestamp="2026-03-21T03:32:46Z" hostname="runnervm46oaq" tests="4" skipped="0" failures="0" errors="0" time="0.512">
    <testcase time="0.505999999999972" classname="ds.glmPredict_arg_test__newdataname__arg_is_correct_object" name="glmPredict_errors"/>
    <testcase time="0.00200000000000955" classname="ds.glmPredict_arg_test__newdataname__arg_is_correct_object" name="glmPredict_errors"/>
    <testcase time="0.000999999999976353" classname="ds.glmPredict_arg_test__newdataname__arg_is_correct_object" name="glmPredict_errors"/>
    <testcase time="0.00300000000004275" classname="ds.glmPredict_arg_test__newdataname__arg_is_correct_object" name="glmPredict_errors"/>
  </testsuite>
  <testsuite name="ds.glmPredict::arg::test _output.type_ arg is correct object" timestamp="2026-03-21T03:32:46Z" hostname="runnervm46oaq" tests="2" skipped="0" failures="0" errors="0" time="0.363">
    <testcase time="0.188999999999965" classname="ds.glmPredict_arg_test__output.type__arg_is_correct_object" name="glmPredict_errors"/>
    <testcase time="0.174000000000035" classname="ds.glmPredict_arg_test__output.type__arg_is_correct_object" name="glmPredict_errors"/>
  </testsuite>
  <testsuite name="ds.glmPredict::arg::test _se.fit_ arg is correct object" timestamp="2026-03-21T03:32:47Z" hostname="runnervm46oaq" tests="4" skipped="0" failures="0" errors="0" time="0.51">
    <testcase time="0.503999999999962" classname="ds.glmPredict_arg_test__se.fit__arg_is_correct_object" name="glmPredict_errors"/>
    <testcase time="0.00200000000000955" classname="ds.glmPredict_arg_test__se.fit__arg_is_correct_object" name="glmPredict_errors"/>
    <testcase time="0.000999999999976353" classname="ds.glmPredict_arg_test__se.fit__arg_is_correct_object" name="glmPredict_errors"/>
    <testcase time="0.00300000000004275" classname="ds.glmPredict_arg_test__se.fit__arg_is_correct_object" name="glmPredict_errors"/>
  </testsuite>
  <testsuite name="ds.glmPredict::arg::test _terms_ arg is correct object" timestamp="2026-03-21T03:32:47Z" hostname="runnervm46oaq" tests="1" skipped="0" failures="0" errors="0" time="0.504">
    <testcase time="0.503999999999962" classname="ds.glmPredict_arg_test__terms__arg_is_correct_object" name="glmPredict_errors"/>
  </testsuite>
  <testsuite name="ds.glmPredict::arg::test _na.action_ arg is correct object" timestamp="2026-03-21T03:32:48Z" hostname="runnervm46oaq" tests="1" skipped="0" failures="0" errors="0" time="0.143">
    <testcase time="0.143000000000029" classname="ds.glmPredict_arg_test__na.action__arg_is_correct_object" name="glmPredict_errors"/>
  </testsuite>
  <testsuite name="arg-ds.glmSLMA" timestamp="2026-03-21T03:32:48Z" hostname="runnervm46oaq" tests="0" skipped="0" failures="0" errors="0" time="0"/>
  <testsuite name="ds.glmSLMA::arg::test errors" timestamp="2026-03-21T03:32:56Z" hostname="runnervm46oaq" tests="6" skipped="0" failures="0" errors="0" time="8.196">
    <testcase time="7.85399999999998" classname="ds.glmSLMA_arg_test_errors" name="glmSLMA_errors"/>
    <testcase time="0.336999999999989" classname="ds.glmSLMA_arg_test_errors" name="glmSLMA_errors"/>
    <testcase time="0.0010000000000332" classname="ds.glmSLMA_arg_test_errors" name="glmSLMA_errors"/>
    <testcase time="0.000999999999976353" classname="ds.glmSLMA_arg_test_errors" name="glmSLMA_errors"/>
    <testcase time="0.00200000000000955" classname="ds.glmSLMA_arg_test_errors" name="glmSLMA_errors"/>
    <testcase time="0.000999999999976353" classname="ds.glmSLMA_arg_test_errors" name="glmSLMA_errors"/>
  </testsuite>
  <testsuite name="arg-ds.isNA" timestamp="2026-03-21T03:32:56Z" hostname="runnervm46oaq" tests="0" skipped="0" failures="0" errors="0" time="0"/>
  <testsuite name="ds.isNA::arg::errors" timestamp="2026-03-21T03:33:04Z" hostname="runnervm46oaq" tests="1" skipped="0" failures="0" errors="0" time="7.824">
    <testcase time="7.82400000000001" classname="ds.isNA_arg_errors" name="isNA_errors"/>
  </testsuite>
  <testsuite name="arg-ds.isValid" timestamp="2026-03-21T03:33:04Z" hostname="runnervm46oaq" tests="0" skipped="0" failures="0" errors="0" time="0"/>
  <testsuite name="ds.isValid::arg::errors" timestamp="2026-03-21T03:33:12Z" hostname="runnervm46oaq" tests="2" skipped="0" failures="0" errors="0" time="7.945">
    <testcase time="7.76600000000002" classname="ds.isValid_arg_errors" name="isValid_errors"/>
    <testcase time="0.178999999999974" classname="ds.isValid_arg_errors" name="isValid_errors"/>
  </testsuite>
  <testsuite name="arg-ds.kurtosis" timestamp="2026-03-21T03:33:12Z" hostname="runnervm46oaq" tests="0" skipped="0" failures="0" errors="0" time="0"/>
  <testsuite name="ds.kurtosis::arg::setup" timestamp="2026-03-21T03:33:12Z" hostname="runnervm46oaq" tests="3" skipped="0" failures="0" errors="0" time="7.658">
    <testcase time="7.65500000000003" classname="ds.kurtosis_arg_setup" name="setup"/>
    <testcase time="0.000999999999976353" classname="ds.kurtosis_arg_setup" name="setup"/>
    <testcase time="0.00200000000000955" classname="ds.kurtosis_arg_setup" name="setup"/>
  </testsuite>
  <testsuite name="ds.kurtosis::arg::test errors" timestamp="2026-03-21T03:33:20Z" hostname="runnervm46oaq" tests="4" skipped="0" failures="0" errors="0" time="0.024">
    <testcase time="0.00900000000001455" classname="ds.kurtosis_arg_test_errors" name="kurtosis_erros"/>
    <testcase time="0.00499999999999545" classname="ds.kurtosis_arg_test_errors" name="kurtosis_erros"/>
    <testcase time="0.00499999999999545" classname="ds.kurtosis_arg_test_errors" name="kurtosis_erros"/>
    <testcase time="0.00499999999999545" classname="ds.kurtosis_arg_test_errors" name="kurtosis_erros"/>
  </testsuite>
  <testsuite name="ds.kurtosis::arg::shutdown" timestamp="2026-03-21T03:33:20Z" hostname="runnervm46oaq" tests="3" skipped="0" failures="0" errors="0" time="0.184">
    <testcase time="0.180999999999983" classname="ds.kurtosis_arg_shutdown" name="shutdown"/>
    <testcase time="0.00200000000000955" classname="ds.kurtosis_arg_shutdown" name="shutdown"/>
    <testcase time="0.0010000000000332" classname="ds.kurtosis_arg_shutdown" name="shutdown"/>
  </testsuite>
  <testsuite name="ds.kurtosis::arg::done" timestamp="2026-03-21T03:33:20Z" hostname="runnervm46oaq" tests="0" skipped="0" failures="0" errors="0" time="0"/>
  <testsuite name="arg-ds.length" timestamp="2026-03-21T03:33:20Z" hostname="runnervm46oaq" tests="0" skipped="0" failures="0" errors="0" time="0"/>
  <testsuite name="ds.length::arg::test errors" timestamp="2026-03-21T03:33:27Z" hostname="runnervm46oaq" tests="5" skipped="0" failures="0" errors="0" time="8.93">
    <testcase time="8.53499999999997" classname="ds.length_arg_test_errors" name="length_erros"/>
    <testcase time="0.00499999999999545" classname="ds.length_arg_test_errors" name="length_erros"/>
    <testcase time="0.00499999999999545" classname="ds.length_arg_test_errors" name="length_erros"/>
    <testcase time="0.175000000000011" classname="ds.length_arg_test_errors" name="length_erros"/>
    <testcase time="0.20999999999998" classname="ds.length_arg_test_errors" name="length_erros"/>
  </testsuite>
  <testsuite name="arg-ds.levels" timestamp="2026-03-21T03:33:29Z" hostname="runnervm46oaq" tests="0" skipped="0" failures="0" errors="0" time="0"/>
  <testsuite name="ds.levels::arg" timestamp="2026-03-21T03:33:36Z" hostname="runnervm46oaq" tests="2" skipped="0" failures="0" errors="0" time="7.852">
    <testcase time="7.67900000000003" classname="ds.levels_arg" name="simple_levels"/>
    <testcase time="0.173000000000002" classname="ds.levels_arg" name="simple_levels"/>
  </testsuite>
  <testsuite name="arg-ds.lexis" timestamp="2026-03-21T03:33:37Z" hostname="runnervm46oaq" tests="0" skipped="0" failures="0" errors="0" time="0"/>
  <testsuite name="ds.lexis::arg::test errors" timestamp="2026-03-21T03:33:44Z" hostname="runnervm46oaq" tests="1" skipped="0" failures="0" errors="0" time="7.673">
    <testcase time="7.673" classname="ds.lexis_arg_test_errors" name="lexis_erros"/>
  </testsuite>
  <testsuite name="ds.lexis::arg::test intervalWidth" timestamp="2026-03-21T03:33:44Z" hostname="runnervm46oaq" tests="6" skipped="0" failures="0" errors="0" time="0.033">
    <testcase time="0.00999999999999091" classname="ds.lexis_arg_test_intervalWidth" name="simple_lexis"/>
    <testcase time="0.00499999999999545" classname="ds.lexis_arg_test_intervalWidth" name="simple_lexis"/>
    <testcase time="0.0040000000000191" classname="ds.lexis_arg_test_intervalWidth" name="simple_lexis"/>
    <testcase time="0.00499999999999545" classname="ds.lexis_arg_test_intervalWidth" name="simple_lexis"/>
    <testcase time="0.0040000000000191" classname="ds.lexis_arg_test_intervalWidth" name="simple_lexis"/>
    <testcase time="0.00499999999999545" classname="ds.lexis_arg_test_intervalWidth" name="simple_lexis"/>
  </testsuite>
  <testsuite name="arg-ds.list" timestamp="2026-03-21T03:33:44Z" hostname="runnervm46oaq" tests="0" skipped="0" failures="0" errors="0" time="0"/>
  <testsuite name="ds.list::arg::test errors" timestamp="2026-03-21T03:33:52Z" hostname="runnervm46oaq" tests="1" skipped="0" failures="0" errors="0" time="7.716">
    <testcase time="7.71600000000001" classname="ds.list_arg_test_errors" name="simple_ds.list_errors"/>
  </testsuite>
  <testsuite name="arg-ds.lmerSLMA" timestamp="2026-03-21T03:33:52Z" hostname="runnervm46oaq" tests="0" skipped="0" failures="0" errors="0" time="0"/>
  <testsuite name="ds.lmerSLMA::arg::setup" timestamp="2026-03-21T03:33:52Z" hostname="runnervm46oaq" tests="3" skipped="0" failures="0" errors="0" time="7.881">
    <testcase time="7.87799999999999" classname="ds.lmerSLMA_arg_setup" name="setup"/>
    <testcase time="0.0010000000000332" classname="ds.lmerSLMA_arg_setup" name="setup"/>
    <testcase time="0.00199999999995271" classname="ds.lmerSLMA_arg_setup" name="setup"/>
  </testsuite>
  <testsuite name="ds.lmerSLMA::arg" timestamp="2026-03-21T03:34:00Z" hostname="runnervm46oaq" tests="8" skipped="0" failures="0" errors="0" time="1.071">
    <testcase time="0.388000000000034" classname="ds.lmerSLMA_arg" name="simple_lmerSLMA_tesing_mis_use_of_arguments"/>
    <testcase time="0.491999999999962" classname="ds.lmerSLMA_arg" name="simple_lmerSLMA_tesing_mis_use_of_arguments"/>
    <testcase time="0.0010000000000332" classname="ds.lmerSLMA_arg" name="simple_lmerSLMA_tesing_mis_use_of_arguments"/>
    <testcase time="0.000999999999976353" classname="ds.lmerSLMA_arg" name="simple_lmerSLMA_tesing_mis_use_of_arguments"/>
    <testcase time="0.00200000000000955" classname="ds.lmerSLMA_arg" name="simple_lmerSLMA_tesing_mis_use_of_arguments"/>
    <testcase time="0.0010000000000332" classname="ds.lmerSLMA_arg" name="simple_lmerSLMA_tesing_mis_use_of_arguments"/>
    <testcase time="0.17999999999995" classname="ds.lmerSLMA_arg" name="simple_lmerSLMA_tesing_mis_use_of_arguments"/>
    <testcase time="0.00600000000002865" classname="ds.lmerSLMA_arg" name="simple_lmerSLMA_tesing_mis_use_of_arguments"/>
  </testsuite>
  <testsuite name="ds.lmerSLMA::arg::shutdown" timestamp="2026-03-21T03:34:01Z" hostname="runnervm46oaq" tests="3" skipped="0" failures="0" errors="0" time="0.184">
    <testcase time="0.180000000000007" classname="ds.lmerSLMA_arg_shutdown" name="shutdown"/>
    <testcase time="0.00200000000000955" classname="ds.lmerSLMA_arg_shutdown" name="shutdown"/>
    <testcase time="0.00199999999995271" classname="ds.lmerSLMA_arg_shutdown" name="shutdown"/>
  </testsuite>
  <testsuite name="ds.lmerSLMA::arg::done" timestamp="2026-03-21T03:34:01Z" hostname="runnervm46oaq" tests="0" skipped="0" failures="0" errors="0" time="0"/>
  <testsuite name="arg-ds.log" timestamp="2026-03-21T03:34:01Z" hostname="runnervm46oaq" tests="0" skipped="0" failures="0" errors="0" time="0"/>
  <testsuite name="ds.log::arg::test errors" timestamp="2026-03-21T03:34:09Z" hostname="runnervm46oaq" tests="1" skipped="0" failures="0" errors="0" time="7.769">
    <testcase time="7.76900000000001" classname="ds.log_arg_test_errors" name="log_erros"/>
  </testsuite>
  <testsuite name="arg-ds.look" timestamp="2026-03-21T03:34:09Z" hostname="runnervm46oaq" tests="0" skipped="0" failures="0" errors="0" time="0"/>
  <testsuite name="ds.look::arg::test errors" timestamp="2026-03-21T03:34:17Z" hostname="runnervm46oaq" tests="1" skipped="0" failures="0" errors="0" time="7.662">
    <testcase time="7.66200000000003" classname="ds.look_arg_test_errors" name="look_erros"/>
  </testsuite>
  <testsuite name="arg-ds.ls" timestamp="2026-03-21T03:34:17Z" hostname="runnervm46oaq" tests="0" skipped="0" failures="0" errors="0" time="0"/>
  <testsuite name="ds.ls::arg::setup" timestamp="2026-03-21T03:34:17Z" hostname="runnervm46oaq" tests="3" skipped="0" failures="0" errors="0" time="7.839">
    <testcase time="7.83600000000001" classname="ds.ls_arg_setup" name="setup"/>
    <testcase time="0.000999999999976353" classname="ds.ls_arg_setup" name="setup"/>
    <testcase time="0.00200000000000955" classname="ds.ls_arg_setup" name="setup"/>
  </testsuite>
  <testsuite name="ds.ls::arg" timestamp="2026-03-21T03:34:24Z" hostname="runnervm46oaq" tests="6" skipped="0" failures="0" errors="0" time="0.013">
    <testcase time="0.00599999999997181" classname="ds.ls_arg" name="containing_escape_sequence"/>
    <testcase time="0.0010000000000332" classname="ds.ls_arg" name="containing_escape_sequence"/>
    <testcase time="0.00200000000000955" classname="ds.ls_arg" name="containing_escape_sequence"/>
    <testcase time="0.000999999999976353" classname="ds.ls_arg" name="containing_escape_sequence"/>
    <testcase time="0.000999999999976353" classname="ds.ls_arg" name="containing_escape_sequence"/>
    <testcase time="0.00200000000000955" classname="ds.ls_arg" name="containing_escape_sequence"/>
  </testsuite>
  <testsuite name="ds.ls::arg::shutdown" timestamp="2026-03-21T03:34:24Z" hostname="runnervm46oaq" tests="3" skipped="0" failures="0" errors="0" time="0.175">
    <testcase time="0.172000000000025" classname="ds.ls_arg_shutdown" name="shutdown"/>
    <testcase time="0.000999999999976353" classname="ds.ls_arg_shutdown" name="shutdown"/>
    <testcase time="0.00200000000000955" classname="ds.ls_arg_shutdown" name="shutdown"/>
  </testsuite>
  <testsuite name="ds.ls::arg::done" timestamp="2026-03-21T03:34:25Z" hostname="runnervm46oaq" tests="0" skipped="0" failures="0" errors="0" time="0"/>
  <testsuite name="arg-ds.make" timestamp="2026-03-21T03:34:25Z" hostname="runnervm46oaq" tests="0" skipped="0" failures="0" errors="0" time="0"/>
  <testsuite name="ds.make::arg::test errors" timestamp="2026-03-21T03:34:32Z" hostname="runnervm46oaq" tests="1" skipped="0" failures="0" errors="0" time="7.615">
    <testcase time="7.61500000000001" classname="ds.make_arg_test_errors" name="make_erros"/>
  </testsuite>
  <testsuite name="arg-ds.matrix" timestamp="2026-03-21T03:34:32Z" hostname="runnervm46oaq" tests="0" skipped="0" failures="0" errors="0" time="0"/>
  <testsuite name="ds.matrix::arg::test errors" timestamp="2026-03-21T03:34:40Z" hostname="runnervm46oaq" tests="1" skipped="0" failures="0" errors="0" time="7.668">
    <testcase time="7.66800000000001" classname="ds.matrix_arg_test_errors" name="matrix_erros"/>
  </testsuite>
  <testsuite name="arg-ds.matrixDet" timestamp="2026-03-21T03:34:40Z" hostname="runnervm46oaq" tests="0" skipped="0" failures="0" errors="0" time="0"/>
  <testsuite name="ds.matrixDet::arg::test errors" timestamp="2026-03-21T03:34:47Z" hostname="runnervm46oaq" tests="1" skipped="0" failures="0" errors="0" time="7.598">
    <testcase time="7.59799999999996" classname="ds.matrixDet_arg_test_errors" name="matrixDet_erros"/>
  </testsuite>
  <testsuite name="arg-ds.matrixDet.report" timestamp="2026-03-21T03:34:48Z" hostname="runnervm46oaq" tests="0" skipped="0" failures="0" errors="0" time="0"/>
  <testsuite name="ds.matrixDet.report::arg::test errors" timestamp="2026-03-21T03:34:55Z" hostname="runnervm46oaq" tests="1" skipped="0" failures="0" errors="0" time="7.674">
    <testcase time="7.67400000000004" classname="ds.matrixDet.report_arg_test_errors" name="ds.matixDet.report_erros"/>
  </testsuite>
  <testsuite name="arg-ds.matrixDiag" timestamp="2026-03-21T03:34:55Z" hostname="runnervm46oaq" tests="0" skipped="0" failures="0" errors="0" time="0"/>
  <testsuite name="ds.matrixDiag::arg::test errors" timestamp="2026-03-21T03:35:03Z" hostname="runnervm46oaq" tests="2" skipped="0" failures="0" errors="0" time="7.566">
    <testcase time="7.56399999999996" classname="ds.matrixDiag_arg_test_errors" name="matrixDiag_erros"/>
    <testcase time="0.00200000000000955" classname="ds.matrixDiag_arg_test_errors" name="matrixDiag_erros"/>
  </testsuite>
  <testsuite name="arg-ds.matrixDimnames" timestamp="2026-03-21T03:35:03Z" hostname="runnervm46oaq" tests="0" skipped="0" failures="0" errors="0" time="0"/>
  <testsuite name="ds.matrixDimnames::arg::test errors" timestamp="2026-03-21T03:35:10Z" hostname="runnervm46oaq" tests="1" skipped="0" failures="0" errors="0" time="7.509">
    <testcase time="7.50900000000001" classname="ds.matrixDimnames_arg_test_errors" name="matrixDimnames_erros"/>
  </testsuite>
  <testsuite name="arg-ds.matrixInvert" timestamp="2026-03-21T03:35:10Z" hostname="runnervm46oaq" tests="0" skipped="0" failures="0" errors="0" time="0"/>
  <testsuite name="ds.matrixInvert::arg::test errors" timestamp="2026-03-21T03:35:18Z" hostname="runnervm46oaq" tests="1" skipped="0" failures="0" errors="0" time="7.53">
    <testcase time="7.53000000000003" classname="ds.matrixInvert_arg_test_errors" name="matrixInvert_erros"/>
  </testsuite>
  <testsuite name="arg-ds.matrixMult" timestamp="2026-03-21T03:35:18Z" hostname="runnervm46oaq" tests="0" skipped="0" failures="0" errors="0" time="0"/>
  <testsuite name="ds.matrixMult::arg::test errors" timestamp="2026-03-21T03:35:25Z" hostname="runnervm46oaq" tests="1" skipped="0" failures="0" errors="0" time="7.57">
    <testcase time="7.56999999999999" classname="ds.matrixMult_arg_test_errors" name="matrixMult_erros"/>
  </testsuite>
  <testsuite name="arg-ds.matrixTranspose" timestamp="2026-03-21T03:35:25Z" hostname="runnervm46oaq" tests="0" skipped="0" failures="0" errors="0" time="0"/>
  <testsuite name="ds.matrixTranspose::arg::test errors" timestamp="2026-03-21T03:35:33Z" hostname="runnervm46oaq" tests="1" skipped="0" failures="0" errors="0" time="7.678">
    <testcase time="7.678" classname="ds.matrixTranspose_arg_test_errors" name="matrixTranspose_erros"/>
  </testsuite>
  <testsuite name="arg-ds.mean" timestamp="2026-03-21T03:35:33Z" hostname="runnervm46oaq" tests="0" skipped="0" failures="0" errors="0" time="0"/>
  <testsuite name="ds.mean::arg::test errors" timestamp="2026-03-21T03:35:41Z" hostname="runnervm46oaq" tests="3" skipped="0" failures="0" errors="0" time="8.751">
    <testcase time="8.54399999999998" classname="ds.mean_arg_test_errors" name="mean_erros"/>
    <testcase time="0.00600000000002865" classname="ds.mean_arg_test_errors" name="mean_erros"/>
    <testcase time="0.200999999999965" classname="ds.mean_arg_test_errors" name="mean_erros"/>
  </testsuite>
  <testsuite name="arg-ds.meanByClass" timestamp="2026-03-21T03:35:42Z" hostname="runnervm46oaq" tests="0" skipped="0" failures="0" errors="0" time="0"/>
  <testsuite name="ds.meanByClass::arg::test errors" timestamp="2026-03-21T03:35:49Z" hostname="runnervm46oaq" tests="4" skipped="0" failures="0" errors="0" time="10.859">
    <testcase time="10.095" classname="ds.meanByClass_arg_test_errors" name="meanByClass_erros"/>
    <testcase time="0.367999999999995" classname="ds.meanByClass_arg_test_errors" name="meanByClass_erros"/>
    <testcase time="0.390999999999963" classname="ds.meanByClass_arg_test_errors" name="meanByClass_erros"/>
    <testcase time="0.0050000000000523" classname="ds.meanByClass_arg_test_errors" name="meanByClass_erros"/>
  </testsuite>
  <testsuite name="arg-ds.meanSdGp" timestamp="2026-03-21T03:35:53Z" hostname="runnervm46oaq" tests="0" skipped="0" failures="0" errors="0" time="0"/>
  <testsuite name="ds.meanSdGp::arg::test errors" timestamp="2026-03-21T03:36:00Z" hostname="runnervm46oaq" tests="1" skipped="0" failures="0" errors="0" time="7.619">
    <testcase time="7.61899999999997" classname="ds.meanSdGp_arg_test_errors" name="meanSdGp_erros"/>
  </testsuite>
  <testsuite name="arg-ds.merge" timestamp="2026-03-21T03:36:00Z" hostname="runnervm46oaq" tests="0" skipped="0" failures="0" errors="0" time="0"/>
  <testsuite name="ds.merge::arg::test errors" timestamp="2026-03-21T03:36:08Z" hostname="runnervm46oaq" tests="5" skipped="0" failures="0" errors="0" time="8.674">
    <testcase time="7.69200000000001" classname="ds.merge_arg_test_errors" name="merge_erros"/>
    <testcase time="0.00499999999999545" classname="ds.merge_arg_test_errors" name="merge_erros"/>
    <testcase time="0.300000000000011" classname="ds.merge_arg_test_errors" name="merge_erros"/>
    <testcase time="0.33499999999998" classname="ds.merge_arg_test_errors" name="merge_erros"/>
    <testcase time="0.341999999999985" classname="ds.merge_arg_test_errors" name="merge_erros"/>
  </testsuite>
  <testsuite name="arg-ds.message" timestamp="2026-03-21T03:36:09Z" hostname="runnervm46oaq" tests="0" skipped="0" failures="0" errors="0" time="0"/>
  <testsuite name="ds.message::arg" timestamp="2026-03-21T03:36:16Z" hostname="runnervm46oaq" tests="1" skipped="0" failures="0" errors="0" time="7.642">
    <testcase time="7.642" classname="ds.message_arg" name="request_message_for_NULL"/>
  </testsuite>
  <testsuite name="arg-ds.metadata" timestamp="2026-03-21T03:36:17Z" hostname="runnervm46oaq" tests="0" skipped="0" failures="0" errors="0" time="0"/>
  <testsuite name="ds.metadata::arg::setup" timestamp="2026-03-21T03:36:17Z" hostname="runnervm46oaq" tests="3" skipped="0" failures="0" errors="0" time="7.719">
    <testcase time="7.71600000000001" classname="ds.metadata_arg_setup" name="setup"/>
    <testcase time="0.00200000000000955" classname="ds.metadata_arg_setup" name="setup"/>
    <testcase time="0.0010000000000332" classname="ds.metadata_arg_setup" name="setup"/>
  </testsuite>
  <testsuite name="ds.metadata::arg" timestamp="2026-03-21T03:36:24Z" hostname="runnervm46oaq" tests="2" skipped="0" failures="0" errors="0" time="0.348">
    <testcase time="0.174999999999955" classname="ds.metadata_arg" name="missing_variable"/>
    <testcase time="0.173000000000002" classname="ds.metadata_arg" name="missing_column"/>
  </testsuite>
  <testsuite name="ds.metadata::arg::shutdown" timestamp="2026-03-21T03:36:25Z" hostname="runnervm46oaq" tests="3" skipped="0" failures="0" errors="0" time="0.186">
    <testcase time="0.182999999999993" classname="ds.metadata_arg_shutdown" name="shutdown"/>
    <testcase time="0.00200000000000955" classname="ds.metadata_arg_shutdown" name="shutdown"/>
    <testcase time="0.0010000000000332" classname="ds.metadata_arg_shutdown" name="shutdown"/>
  </testsuite>
  <testsuite name="ds.metadata::arg::done" timestamp="2026-03-21T03:36:25Z" hostname="runnervm46oaq" tests="0" skipped="0" failures="0" errors="0" time="0"/>
  <testsuite name="arg-ds.mice" timestamp="2026-03-21T03:36:25Z" hostname="runnervm46oaq" tests="0" skipped="0" failures="0" errors="0" time="0"/>
  <testsuite name="ds.mice::arg::test errors" timestamp="2026-03-21T03:36:32Z" hostname="runnervm46oaq" tests="1" skipped="0" failures="0" errors="0" time="7.718">
    <testcase time="7.71799999999996" classname="ds.mice_arg_test_errors" name="mice_errors"/>
  </testsuite>
  <testsuite name="arg-ds.names" timestamp="2026-03-21T03:36:33Z" hostname="runnervm46oaq" tests="0" skipped="0" failures="0" errors="0" time="0"/>
  <testsuite name="ds.names::arg::test errors" timestamp="2026-03-21T03:36:40Z" hostname="runnervm46oaq" tests="7" skipped="0" failures="0" errors="0" time="8.159">
    <testcase time="7.65600000000001" classname="ds.names_arg_test_errors" name="simple_ds.names_errors"/>
    <testcase time="0.0010000000000332" classname="ds.names_arg_test_errors" name="simple_ds.names_errors"/>
    <testcase time="0.495999999999981" classname="ds.names_arg_test_errors" name="simple_ds.names_errors"/>
    <testcase time="0.000999999999976353" classname="ds.names_arg_test_errors" name="simple_ds.names_errors"/>
    <testcase time="0.00200000000000955" classname="ds.names_arg_test_errors" name="simple_ds.names_errors"/>
    <testcase time="0.0010000000000332" classname="ds.names_arg_test_errors" name="simple_ds.names_errors"/>
    <testcase time="0.00200000000000955" classname="ds.names_arg_test_errors" name="simple_ds.names_errors"/>
  </testsuite>
  <testsuite name="arg-ds.ns" timestamp="2026-03-21T03:36:41Z" hostname="runnervm46oaq" tests="0" skipped="0" failures="0" errors="0" time="0"/>
  <testsuite name="ds.ns::arg::setup" timestamp="2026-03-21T03:36:41Z" hostname="runnervm46oaq" tests="3" skipped="0" failures="0" errors="0" time="7.817">
    <testcase time="7.81399999999996" classname="ds.ns_arg_setup" name="setup"/>
    <testcase time="0.00200000000000955" classname="ds.ns_arg_setup" name="setup"/>
    <testcase time="0.000999999999976353" classname="ds.ns_arg_setup" name="setup"/>
  </testsuite>
  <testsuite name="ds.ns::arg::test errors" timestamp="2026-03-21T03:36:48Z" hostname="runnervm46oaq" tests="2" skipped="0" failures="0" errors="0" time="0.015">
    <testcase time="0.0100000000000477" classname="ds.ns_arg_test_errors" name="ns_errors"/>
    <testcase time="0.00499999999999545" classname="ds.ns_arg_test_errors" name="ns_errors"/>
  </testsuite>
  <testsuite name="ds.ns::arg::shutdown" timestamp="2026-03-21T03:36:48Z" hostname="runnervm46oaq" tests="3" skipped="0" failures="0" errors="0" time="0.174">
    <testcase time="0.171999999999969" classname="ds.ns_arg_shutdown" name="shutdown"/>
    <testcase time="0.0010000000000332" classname="ds.ns_arg_shutdown" name="shutdown"/>
    <testcase time="0.000999999999976353" classname="ds.ns_arg_shutdown" name="shutdown"/>
  </testsuite>
  <testsuite name="ds.ns::arg::done" timestamp="2026-03-21T03:36:49Z" hostname="runnervm46oaq" tests="0" skipped="0" failures="0" errors="0" time="0"/>
  <testsuite name="arg-ds.numNA" timestamp="2026-03-21T03:36:49Z" hostname="runnervm46oaq" tests="0" skipped="0" failures="0" errors="0" time="0"/>
  <testsuite name="ds.numNA::arg::test errors" timestamp="2026-03-21T03:36:56Z" hostname="runnervm46oaq" tests="1" skipped="0" failures="0" errors="0" time="7.698">
    <testcase time="7.69799999999998" classname="ds.numNA_arg_test_errors" name="simple_ds.numNA_errors"/>
  </testsuite>
  <testsuite name="arg-ds.qlspline" timestamp="2026-03-21T03:36:57Z" hostname="runnervm46oaq" tests="0" skipped="0" failures="0" errors="0" time="0"/>
  <testsuite name="ds.qlspline::arg::setup" timestamp="2026-03-21T03:36:57Z" hostname="runnervm46oaq" tests="3" skipped="0" failures="0" errors="0" time="7.817">
    <testcase time="7.81400000000008" classname="ds.qlspline_arg_setup" name="setup"/>
    <testcase time="0.00199999999995271" classname="ds.qlspline_arg_setup" name="setup"/>
    <testcase time="0.000999999999976353" classname="ds.qlspline_arg_setup" name="setup"/>
  </testsuite>
  <testsuite name="ds.qlspline::arg::test errors" timestamp="2026-03-21T03:37:04Z" hostname="runnervm46oaq" tests="4" skipped="0" failures="0" errors="0" time="0.353">
    <testcase time="0.00900000000001455" classname="ds.qlspline_arg_test_errors" name="qlspline_errors"/>
    <testcase time="0.00499999999999545" classname="ds.qlspline_arg_test_errors" name="qlspline_errors"/>
    <testcase time="0.168999999999983" classname="ds.qlspline_arg_test_errors" name="qlspline_errors"/>
    <testcase time="0.170000000000073" classname="ds.qlspline_arg_test_errors" name="qlspline_errors"/>
  </testsuite>
  <testsuite name="ds.qlspline::arg::shutdown" timestamp="2026-03-21T03:37:05Z" hostname="runnervm46oaq" tests="3" skipped="0" failures="0" errors="0" time="0.18">
    <testcase time="0.175999999999931" classname="ds.qlspline_arg_shutdown" name="shutdown"/>
    <testcase time="0.00200000000006639" classname="ds.qlspline_arg_shutdown" name="shutdown"/>
    <testcase time="0.00199999999995271" classname="ds.qlspline_arg_shutdown" name="shutdown"/>
  </testsuite>
  <testsuite name="ds.qlspline::arg::done" timestamp="2026-03-21T03:37:05Z" hostname="runnervm46oaq" tests="0" skipped="0" failures="0" errors="0" time="0"/>
  <testsuite name="arg-ds.quantileMean" timestamp="2026-03-21T03:37:05Z" hostname="runnervm46oaq" tests="0" skipped="0" failures="0" errors="0" time="0"/>
  <testsuite name="ds.quantileMean::arg::test errors" timestamp="2026-03-21T03:37:13Z" hostname="runnervm46oaq" tests="3" skipped="0" failures="0" errors="0" time="8.809">
    <testcase time="8.60299999999995" classname="ds.quantileMean_arg_test_errors" name="quantileMean_erros"/>
    <testcase time="0.00499999999999545" classname="ds.quantileMean_arg_test_errors" name="quantileMean_erros"/>
    <testcase time="0.201000000000022" classname="ds.quantileMean_arg_test_errors" name="quantileMean_erros"/>
  </testsuite>
  <testsuite name="arg-ds.ranksSecure" timestamp="2026-03-21T03:37:14Z" hostname="runnervm46oaq" tests="0" skipped="0" failures="0" errors="0" time="0"/>
  <testsuite name="ds.ranksSecure::arg::setup" timestamp="2026-03-21T03:37:14Z" hostname="runnervm46oaq" tests="3" skipped="0" failures="0" errors="0" time="8.134">
    <testcase time="8.13100000000009" classname="ds.ranksSecure_arg_setup" name="setup"/>
    <testcase time="0.00199999999995271" classname="ds.ranksSecure_arg_setup" name="setup"/>
    <testcase time="0.000999999999976353" classname="ds.ranksSecure_arg_setup" name="setup"/>
  </testsuite>
  <testsuite name="ds.ranksSecure::arg::missing variable" timestamp="2026-03-21T03:37:22Z" hostname="runnervm46oaq" tests="5" skipped="0" failures="0" errors="0" time="0.509">
    <testcase time="0.503000000000043" classname="ds.ranksSecure_arg_missing_variable" name="missing_variable"/>
    <testcase time="0.00199999999995271" classname="ds.ranksSecure_arg_missing_variable" name="missing_variable"/>
    <testcase time="0.000999999999976353" classname="ds.ranksSecure_arg_missing_variable" name="missing_variable"/>
    <testcase time="0.00200000000006639" classname="ds.ranksSecure_arg_missing_variable" name="missing_variable"/>
    <testcase time="0.000999999999976353" classname="ds.ranksSecure_arg_missing_variable" name="missing_variable"/>
  </testsuite>
  <testsuite name="ds.ranksSecure::arg::NULL variable" timestamp="2026-03-21T03:37:22Z" hostname="runnervm46oaq" tests="9" skipped="0" failures="0" errors="0" time="2.094">
    <testcase time="0.658999999999992" classname="ds.ranksSecure_arg_NULL_variable" name="NULL_variable"/>
    <testcase time="0.00200000000006639" classname="ds.ranksSecure_arg_NULL_variable" name="NULL_variable"/>
    <testcase time="0.00199999999995271" classname="ds.ranksSecure_arg_NULL_variable" name="NULL_variable"/>
    <testcase time="0.000999999999976353" classname="ds.ranksSecure_arg_NULL_variable" name="NULL_variable"/>
    <testcase time="1.42399999999998" classname="ds.ranksSecure_arg_NULL_variable" name="NULL_variable"/>
    <testcase time="0.00200000000006639" classname="ds.ranksSecure_arg_NULL_variable" name="NULL_variable"/>
    <testcase time="0.00199999999995271" classname="ds.ranksSecure_arg_NULL_variable" name="NULL_variable"/>
    <testcase time="0.000999999999976353" classname="ds.ranksSecure_arg_NULL_variable" name="NULL_variable"/>
    <testcase time="0.00100000000009004" classname="ds.ranksSecure_arg_NULL_variable" name="NULL_variable"/>
  </testsuite>
  <testsuite name="ds.ranksSecure::arg::'text' variable" timestamp="2026-03-21T03:37:24Z" hostname="runnervm46oaq" tests="5" skipped="0" failures="0" errors="0" time="0.502">
    <testcase time="0.490999999999985" classname="ds.ranksSecure_arg_text_variable" name="_text_variable"/>
    <testcase time="0.00199999999995271" classname="ds.ranksSecure_arg_text_variable" name="_text_variable"/>
    <testcase time="0.00599999999997181" classname="ds.ranksSecure_arg_text_variable" name="_text_variable"/>
    <testcase time="0.00100000000009004" classname="ds.ranksSecure_arg_text_variable" name="_text_variable"/>
    <testcase time="0.00199999999995271" classname="ds.ranksSecure_arg_text_variable" name="_text_variable"/>
  </testsuite>
  <testsuite name="ds.ranksSecure::arg::'logical' variable" timestamp="2026-03-21T03:37:25Z" hostname="runnervm46oaq" tests="1" skipped="0" failures="0" errors="0" time="6.303">
    <testcase time="6.303" classname="ds.ranksSecure_arg_logical_variable" name="_logical_variable"/>
  </testsuite>
  <testsuite name="ds.ranksSecure::arg::'integer factor' variable" timestamp="2026-03-21T03:37:31Z" hostname="runnervm46oaq" tests="5" skipped="0" failures="0" errors="0" time="1.465">
    <testcase time="1.45900000000006" classname="ds.ranksSecure_arg_integer_factor_variable" name="_integer_factor_variable"/>
    <testcase time="0.000999999999976353" classname="ds.ranksSecure_arg_integer_factor_variable" name="_integer_factor_variable"/>
    <testcase time="0.00199999999995271" classname="ds.ranksSecure_arg_integer_factor_variable" name="_integer_factor_variable"/>
    <testcase time="0.000999999999976353" classname="ds.ranksSecure_arg_integer_factor_variable" name="_integer_factor_variable"/>
    <testcase time="0.00200000000006639" classname="ds.ranksSecure_arg_integer_factor_variable" name="_integer_factor_variable"/>
  </testsuite>
  <testsuite name="ds.ranksSecure::arg::shutdown" timestamp="2026-03-21T03:37:32Z" hostname="runnervm46oaq" tests="3" skipped="0" failures="0" errors="0" time="0.175">
    <testcase time="0.172000000000025" classname="ds.ranksSecure_arg_shutdown" name="setup"/>
    <testcase time="0.000999999999976353" classname="ds.ranksSecure_arg_shutdown" name="setup"/>
    <testcase time="0.00199999999995271" classname="ds.ranksSecure_arg_shutdown" name="setup"/>
  </testsuite>
  <testsuite name="ds.ranksSecure::arg::done" timestamp="2026-03-21T03:37:33Z" hostname="runnervm46oaq" tests="0" skipped="0" failures="0" errors="0" time="0"/>
  <testsuite name="arg-ds.rbind" timestamp="2026-03-21T03:37:33Z" hostname="runnervm46oaq" tests="0" skipped="0" failures="0" errors="0" time="0"/>
  <testsuite name="ds.rbind::arg::test errors" timestamp="2026-03-21T03:37:40Z" hostname="runnervm46oaq" tests="1" skipped="0" failures="0" errors="0" time="7.609">
    <testcase time="7.60900000000004" classname="ds.rbind_arg_test_errors" name="rbind_erros"/>
  </testsuite>
  <testsuite name="arg-ds.rBinom" timestamp="2026-03-21T03:37:40Z" hostname="runnervm46oaq" tests="0" skipped="0" failures="0" errors="0" time="0"/>
  <testsuite name="ds.rBinom::arg::test errors" timestamp="2026-03-21T03:37:48Z" hostname="runnervm46oaq" tests="2" skipped="0" failures="0" errors="0" time="7.774">
    <testcase time="7.77199999999993" classname="ds.rBinom_arg_test_errors" name="rBinom_erros"/>
    <testcase time="0.00200000000006639" classname="ds.rBinom_arg_test_errors" name="rBinom_erros"/>
  </testsuite>
  <testsuite name="arg-ds.recodeLevels" timestamp="2026-03-21T03:37:48Z" hostname="runnervm46oaq" tests="0" skipped="0" failures="0" errors="0" time="0"/>
  <testsuite name="ds.recodeLevels::arg::test errors" timestamp="2026-03-21T03:37:56Z" hostname="runnervm46oaq" tests="4" skipped="0" failures="0" errors="0" time="8.332">
    <testcase time="7.63999999999999" classname="ds.recodeLevels_arg_test_errors" name="recodeLevels_erros"/>
    <testcase time="0.00599999999997181" classname="ds.recodeLevels_arg_test_errors" name="recodeLevels_erros"/>
    <testcase time="0.204000000000065" classname="ds.recodeLevels_arg_test_errors" name="recodeLevels_erros"/>
    <testcase time="0.481999999999971" classname="ds.recodeLevels_arg_test_errors" name="recodeLevels_erros"/>
  </testsuite>
  <testsuite name="arg-ds.recodeValues" timestamp="2026-03-21T03:37:57Z" hostname="runnervm46oaq" tests="0" skipped="0" failures="0" errors="0" time="0"/>
  <testsuite name="ds.recodeValues::arg::test errors" timestamp="2026-03-21T03:38:04Z" hostname="runnervm46oaq" tests="7" skipped="0" failures="0" errors="0" time="8.643">
    <testcase time="7.62400000000002" classname="ds.recodeValues_arg_test_errors" name="recodeValues_erros"/>
    <testcase time="0.173999999999978" classname="ds.recodeValues_arg_test_errors" name="recodeValues_erros"/>
    <testcase time="0.139999999999986" classname="ds.recodeValues_arg_test_errors" name="recodeValues_erros"/>
    <testcase time="0.177999999999997" classname="ds.recodeValues_arg_test_errors" name="recodeValues_erros"/>
    <testcase time="0.171000000000049" classname="ds.recodeValues_arg_test_errors" name="recodeValues_erros"/>
    <testcase time="0.173999999999978" classname="ds.recodeValues_arg_test_errors" name="recodeValues_erros"/>
    <testcase time="0.182000000000016" classname="ds.recodeValues_arg_test_errors" name="recodeValues_erros"/>
  </testsuite>
  <testsuite name="arg-ds.rep" timestamp="2026-03-21T03:38:05Z" hostname="runnervm46oaq" tests="0" skipped="0" failures="0" errors="0" time="0"/>
  <testsuite name="ds.rep::arg::setup" timestamp="2026-03-21T03:38:05Z" hostname="runnervm46oaq" tests="0" skipped="0" failures="0" errors="0" time="0"/>
  <testsuite name="ds.rep::arg::test errors" timestamp="2026-03-21T03:38:13Z" hostname="runnervm46oaq" tests="1" skipped="0" failures="0" errors="0" time="7.704">
    <testcase time="7.70399999999995" classname="ds.rep_arg_test_errors" name="ds.rep_erros"/>
  </testsuite>
  <testsuite name="ds.rep::arg::shutdown" timestamp="2026-03-21T03:38:13Z" hostname="runnervm46oaq" tests="0" skipped="0" failures="0" errors="0" time="0"/>
  <testsuite name="ds.rep::arg::done" timestamp="2026-03-21T03:38:13Z" hostname="runnervm46oaq" tests="0" skipped="0" failures="0" errors="0" time="0"/>
  <testsuite name="arg-ds.replaceNA" timestamp="2026-03-21T03:38:13Z" hostname="runnervm46oaq" tests="0" skipped="0" failures="0" errors="0" time="0"/>
  <testsuite name="ds.replaceNA::arg::test errors" timestamp="2026-03-21T03:38:20Z" hostname="runnervm46oaq" tests="2" skipped="0" failures="0" errors="0" time="7.781">
    <testcase time="7.61199999999997" classname="ds.replaceNA_arg_test_errors" name="simple_ds.replaceNA_errors"/>
    <testcase time="0.169000000000096" classname="ds.replaceNA_arg_test_errors" name="simple_ds.replaceNA_errors"/>
  </testsuite>
  <testsuite name="arg-ds.reShape" timestamp="2026-03-21T03:38:21Z" hostname="runnervm46oaq" tests="0" skipped="0" failures="0" errors="0" time="0"/>
  <testsuite name="ds.reShape::arg::test errors" timestamp="2026-03-21T03:38:28Z" hostname="runnervm46oaq" tests="4" skipped="0" failures="0" errors="0" time="7.637">
    <testcase time="7.62199999999996" classname="ds.reShape_arg_test_errors" name="reShape_erros"/>
    <testcase time="0.00499999999999545" classname="ds.reShape_arg_test_errors" name="reShape_erros"/>
    <testcase time="0.00499999999999545" classname="ds.reShape_arg_test_errors" name="reShape_erros"/>
    <testcase time="0.00499999999999545" classname="ds.reShape_arg_test_errors" name="reShape_erros"/>
  </testsuite>
  <testsuite name="arg-ds.rm" timestamp="2026-03-21T03:38:28Z" hostname="runnervm46oaq" tests="0" skipped="0" failures="0" errors="0" time="0"/>
  <testsuite name="ds.rm::arg::test errors" timestamp="2026-03-21T03:38:36Z" hostname="runnervm46oaq" tests="1" skipped="0" failures="0" errors="0" time="7.664">
    <testcase time="7.66399999999999" classname="ds.rm_arg_test_errors" name="ds.rm_erros"/>
  </testsuite>
  <testsuite name="arg-ds.rNorm" timestamp="2026-03-21T03:38:36Z" hostname="runnervm46oaq" tests="0" skipped="0" failures="0" errors="0" time="0"/>
  <testsuite name="ds.rNorm::arg::test errors" timestamp="2026-03-21T03:38:43Z" hostname="runnervm46oaq" tests="2" skipped="0" failures="0" errors="0" time="7.644">
    <testcase time="7.64300000000003" classname="ds.rNorm_arg_test_errors" name="rNorm_erros"/>
    <testcase time="0.000999999999976353" classname="ds.rNorm_arg_test_errors" name="rNorm_erros"/>
  </testsuite>
  <testsuite name="arg-ds.rowColCalc" timestamp="2026-03-21T03:38:44Z" hostname="runnervm46oaq" tests="0" skipped="0" failures="0" errors="0" time="0"/>
  <testsuite name="ds.rowColCalc::arg::test errors" timestamp="2026-03-21T03:38:51Z" hostname="runnervm46oaq" tests="3" skipped="0" failures="0" errors="0" time="9.253">
    <testcase time="7.48700000000008" classname="ds.rowColCalc_arg_test_errors" name="rowColCalc_errors"/>
    <testcase time="0.881999999999948" classname="ds.rowColCalc_arg_test_errors" name="rowColCalc_errors"/>
    <testcase time="0.884000000000015" classname="ds.rowColCalc_arg_test_errors" name="rowColCalc_errors"/>
  </testsuite>
  <testsuite name="arg-ds.rPois" timestamp="2026-03-21T03:38:53Z" hostname="runnervm46oaq" tests="0" skipped="0" failures="0" errors="0" time="0"/>
  <testsuite name="ds.rPois::arg::test errors" timestamp="2026-03-21T03:39:00Z" hostname="runnervm46oaq" tests="2" skipped="0" failures="0" errors="0" time="7.632">
    <testcase time="7.63099999999997" classname="ds.rPois_arg_test_errors" name="rPois_erros"/>
    <testcase time="0.000999999999976353" classname="ds.rPois_arg_test_errors" name="rPois_erros"/>
  </testsuite>
  <testsuite name="arg-ds.rUnif" timestamp="2026-03-21T03:39:01Z" hostname="runnervm46oaq" tests="0" skipped="0" failures="0" errors="0" time="0"/>
  <testsuite name="ds.rUnif::arg::test errors" timestamp="2026-03-21T03:39:08Z" hostname="runnervm46oaq" tests="2" skipped="0" failures="0" errors="0" time="7.72">
    <testcase time="7.71800000000007" classname="ds.rUnif_arg_test_errors" name="rUnif_erros"/>
    <testcase time="0.00199999999995271" classname="ds.rUnif_arg_test_errors" name="rUnif_erros"/>
  </testsuite>
  <testsuite name="arg-ds.sample" timestamp="2026-03-21T03:39:08Z" hostname="runnervm46oaq" tests="0" skipped="0" failures="0" errors="0" time="0"/>
  <testsuite name="ds.sample::arg::setup" timestamp="2026-03-21T03:39:08Z" hostname="runnervm46oaq" tests="0" skipped="0" failures="0" errors="0" time="0"/>
  <testsuite name="ds.sample::arg::test errors" timestamp="2026-03-21T03:39:16Z" hostname="runnervm46oaq" tests="3" skipped="0" failures="0" errors="0" time="7.496">
    <testcase time="7.49300000000005" classname="ds.sample_arg_test_errors" name="cov_erros"/>
    <testcase time="0.000999999999976353" classname="ds.sample_arg_test_errors" name="cov_erros"/>
    <testcase time="0.00199999999995271" classname="ds.sample_arg_test_errors" name="cov_erros"/>
  </testsuite>
  <testsuite name="ds.sample::arg::shutdown" timestamp="2026-03-21T03:39:16Z" hostname="runnervm46oaq" tests="0" skipped="0" failures="0" errors="0" time="0"/>
  <testsuite name="ds.sample::arg::done" timestamp="2026-03-21T03:39:16Z" hostname="runnervm46oaq" tests="0" skipped="0" failures="0" errors="0" time="0"/>
  <testsuite name="arg-ds.seq" timestamp="2026-03-21T03:39:16Z" hostname="runnervm46oaq" tests="0" skipped="0" failures="0" errors="0" time="0"/>
  <testsuite name="ds.seq::arg::test errors" timestamp="2026-03-21T03:39:23Z" hostname="runnervm46oaq" tests="1" skipped="0" failures="0" errors="0" time="7.58">
    <testcase time="7.58000000000004" classname="ds.seq_arg_test_errors" name="seq_erros"/>
  </testsuite>
  <testsuite name="arg-ds.setSeed" timestamp="2026-03-21T03:39:23Z" hostname="runnervm46oaq" tests="0" skipped="0" failures="0" errors="0" time="0"/>
  <testsuite name="ds.setSeed::arg::test errors" timestamp="2026-03-21T03:39:31Z" hostname="runnervm46oaq" tests="1" skipped="0" failures="0" errors="0" time="7.672">
    <testcase time="7.67200000000003" classname="ds.setSeed_arg_test_errors" name="setSeed_erros"/>
  </testsuite>
  <testsuite name="arg-ds.skewness" timestamp="2026-03-21T03:39:31Z" hostname="runnervm46oaq" tests="0" skipped="0" failures="0" errors="0" time="0"/>
  <testsuite name="ds.skewness::arg::setup" timestamp="2026-03-21T03:39:31Z" hostname="runnervm46oaq" tests="3" skipped="0" failures="0" errors="0" time="7.82">
    <testcase time="7.81700000000001" classname="ds.skewness_arg_setup" name="setup"/>
    <testcase time="0.00199999999995271" classname="ds.skewness_arg_setup" name="setup"/>
    <testcase time="0.000999999999976353" classname="ds.skewness_arg_setup" name="setup"/>
  </testsuite>
  <testsuite name="ds.skewness::arg::test errors" timestamp="2026-03-21T03:39:39Z" hostname="runnervm46oaq" tests="4" skipped="0" failures="0" errors="0" time="0.025">
    <testcase time="0.00999999999999091" classname="ds.skewness_arg_test_errors" name="skewness_erros"/>
    <testcase time="0.00499999999999545" classname="ds.skewness_arg_test_errors" name="skewness_erros"/>
    <testcase time="0.00499999999999545" classname="ds.skewness_arg_test_errors" name="skewness_erros"/>
    <testcase time="0.00499999999999545" classname="ds.skewness_arg_test_errors" name="skewness_erros"/>
  </testsuite>
  <testsuite name="ds.skewness::arg::shutdown" timestamp="2026-03-21T03:39:39Z" hostname="runnervm46oaq" tests="3" skipped="0" failures="0" errors="0" time="0.178">
    <testcase time="0.175000000000068" classname="ds.skewness_arg_shutdown" name="shutdown"/>
    <testcase time="0.00199999999995271" classname="ds.skewness_arg_shutdown" name="shutdown"/>
    <testcase time="0.000999999999976353" classname="ds.skewness_arg_shutdown" name="shutdown"/>
  </testsuite>
  <testsuite name="ds.skewness::arg::done" timestamp="2026-03-21T03:39:39Z" hostname="runnervm46oaq" tests="0" skipped="0" failures="0" errors="0" time="0"/>
  <testsuite name="arg-ds.subset" timestamp="2026-03-21T03:39:39Z" hostname="runnervm46oaq" tests="0" skipped="0" failures="0" errors="0" time="0"/>
  <testsuite name="ds.subset::arg::test errors" timestamp="2026-03-21T03:39:47Z" hostname="runnervm46oaq" tests="1" skipped="0" failures="0" errors="0" time="7.715">
    <testcase time="7.71500000000003" classname="ds.subset_arg_test_errors" name="subset_erros"/>
  </testsuite>
  <testsuite name="arg-ds.subsetByClass" timestamp="2026-03-21T03:39:47Z" hostname="runnervm46oaq" tests="0" skipped="0" failures="0" errors="0" time="0"/>
  <testsuite name="ds.subsetByClass::arg::test errors" timestamp="2026-03-21T03:39:54Z" hostname="runnervm46oaq" tests="2" skipped="0" failures="0" errors="0" time="7.899">
    <testcase time="7.70400000000006" classname="ds.subsetByClass_arg_test_errors" name="subsetByClass_erros"/>
    <testcase time="0.194999999999936" classname="ds.subsetByClass_arg_test_errors" name="subsetByClass_erros"/>
  </testsuite>
  <testsuite name="arg-ds.summary" timestamp="2026-03-21T03:39:55Z" hostname="runnervm46oaq" tests="0" skipped="0" failures="0" errors="0" time="0"/>
  <testsuite name="ds.summary::arg::test errors" timestamp="2026-03-21T03:40:02Z" hostname="runnervm46oaq" tests="1" skipped="0" failures="0" errors="0" time="7.787">
    <testcase time="7.78700000000003" classname="ds.summary_arg_test_errors" name="summary_erros"/>
  </testsuite>
  <testsuite name="arg-ds.table" timestamp="2026-03-21T03:40:02Z" hostname="runnervm46oaq" tests="0" skipped="0" failures="0" errors="0" time="0"/>
  <testsuite name="ds.table::arg::test rvar has value" timestamp="2026-03-21T03:40:10Z" hostname="runnervm46oaq" tests="1" skipped="0" failures="0" errors="0" time="7.69">
    <testcase time="7.68999999999994" classname="ds.table_arg_test_rvar_has_value" name="table_rvar_has_value"/>
  </testsuite>
  <testsuite name="ds.table::arg::test rvar is not a variable" timestamp="2026-03-21T03:40:10Z" hostname="runnervm46oaq" tests="2" skipped="0" failures="0" errors="0" time="0.174">
    <testcase time="0.172000000000025" classname="ds.table_arg_test_rvar_is_not_a_variable" name="table_rvar_is_not_a_variable"/>
    <testcase time="0.00200000000006639" classname="ds.table_arg_test_rvar_is_not_a_variable" name="table_rvar_is_not_a_variable"/>
  </testsuite>
  <testsuite name="ds.table::arg::test cvar has value" timestamp="2026-03-21T03:40:10Z" hostname="runnervm46oaq" tests="1" skipped="0" failures="0" errors="0" time="0.169">
    <testcase time="0.168999999999983" classname="ds.table_arg_test_cvar_has_value" name="table_cvar_has_value"/>
  </testsuite>
  <testsuite name="ds.table::arg::test cvar is not a variable" timestamp="2026-03-21T03:40:10Z" hostname="runnervm46oaq" tests="2" skipped="0" failures="0" errors="0" time="0.297">
    <testcase time="0.295999999999935" classname="ds.table_arg_test_cvar_is_not_a_variable" name="table_cvar_is_not_a_variable"/>
    <testcase time="0.00100000000009004" classname="ds.table_arg_test_cvar_is_not_a_variable" name="table_cvar_is_not_a_variable"/>
  </testsuite>
  <testsuite name="ds.table::arg::test stvar has value" timestamp="2026-03-21T03:40:11Z" hostname="runnervm46oaq" tests="1" skipped="0" failures="0" errors="0" time="0.171">
    <testcase time="0.170999999999935" classname="ds.table_arg_test_stvar_has_value" name="table_stvar_has_value"/>
  </testsuite>
  <testsuite name="ds.table::arg::test stvar is not a variable" timestamp="2026-03-21T03:40:11Z" hostname="runnervm46oaq" tests="2" skipped="0" failures="0" errors="0" time="0.508">
    <testcase time="0.505999999999972" classname="ds.table_arg_test_stvar_is_not_a_variable" name="table_stvar_is_not_a_variable"/>
    <testcase time="0.00200000000006639" classname="ds.table_arg_test_stvar_is_not_a_variable" name="table_stvar_is_not_a_variable"/>
  </testsuite>
  <testsuite name="ds.table::arg::test stvar has CORRECT value" timestamp="2026-03-21T03:40:11Z" hostname="runnervm46oaq" tests="1" skipped="0" failures="0" errors="0" time="0.173">
    <testcase time="0.173000000000002" classname="ds.table_arg_test_stvar_has_CORRECT_value" name="table_useNA_has_value"/>
  </testsuite>
  <testsuite name="ds.table::arg::test force.nfilter has value" timestamp="2026-03-21T03:40:11Z" hostname="runnervm46oaq" tests="1" skipped="0" failures="0" errors="0" time="0.174">
    <testcase time="0.173999999999978" classname="ds.table_arg_test_force.nfilter_has_value" name="table_force.nfilter_has_value"/>
  </testsuite>
  <testsuite name="arg-ds.table1D" timestamp="2026-03-21T03:40:12Z" hostname="runnervm46oaq" tests="0" skipped="0" failures="0" errors="0" time="0"/>
  <testsuite name="ds.table1D::arg::test errors" timestamp="2026-03-21T03:40:19Z" hostname="runnervm46oaq" tests="2" skipped="0" failures="0" errors="0" time="7.909">
    <testcase time="7.54600000000005" classname="ds.table1D_arg_test_errors" name="table1D_erros"/>
    <testcase time="0.362999999999943" classname="ds.table1D_arg_test_errors" name="table1D_erros"/>
  </testsuite>
  <testsuite name="arg-ds.table2D" timestamp="2026-03-21T03:40:20Z" hostname="runnervm46oaq" tests="0" skipped="0" failures="0" errors="0" time="0"/>
  <testsuite name="ds.table2D::arg::test errors" timestamp="2026-03-21T03:40:27Z" hostname="runnervm46oaq" tests="1" skipped="0" failures="0" errors="0" time="7.645">
    <testcase time="7.64499999999998" classname="ds.table2D_arg_test_errors" name="table2D_erros"/>
  </testsuite>
  <testsuite name="arg-ds.tapply.assign" timestamp="2026-03-21T03:40:27Z" hostname="runnervm46oaq" tests="0" skipped="0" failures="0" errors="0" time="0"/>
  <testsuite name="ds.tapply.assign::arg::test errors" timestamp="2026-03-21T03:40:35Z" hostname="runnervm46oaq" tests="8" skipped="0" failures="0" errors="0" time="8.142">
    <testcase time="7.63099999999997" classname="ds.tapply.assign_arg_test_errors" name="tapply_erros"/>
    <testcase time="0.00100000000009004" classname="ds.tapply.assign_arg_test_errors" name="tapply_erros"/>
    <testcase time="0.171999999999912" classname="ds.tapply.assign_arg_test_errors" name="tapply_erros"/>
    <testcase time="0.00100000000009004" classname="ds.tapply.assign_arg_test_errors" name="tapply_erros"/>
    <testcase time="0.00199999999995271" classname="ds.tapply.assign_arg_test_errors" name="tapply_erros"/>
    <testcase time="0.000999999999976353" classname="ds.tapply.assign_arg_test_errors" name="tapply_erros"/>
    <testcase time="0.331999999999994" classname="ds.tapply.assign_arg_test_errors" name="tapply_erros"/>
    <testcase time="0.00200000000006639" classname="ds.tapply.assign_arg_test_errors" name="tapply_erros"/>
  </testsuite>
  <testsuite name="arg-ds.tapply" timestamp="2026-03-21T03:40:35Z" hostname="runnervm46oaq" tests="0" skipped="0" failures="0" errors="0" time="0"/>
  <testsuite name="ds.tapply::arg::test errors" timestamp="2026-03-21T03:40:43Z" hostname="runnervm46oaq" tests="8" skipped="0" failures="0" errors="0" time="8.099">
    <testcase time="7.63900000000001" classname="ds.tapply_arg_test_errors" name="tapply_erros"/>
    <testcase time="0.000999999999976353" classname="ds.tapply_arg_test_errors" name="tapply_erros"/>
    <testcase time="0.164999999999964" classname="ds.tapply_arg_test_errors" name="tapply_erros"/>
    <testcase time="0.00200000000006639" classname="ds.tapply_arg_test_errors" name="tapply_erros"/>
    <testcase time="0.000999999999976353" classname="ds.tapply_arg_test_errors" name="tapply_erros"/>
    <testcase time="0.00199999999995271" classname="ds.tapply_arg_test_errors" name="tapply_erros"/>
    <testcase time="0.287000000000035" classname="ds.tapply_arg_test_errors" name="tapply_erros"/>
    <testcase time="0.00199999999995271" classname="ds.tapply_arg_test_errors" name="tapply_erros"/>
  </testsuite>
  <testsuite name="arg-ds.testObjExists" timestamp="2026-03-21T03:40:44Z" hostname="runnervm46oaq" tests="0" skipped="0" failures="0" errors="0" time="0"/>
  <testsuite name="ds.testObjExists::arg::test errors" timestamp="2026-03-21T03:40:51Z" hostname="runnervm46oaq" tests="1" skipped="0" failures="0" errors="0" time="7.53">
    <testcase time="7.53000000000009" classname="ds.testObjExists_arg_test_errors" name="testObjExists_erros"/>
  </testsuite>
  <testsuite name="arg-ds.unique" timestamp="2026-03-21T03:40:51Z" hostname="runnervm46oaq" tests="0" skipped="0" failures="0" errors="0" time="0"/>
  <testsuite name="ds.unique::arg::no arguments" timestamp="2026-03-21T03:40:59Z" hostname="runnervm46oaq" tests="1" skipped="0" failures="0" errors="0" time="7.705">
    <testcase time="7.70499999999993" classname="ds.unique_arg_no_arguments" name="simple_ds.unique_no_arguments"/>
  </testsuite>
  <testsuite name="ds.unique::arg::NULL arguments" timestamp="2026-03-21T03:40:59Z" hostname="runnervm46oaq" tests="1" skipped="0" failures="0" errors="0" time="0.011">
    <testcase time="0.0109999999999673" classname="ds.unique_arg_NULL_arguments" name="simple_ds.unique_NULL_arguments"/>
  </testsuite>
  <testsuite name="arg-ds.unList" timestamp="2026-03-21T03:40:59Z" hostname="runnervm46oaq" tests="0" skipped="0" failures="0" errors="0" time="0"/>
  <testsuite name="ds.unList::arg::test errors" timestamp="2026-03-21T03:41:06Z" hostname="runnervm46oaq" tests="1" skipped="0" failures="0" errors="0" time="7.694">
    <testcase time="7.69400000000007" classname="ds.unList_arg_test_errors" name="unList_erros"/>
  </testsuite>
  <testsuite name="arg-ds.var" timestamp="2026-03-21T03:41:07Z" hostname="runnervm46oaq" tests="0" skipped="0" failures="0" errors="0" time="0"/>
  <testsuite name="ds.var::arg::test errors" timestamp="2026-03-21T03:41:14Z" hostname="runnervm46oaq" tests="2" skipped="0" failures="0" errors="0" time="8.927">
    <testcase time="8.55700000000002" classname="ds.var_arg_test_errors" name="var_erros"/>
    <testcase time="0.370000000000005" classname="ds.var_arg_test_errors" name="var_erros"/>
  </testsuite>
  <testsuite name="arg-ds.vectorCalc" timestamp="2026-03-21T03:41:15Z" hostname="runnervm46oaq" tests="0" skipped="0" failures="0" errors="0" time="0"/>
  <testsuite name="ds.vectorCalc::arg::test errors" timestamp="2026-03-21T03:41:23Z" hostname="runnervm46oaq" tests="1" skipped="0" failures="0" errors="0" time="7.7">
    <testcase time="7.69999999999993" classname="ds.vectorCalc_arg_test_errors" name="ds.vectorCalc_erros"/>
  </testsuite>
</testsuites>
